2017-12-26 10:48:51.9090 WS.EKA.Portal.Helpers.CommonRequest.ApiGetWeixinShopConfigList Info 接口[api/getWeixinShopConfigList/]返回值有误
2017-12-26 10:50:33.9049 WS.EKA.Portal.Helpers.CommonRequest.ApiGetWeixinShopConfigList Info 接口[api/getWeixinShopConfigList/]返回值有误
2017-12-26 10:53:38.0257 WS.EKA.Portal.Helpers.CommonRequest.ApiGetWeixinShopConfigList Info 接口[api/getWeixinShopConfigList/]返回值有误
2017-12-26 10:55:32.1415 WS.EKA.Portal.Helpers.CommonRequest.ApiGetWeixinShopConfigList Info 接口[api/getWeixinShopConfigList/]返回值有误
2017-12-26 10:56:22.9413 WS.EKA.Portal.Helpers.CommonRequest.ApiCheckMemLoginIDIsBind Error 接口异常：Newtonsoft.Json.JsonReaderException: Unexpected character encountered while parsing value: 远. Path '', line 0, position 0.
   在 Newtonsoft.Json.JsonTextReader.ParseValue()
   在 Newtonsoft.Json.JsonTextReader.ReadInternal()
   在 Newtonsoft.Json.JsonTextReader.Read()
   在 Newtonsoft.Json.Serialization.JsonSerializerInternalReader.ReadForType(JsonReader reader, JsonContract contract, Boolean hasConverter)
   在 Newtonsoft.Json.Serialization.JsonSerializerInternalReader.Deserialize(JsonReader reader, Type objectType, Boolean checkAdditionalContent)
   在 Newtonsoft.Json.JsonSerializer.DeserializeInternal(JsonReader reader, Type objectType)
   在 Newtonsoft.Json.JsonConvert.DeserializeObject(String value, Type type, JsonSerializerSettings settings)
   在 Newtonsoft.Json.JsonConvert.DeserializeObject[T](String value, JsonSerializerSettings settings)
   在 Newtonsoft.Json.JsonConvert.DeserializeObject[T](String value)
   在 Newtonsoft.Json.JsonConvert.DeserializeAnonymousType[T](String value, T anonymousTypeObject)
   在 WS.EKA.Portal.Helpers.CommonRequest.ApiCheckMemLoginIDIsBind(String memLoginID) 位置 E:\web\门户微信商城811\分销商\WS.EKA.Portal\Helpers\CommonRequest.cs:行号 156
2017-12-26 10:56:22.9843 <no type>.CallSite.Target Info 微信OpenID:
2017-12-26 10:56:28.1780 WS.EKA.Portal.Helpers.CommonRequest.ApiGetWeixinShopConfigList Info 接口[api/getWeixinShopConfigList/]返回值有误
2017-12-26 10:56:35.2574 WS.EKA.Portal.Helpers.CommonRequest.ApiGetWeixinShopConfigList Info 接口[api/getWeixinShopConfigList/]返回值有误
2017-12-26 10:56:40.9415 WS.EKA.Portal.Helpers.CommonRequest.ApiGetWeixinShopConfigList Info 接口[api/getWeixinShopConfigList/]返回值有误
2017-12-26 10:56:47.6836 WS.EKA.Portal.Helpers.CommonRequest.ApiCheckMemLoginIDIsBind Error 接口异常：Newtonsoft.Json.JsonReaderException: Unexpected character encountered while parsing value: 远. Path '', line 0, position 0.
   在 Newtonsoft.Json.JsonTextReader.ParseValue()
   在 Newtonsoft.Json.JsonTextReader.ReadInternal()
   在 Newtonsoft.Json.JsonTextReader.Read()
   在 Newtonsoft.Json.Serialization.JsonSerializerInternalReader.ReadForType(JsonReader reader, JsonContract contract, Boolean hasConverter)
   在 Newtonsoft.Json.Serialization.JsonSerializerInternalReader.Deserialize(JsonReader reader, Type objectType, Boolean checkAdditionalContent)
   在 Newtonsoft.Json.JsonSerializer.DeserializeInternal(JsonReader reader, Type objectType)
   在 Newtonsoft.Json.JsonConvert.DeserializeObject(String value, Type type, JsonSerializerSettings settings)
   在 Newtonsoft.Json.JsonConvert.DeserializeObject[T](String value, JsonSerializerSettings settings)
   在 Newtonsoft.Json.JsonConvert.DeserializeObject[T](String value)
   在 Newtonsoft.Json.JsonConvert.DeserializeAnonymousType[T](String value, T anonymousTypeObject)
   在 WS.EKA.Portal.Helpers.CommonRequest.ApiCheckMemLoginIDIsBind(String memLoginID) 位置 E:\web\门户微信商城811\分销商\WS.EKA.Portal\Helpers\CommonRequest.cs:行号 156
2017-12-26 10:56:47.6836 <no type>.CallSite.Target Info 微信OpenID:
2017-12-26 10:56:50.0077 WS.EKA.Portal.Helpers.CommonRequest.ApiGetWeixinShopConfigList Info 接口[api/getWeixinShopConfigList/]返回值有误
2017-12-26 10:56:52.0165 WS.EKA.Portal.Helpers.CommonRequest.ApiGetWeixinShopConfigList Info 接口[api/getWeixinShopConfigList/]返回值有误
2017-12-26 10:59:52.7142 WS.EKA.Portal.Helpers.CommonRequest.ApiGetWeixinShopConfigList Info 接口[api/getWeixinShopConfigList/]返回值有误
2017-12-26 11:02:29.9739 WS.EKA.Portal.Helpers.CommonRequest.ApiGetWeixinShopConfigList Info 接口[api/getWeixinShopConfigList/]返回值有误
2017-12-26 11:02:37.9001 WS.EKA.Portal.Helpers.CommonRequest.ApiGetWeixinShopConfigList Info 接口[api/getWeixinShopConfigList/]返回值有误
2017-12-26 11:03:42.3522 WS.EKA.Portal.wxpay.pay.Page_Load Info ---------------------------------日志开始----------------------------------------
2017-12-26 11:03:42.3542 WS.EKA.Portal.wxpay.pay.Page_Load Info appid:wx256bc347404257df
2017-12-26 11:03:42.3542 WS.EKA.Portal.wxpay.pay.Page_Load Info body:ORDER201712260335531
2017-12-26 11:03:42.3542 WS.EKA.Portal.wxpay.pay.Page_Load Info mch_id:1480613602
2017-12-26 11:03:42.3542 WS.EKA.Portal.wxpay.pay.Page_Load Info nonce_str:DB85E2590B6109813DAFA101CEB2FAEB
2017-12-26 11:03:42.3542 WS.EKA.Portal.wxpay.pay.Page_Load Info openid:13765843655
2017-12-26 11:03:42.3542 WS.EKA.Portal.wxpay.pay.Page_Load Info notify_url:http://fwx.6868xp.com/PayRetrun/ZFPay/wxpay/WeiXinNotifyUrl.aspx
2017-12-26 11:03:42.3542 WS.EKA.Portal.wxpay.pay.Page_Load Info out_trade_no:201712260335531
2017-12-26 11:03:42.3542 WS.EKA.Portal.wxpay.pay.Page_Load Info spbill_create_ip:183.207.180.14
2017-12-26 11:03:42.3542 WS.EKA.Portal.wxpay.pay.Page_Load Info total_fee:821500
2017-12-26 11:03:42.3542 WS.EKA.Portal.wxpay.pay.Page_Load Info trade_type:JSAPI
2017-12-26 11:03:42.3542 WS.EKA.Portal.wxpay.pay.Page_Load Info XMLValue:FAIL
2017-12-26 11:03:42.3542 WS.EKA.Portal.wxpay.pay.Page_Load Info XMLValue:openid is invalid
2017-12-26 11:03:42.3542 WS.EKA.Portal.wxpay.pay.Page_Load Info ---------------------------------日志结束----------------------------------------
2017-12-26 11:03:42.8817 WS.EKA.Portal.wxpay.pay.Page_Load Info ---------------------------------日志开始----------------------------------------
2017-12-26 11:03:42.8817 WS.EKA.Portal.wxpay.pay.Page_Load Info appid:wx256bc347404257df
2017-12-26 11:03:42.8817 WS.EKA.Portal.wxpay.pay.Page_Load Info body:ORDER201712260335531
2017-12-26 11:03:42.8846 WS.EKA.Portal.wxpay.pay.Page_Load Info mch_id:1480613602
2017-12-26 11:03:42.8846 WS.EKA.Portal.wxpay.pay.Page_Load Info nonce_str:DC912A253D1E9BA40E2C597ED2376640
2017-12-26 11:03:42.8846 WS.EKA.Portal.wxpay.pay.Page_Load Info openid:13765843655
2017-12-26 11:03:42.8846 WS.EKA.Portal.wxpay.pay.Page_Load Info notify_url:http://fwx.6868xp.com/PayRetrun/ZFPay/wxpay/WeiXinNotifyUrl.aspx
2017-12-26 11:03:42.8846 WS.EKA.Portal.wxpay.pay.Page_Load Info out_trade_no:201712260335531
2017-12-26 11:03:42.8846 WS.EKA.Portal.wxpay.pay.Page_Load Info spbill_create_ip:14.17.3.65
2017-12-26 11:03:42.8846 WS.EKA.Portal.wxpay.pay.Page_Load Info total_fee:821500
2017-12-26 11:03:42.8846 WS.EKA.Portal.wxpay.pay.Page_Load Info trade_type:JSAPI
2017-12-26 11:03:42.8846 WS.EKA.Portal.wxpay.pay.Page_Load Info XMLValue:FAIL
2017-12-26 11:03:42.8846 WS.EKA.Portal.wxpay.pay.Page_Load Info XMLValue:openid is invalid
2017-12-26 11:03:42.8846 WS.EKA.Portal.wxpay.pay.Page_Load Info ---------------------------------日志结束----------------------------------------
2017-12-26 11:03:55.6891 WS.EKA.Portal.Helpers.CommonRequest.ApiGetWeixinShopConfigList Info 接口[api/getWeixinShopConfigList/]返回值有误
2017-12-26 11:04:02.9798 WS.EKA.Portal.alipay._default1.PayAlipay Info partner:2088221945942295
2017-12-26 11:04:02.9798 WS.EKA.Portal.alipay._default1.PayAlipay Info seller_id:2088221945942295
2017-12-26 11:04:02.9798 WS.EKA.Portal.alipay._default1.PayAlipay Info _input_charset:utf-8
2017-12-26 11:04:02.9798 WS.EKA.Portal.alipay._default1.PayAlipay Info payment_type:1
2017-12-26 11:04:02.9798 WS.EKA.Portal.alipay._default1.PayAlipay Info notify_url:http://fwx.6868xp.com/PayReturn/alipay/notify_url.aspx
2017-12-26 11:04:02.9798 WS.EKA.Portal.alipay._default1.PayAlipay Info return_url:http://fwx.6868xp.com/PayReturn/alipay/call_back_url.aspx
2017-12-26 11:04:02.9798 WS.EKA.Portal.alipay._default1.PayAlipay Info out_trade_no:201712260335531
2017-12-26 11:04:02.9798 WS.EKA.Portal.alipay._default1.PayAlipay Info subject:订单：201712260335531...
2017-12-26 11:04:02.9798 WS.EKA.Portal.alipay._default1.PayAlipay Info total_fee:8215.00
2017-12-26 11:04:02.9948 WS.EKA.Portal.alipay._default1.PayAlipay Error Default页面异常:System.NullReferenceException: 未将对象引用设置到对象的实例。
   在 Com.Alipay.RSAFromPkcs8.sign(String content, String privateKey, String input_charset) 位置 E:\web\门户微信商城811\分销商\WS.EKA.Portal\PayReturn\ZFPay\alipay\app_code\RSA.cs:行号 36
   在 Com.Alipay.Submit.BuildRequestMysign(Dictionary`2 sPara) 位置 E:\web\门户微信商城811\分销商\WS.EKA.Portal\PayReturn\ZFPay\alipay\app_code\AlipaySubmit.cs:行号 58
   在 Com.Alipay.Submit.BuildRequestPara(SortedDictionary`2 sParaTemp) 位置 E:\web\门户微信商城811\分销商\WS.EKA.Portal\PayReturn\ZFPay\alipay\app_code\AlipaySubmit.cs:行号 84
   在 Com.Alipay.Submit.BuildRequest(SortedDictionary`2 sParaTemp, String strMethod, String strButtonValue) 位置 E:\web\门户微信商城811\分销商\WS.EKA.Portal\PayReturn\ZFPay\alipay\app_code\AlipaySubmit.cs:行号 123
   在 WS.EKA.Portal.alipay._default1.PayAlipay() 位置 E:\web\门户微信商城811\分销商\WS.EKA.Portal\PayReturn\ZFPay\alipay\default.aspx.cs:行号 82
2017-12-26 11:05:02.9388 WS.EKA.Portal.wxpay.pay.Page_Load Info ---------------------------------日志开始----------------------------------------
2017-12-26 11:05:02.9388 WS.EKA.Portal.wxpay.pay.Page_Load Info appid:wx256bc347404257df
2017-12-26 11:05:02.9388 WS.EKA.Portal.wxpay.pay.Page_Load Info body:ORDER201712260335531
2017-12-26 11:05:02.9388 WS.EKA.Portal.wxpay.pay.Page_Load Info mch_id:1480613602
2017-12-26 11:05:02.9388 WS.EKA.Portal.wxpay.pay.Page_Load Info nonce_str:E555EBE0CE426F7F9B2BEF0706315E0C
2017-12-26 11:05:02.9388 WS.EKA.Portal.wxpay.pay.Page_Load Info openid:13765843655
2017-12-26 11:05:02.9388 WS.EKA.Portal.wxpay.pay.Page_Load Info notify_url:http://fwx.6868xp.com/PayRetrun/ZFPay/wxpay/WeiXinNotifyUrl.aspx
2017-12-26 11:05:02.9388 WS.EKA.Portal.wxpay.pay.Page_Load Info out_trade_no:201712260335531
2017-12-26 11:05:02.9388 WS.EKA.Portal.wxpay.pay.Page_Load Info spbill_create_ip:121.51.32.144
2017-12-26 11:05:02.9388 WS.EKA.Portal.wxpay.pay.Page_Load Info total_fee:821500
2017-12-26 11:05:02.9388 WS.EKA.Portal.wxpay.pay.Page_Load Info trade_type:JSAPI
2017-12-26 11:05:02.9388 WS.EKA.Portal.wxpay.pay.Page_Load Info XMLValue:FAIL
2017-12-26 11:05:02.9478 WS.EKA.Portal.wxpay.pay.Page_Load Info XMLValue:openid is invalid
2017-12-26 11:05:02.9478 WS.EKA.Portal.wxpay.pay.Page_Load Info ---------------------------------日志结束----------------------------------------
2017-12-26 11:07:00.5547 WS.EKA.Portal.Helpers.CommonRequest.ApiGetWeixinShopConfigList Info 接口[api/getWeixinShopConfigList/]返回值有误
2017-12-26 11:07:48.6920 WS.EKA.Portal.Helpers.CommonRequest.ApiGetWeixinShopConfigList Info 接口[api/getWeixinShopConfigList/]返回值有误
2017-12-26 11:08:11.3004 WS.EKA.Portal.Helpers.CommonRequest.ApiGetWeixinShopConfigList Info 接口[api/getWeixinShopConfigList/]返回值有误
2017-12-26 11:08:28.9293 WS.EKA.Portal.Helpers.CommonRequest.ApiGetWeixinShopConfigList Info 接口[api/getWeixinShopConfigList/]返回值有误
2017-12-26 11:08:34.3662 WS.EKA.Portal.alipay._default1.PayAlipay Info partner:2088221945942295
2017-12-26 11:08:34.3692 WS.EKA.Portal.alipay._default1.PayAlipay Info seller_id:2088221945942295
2017-12-26 11:08:34.3692 WS.EKA.Portal.alipay._default1.PayAlipay Info _input_charset:utf-8
2017-12-26 11:08:34.3692 WS.EKA.Portal.alipay._default1.PayAlipay Info payment_type:1
2017-12-26 11:08:34.3692 WS.EKA.Portal.alipay._default1.PayAlipay Info notify_url:http://fwx.6868xp.com/PayReturn/alipay/notify_url.aspx
2017-12-26 11:08:34.3692 WS.EKA.Portal.alipay._default1.PayAlipay Info return_url:http://fwx.6868xp.com/PayReturn/alipay/call_back_url.aspx
2017-12-26 11:08:34.3692 WS.EKA.Portal.alipay._default1.PayAlipay Info out_trade_no:201712260335531
2017-12-26 11:08:34.3692 WS.EKA.Portal.alipay._default1.PayAlipay Info subject:订单：201712260335531...
2017-12-26 11:08:34.3692 WS.EKA.Portal.alipay._default1.PayAlipay Info total_fee:8215.00
2017-12-26 11:08:34.3692 WS.EKA.Portal.alipay._default1.PayAlipay Error Default页面异常:System.NullReferenceException: 未将对象引用设置到对象的实例。
   在 Com.Alipay.RSAFromPkcs8.sign(String content, String privateKey, String input_charset) 位置 E:\web\门户微信商城811\分销商\WS.EKA.Portal\PayReturn\ZFPay\alipay\app_code\RSA.cs:行号 36
   在 Com.Alipay.Submit.BuildRequestMysign(Dictionary`2 sPara) 位置 E:\web\门户微信商城811\分销商\WS.EKA.Portal\PayReturn\ZFPay\alipay\app_code\AlipaySubmit.cs:行号 58
   在 Com.Alipay.Submit.BuildRequestPara(SortedDictionary`2 sParaTemp) 位置 E:\web\门户微信商城811\分销商\WS.EKA.Portal\PayReturn\ZFPay\alipay\app_code\AlipaySubmit.cs:行号 84
   在 Com.Alipay.Submit.BuildRequest(SortedDictionary`2 sParaTemp, String strMethod, String strButtonValue) 位置 E:\web\门户微信商城811\分销商\WS.EKA.Portal\PayReturn\ZFPay\alipay\app_code\AlipaySubmit.cs:行号 123
   在 WS.EKA.Portal.alipay._default1.PayAlipay() 位置 E:\web\门户微信商城811\分销商\WS.EKA.Portal\PayReturn\ZFPay\alipay\default.aspx.cs:行号 82
2017-12-26 11:09:55.3491 WS.EKA.Portal.Helpers.CommonRequest.ApiGetWeixinShopConfigList Info 接口[api/getWeixinShopConfigList/]返回值有误
2017-12-26 11:09:55.8246 WS.EKA.Portal.Helpers.CommonRequest.ApiGetWeixinShopConfigList Info 接口[api/getWeixinShopConfigList/]返回值有误
2017-12-26 11:09:55.9537 WS.EKA.Portal.Helpers.CommonRequest.ApiGetWeixinShopConfigList Info 接口[api/getWeixinShopConfigList/]返回值有误
2017-12-26 11:09:56.1368 WS.EKA.Portal.Helpers.CommonRequest.ApiGetWeixinShopConfigList Info 接口[api/getWeixinShopConfigList/]返回值有误
2017-12-26 11:09:56.7994 WS.EKA.Portal.alipay._default1.PayAlipay Error Default页面异常:System.NullReferenceException: 未将对象引用设置到对象的实例。
   在 WS.EKA.Portal.alipay._default1.PayAlipay() 位置 E:\web\门户微信商城811\分销商\WS.EKA.Portal\PayReturn\ZFPay\alipay\default.aspx.cs:行号 45
2017-12-26 11:10:11.0053 WS.EKA.Portal.Helpers.CommonRequest.ApiGetWeixinShopConfigList Info 接口[api/getWeixinShopConfigList/]返回值有误
2017-12-26 11:10:32.5817 WS.EKA.Portal.alipay._default1.PayAlipay Info partner:2088221945942295
2017-12-26 11:10:32.9650 WS.EKA.Portal.alipay._default1.PayAlipay Info seller_id:2088221945942295
2017-12-26 11:10:36.0568 WS.EKA.Portal.alipay._default1.PayAlipay Info _input_charset:utf-8
2017-12-26 11:10:36.5733 WS.EKA.Portal.alipay._default1.PayAlipay Info payment_type:1
2017-12-26 11:11:14.2882 WS.EKA.Portal.alipay._default1.PayAlipay Info notify_url:http://fwx.6868xp.com/PayReturn/alipay/notify_url.aspx
2017-12-26 11:11:14.5655 WS.EKA.Portal.alipay._default1.PayAlipay Info return_url:http://fwx.6868xp.com/PayReturn/alipay/call_back_url.aspx
2017-12-26 11:11:14.7817 WS.EKA.Portal.alipay._default1.PayAlipay Info out_trade_no:201712260335531
2017-12-26 11:11:15.0830 WS.EKA.Portal.alipay._default1.PayAlipay Info subject:订单：201712260335531...
2017-12-26 11:11:15.4603 WS.EKA.Portal.alipay._default1.PayAlipay Info total_fee:8215.00
2017-12-26 11:11:57.3280 WS.EKA.Portal.alipay._default1.PayAlipay Error Default页面异常:System.NullReferenceException: 未将对象引用设置到对象的实例。
   在 Com.Alipay.RSAFromPkcs8.sign(String content, String privateKey, String input_charset) 位置 E:\web\门户微信商城811\分销商\WS.EKA.Portal\PayReturn\ZFPay\alipay\app_code\RSA.cs:行号 36
   在 Com.Alipay.Submit.BuildRequestMysign(Dictionary`2 sPara) 位置 E:\web\门户微信商城811\分销商\WS.EKA.Portal\PayReturn\ZFPay\alipay\app_code\AlipaySubmit.cs:行号 58
   在 Com.Alipay.Submit.BuildRequestPara(SortedDictionary`2 sParaTemp) 位置 E:\web\门户微信商城811\分销商\WS.EKA.Portal\PayReturn\ZFPay\alipay\app_code\AlipaySubmit.cs:行号 84
   在 Com.Alipay.Submit.BuildRequest(SortedDictionary`2 sParaTemp, String strMethod, String strButtonValue) 位置 E:\web\门户微信商城811\分销商\WS.EKA.Portal\PayReturn\ZFPay\alipay\app_code\AlipaySubmit.cs:行号 123
   在 WS.EKA.Portal.alipay._default1.PayAlipay() 位置 E:\web\门户微信商城811\分销商\WS.EKA.Portal\PayReturn\ZFPay\alipay\default.aspx.cs:行号 82
2017-12-26 11:12:21.4147 WS.EKA.Portal.Helpers.CommonRequest.ApiGetWeixinShopConfigList Info 接口[api/getWeixinShopConfigList/]返回值有误
2017-12-26 11:12:58.2349 WS.EKA.Portal.alipay._default1.PayAlipay Info partner:2088221945942295
2017-12-26 11:12:58.2469 WS.EKA.Portal.alipay._default1.PayAlipay Info seller_id:2088221945942295
2017-12-26 11:12:58.2469 WS.EKA.Portal.alipay._default1.PayAlipay Info _input_charset:utf-8
2017-12-26 11:12:58.2469 WS.EKA.Portal.alipay._default1.PayAlipay Info payment_type:1
2017-12-26 11:12:58.2469 WS.EKA.Portal.alipay._default1.PayAlipay Info notify_url:http://fwx.6868xp.com/PayReturn/alipay/notify_url.aspx
2017-12-26 11:12:58.2649 WS.EKA.Portal.alipay._default1.PayAlipay Info return_url:http://fwx.6868xp.com/PayReturn/alipay/call_back_url.aspx
2017-12-26 11:12:58.2649 WS.EKA.Portal.alipay._default1.PayAlipay Info out_trade_no:201712260335531
2017-12-26 11:12:58.2649 WS.EKA.Portal.alipay._default1.PayAlipay Info subject:订单：201712260335531...
2017-12-26 11:12:58.2649 WS.EKA.Portal.alipay._default1.PayAlipay Info total_fee:8215.00
2017-12-26 11:13:36.2591 WS.EKA.Portal.alipay._default1.PayAlipay Error Default页面异常:System.NullReferenceException: 未将对象引用设置到对象的实例。
   在 Com.Alipay.RSAFromPkcs8.sign(String content, String privateKey, String input_charset) 位置 E:\web\门户微信商城811\分销商\WS.EKA.Portal\PayReturn\ZFPay\alipay\app_code\RSA.cs:行号 36
   在 Com.Alipay.Submit.BuildRequestMysign(Dictionary`2 sPara) 位置 E:\web\门户微信商城811\分销商\WS.EKA.Portal\PayReturn\ZFPay\alipay\app_code\AlipaySubmit.cs:行号 58
   在 Com.Alipay.Submit.BuildRequestPara(SortedDictionary`2 sParaTemp) 位置 E:\web\门户微信商城811\分销商\WS.EKA.Portal\PayReturn\ZFPay\alipay\app_code\AlipaySubmit.cs:行号 84
   在 Com.Alipay.Submit.BuildRequest(SortedDictionary`2 sParaTemp, String strMethod, String strButtonValue) 位置 E:\web\门户微信商城811\分销商\WS.EKA.Portal\PayReturn\ZFPay\alipay\app_code\AlipaySubmit.cs:行号 123
   在 WS.EKA.Portal.alipay._default1.PayAlipay() 位置 E:\web\门户微信商城811\分销商\WS.EKA.Portal\PayReturn\ZFPay\alipay\default.aspx.cs:行号 82
2017-12-26 11:13:40.4489 WS.EKA.Portal.alipay._default1.PayAlipay Info partner:2088221945942295
2017-12-26 11:13:40.4489 WS.EKA.Portal.alipay._default1.PayAlipay Info seller_id:2088221945942295
2017-12-26 11:13:40.4489 WS.EKA.Portal.alipay._default1.PayAlipay Info _input_charset:utf-8
2017-12-26 11:13:40.4489 WS.EKA.Portal.alipay._default1.PayAlipay Info payment_type:1
2017-12-26 11:13:40.4489 WS.EKA.Portal.alipay._default1.PayAlipay Info notify_url:http://fwx.6868xp.com/PayReturn/alipay/notify_url.aspx
2017-12-26 11:13:40.4489 WS.EKA.Portal.alipay._default1.PayAlipay Info return_url:http://fwx.6868xp.com/PayReturn/alipay/call_back_url.aspx
2017-12-26 11:13:40.4489 WS.EKA.Portal.alipay._default1.PayAlipay Info out_trade_no:201712260335531
2017-12-26 11:13:40.4489 WS.EKA.Portal.alipay._default1.PayAlipay Info subject:订单：201712260335531...
2017-12-26 11:13:40.4489 WS.EKA.Portal.alipay._default1.PayAlipay Info total_fee:8215.00
2017-12-26 11:16:55.2184 WS.EKA.Portal.alipay._default1.PayAlipay Error Default页面异常:System.NullReferenceException: 未将对象引用设置到对象的实例。
   在 Com.Alipay.RSAFromPkcs8.sign(String content, String privateKey, String input_charset)
   在 Com.Alipay.Submit.BuildRequestMysign(Dictionary`2 sPara)
   在 Com.Alipay.Submit.BuildRequestPara(SortedDictionary`2 sParaTemp)
   在 Com.Alipay.Submit.BuildRequest(SortedDictionary`2 sParaTemp, String strMethod, String strButtonValue)
   在 WS.EKA.Portal.alipay._default1.PayAlipay()
2017-12-26 11:16:56.5606 WS.EKA.Portal.alipay._default1.PayAlipay Info partner:2088221945942295
2017-12-26 11:16:56.5606 WS.EKA.Portal.alipay._default1.PayAlipay Info seller_id:2088221945942295
2017-12-26 11:16:56.5606 WS.EKA.Portal.alipay._default1.PayAlipay Info _input_charset:utf-8
2017-12-26 11:16:56.5606 WS.EKA.Portal.alipay._default1.PayAlipay Info payment_type:1
2017-12-26 11:16:56.5606 WS.EKA.Portal.alipay._default1.PayAlipay Info notify_url:http://fwx.6868xp.com/PayReturn/alipay/notify_url.aspx
2017-12-26 11:16:56.5606 WS.EKA.Portal.alipay._default1.PayAlipay Info return_url:http://fwx.6868xp.com/PayReturn/alipay/call_back_url.aspx
2017-12-26 11:16:56.5606 WS.EKA.Portal.alipay._default1.PayAlipay Info out_trade_no:201712260335531
2017-12-26 11:16:56.5606 WS.EKA.Portal.alipay._default1.PayAlipay Info subject:订单：201712260335531...
2017-12-26 11:16:56.5606 WS.EKA.Portal.alipay._default1.PayAlipay Info total_fee:8215.00
2017-12-26 11:19:46.6318 WS.EKA.Portal.alipay._default1.PayAlipay Error Default页面异常:System.NullReferenceException: 未将对象引用设置到对象的实例。
   在 Com.Alipay.RSAFromPkcs8.sign(String content, String privateKey, String input_charset)
   在 Com.Alipay.Submit.BuildRequestMysign(Dictionary`2 sPara)
   在 Com.Alipay.Submit.BuildRequestPara(SortedDictionary`2 sParaTemp)
   在 Com.Alipay.Submit.BuildRequest(SortedDictionary`2 sParaTemp, String strMethod, String strButtonValue)
   在 WS.EKA.Portal.alipay._default1.PayAlipay()
2017-12-26 11:20:08.3213 WS.EKA.Portal.alipay._default1.PayAlipay Info partner:2088221945942295
2017-12-26 11:20:08.3223 WS.EKA.Portal.alipay._default1.PayAlipay Info seller_id:2088221945942295
2017-12-26 11:20:08.3223 WS.EKA.Portal.alipay._default1.PayAlipay Info _input_charset:utf-8
2017-12-26 11:20:08.3223 WS.EKA.Portal.alipay._default1.PayAlipay Info payment_type:1
2017-12-26 11:20:08.3223 WS.EKA.Portal.alipay._default1.PayAlipay Info notify_url:http://fwx.6868xp.com/PayReturn/alipay/notify_url.aspx
2017-12-26 11:20:08.3223 WS.EKA.Portal.alipay._default1.PayAlipay Info return_url:http://fwx.6868xp.com/PayReturn/alipay/call_back_url.aspx
2017-12-26 11:20:08.3223 WS.EKA.Portal.alipay._default1.PayAlipay Info out_trade_no:201712260335531
2017-12-26 11:20:08.3223 WS.EKA.Portal.alipay._default1.PayAlipay Info subject:订单：201712260335531...
2017-12-26 11:20:08.3223 WS.EKA.Portal.alipay._default1.PayAlipay Info total_fee:8215.00
2017-12-26 11:22:50.2422 WS.EKA.Portal.alipay._default1.PayAlipay Error Default页面异常:System.NullReferenceException: 未将对象引用设置到对象的实例。
   在 Com.Alipay.RSAFromPkcs8.sign(String content, String privateKey, String input_charset)
   在 Com.Alipay.Submit.BuildRequestMysign(Dictionary`2 sPara)
   在 Com.Alipay.Submit.BuildRequestPara(SortedDictionary`2 sParaTemp)
   在 Com.Alipay.Submit.BuildRequest(SortedDictionary`2 sParaTemp, String strMethod, String strButtonValue)
   在 WS.EKA.Portal.alipay._default1.PayAlipay()
2017-12-26 11:23:38.6869 WS.EKA.Portal.alipay._default1.PayAlipay Info partner:2088221945942295
2017-12-26 11:23:38.6869 WS.EKA.Portal.alipay._default1.PayAlipay Info seller_id:2088221945942295
2017-12-26 11:23:38.6869 WS.EKA.Portal.alipay._default1.PayAlipay Info _input_charset:utf-8
2017-12-26 11:23:38.6869 WS.EKA.Portal.alipay._default1.PayAlipay Info payment_type:1
2017-12-26 11:23:38.6869 WS.EKA.Portal.alipay._default1.PayAlipay Info notify_url:http://fwx.6868xp.com/PayReturn/alipay/notify_url.aspx
2017-12-26 11:23:38.6869 WS.EKA.Portal.alipay._default1.PayAlipay Info return_url:http://fwx.6868xp.com/PayReturn/alipay/call_back_url.aspx
2017-12-26 11:23:38.6869 WS.EKA.Portal.alipay._default1.PayAlipay Info out_trade_no:201712260335531
2017-12-26 11:23:38.6869 WS.EKA.Portal.alipay._default1.PayAlipay Info subject:订单：201712260335531...
2017-12-26 11:23:38.6869 WS.EKA.Portal.alipay._default1.PayAlipay Info total_fee:8215.00
2017-12-26 11:27:44.9027 WS.EKA.Portal.Helpers.CommonRequest.ApiGetWeixinShopConfigList Info 接口[api/getWeixinShopConfigList/]返回值有误
2017-12-26 14:50:39.9761 WS.EKA.Portal.alipay._default1.PayAlipay Error Default页面异常:System.NullReferenceException: 未将对象引用设置到对象的实例。
   在 Com.Alipay.RSAFromPkcs8.sign(String content, String privateKey, String input_charset)
   在 Com.Alipay.Submit.BuildRequestMysign(Dictionary`2 sPara)
   在 Com.Alipay.Submit.BuildRequestPara(SortedDictionary`2 sParaTemp)
   在 Com.Alipay.Submit.BuildRequest(SortedDictionary`2 sParaTemp, String strMethod, String strButtonValue)
   在 WS.EKA.Portal.alipay._default1.PayAlipay()
2017-12-26 14:51:33.4383 WS.EKA.Portal.alipay._default1.PayAlipay Info partner:2088221945942295
2017-12-26 14:51:33.4383 WS.EKA.Portal.alipay._default1.PayAlipay Info seller_id:2088221945942295
2017-12-26 14:51:33.4383 WS.EKA.Portal.alipay._default1.PayAlipay Info _input_charset:utf-8
2017-12-26 14:51:33.4383 WS.EKA.Portal.alipay._default1.PayAlipay Info payment_type:1
2017-12-26 14:51:33.4383 WS.EKA.Portal.alipay._default1.PayAlipay Info notify_url:http://fwx.6868xp.com/PayReturn/alipay/notify_url.aspx
2017-12-26 14:51:33.4383 WS.EKA.Portal.alipay._default1.PayAlipay Info return_url:http://fwx.6868xp.com/PayReturn/alipay/call_back_url.aspx
2017-12-26 14:51:33.4383 WS.EKA.Portal.alipay._default1.PayAlipay Info out_trade_no:201712260335531
2017-12-26 14:51:33.4383 WS.EKA.Portal.alipay._default1.PayAlipay Info subject:订单：201712260335531...
2017-12-26 14:51:33.4383 WS.EKA.Portal.alipay._default1.PayAlipay Info total_fee:8215.00
2017-12-26 14:53:03.4423 WS.EKA.Portal.Helpers.CommonRequest.ApiGetWeixinShopConfigList Info 接口[api/getWeixinShopConfigList/]返回值有误
2017-12-26 14:54:00.3256 WS.EKA.Portal.Helpers.CommonRequest.ApiGetWeixinShopConfigList Info 接口[api/getWeixinShopConfigList/]返回值有误
2017-12-26 14:54:23.1532 WS.EKA.Portal.wxpay.pay.Page_Load Info ---------------------------------日志开始----------------------------------------
2017-12-26 14:54:23.1532 WS.EKA.Portal.wxpay.pay.Page_Load Info appid:wx256bc347404257df
2017-12-26 14:54:23.1532 WS.EKA.Portal.wxpay.pay.Page_Load Info body:ORDER201712251658189
2017-12-26 14:54:23.1532 WS.EKA.Portal.wxpay.pay.Page_Load Info mch_id:1480613602
2017-12-26 14:54:23.1532 WS.EKA.Portal.wxpay.pay.Page_Load Info nonce_str:202CB962AC59075B964B07152D234B70
2017-12-26 14:54:23.1532 WS.EKA.Portal.wxpay.pay.Page_Load Info openid:null
2017-12-26 14:54:23.1532 WS.EKA.Portal.wxpay.pay.Page_Load Info notify_url:http://fwx.6868xp.com/PayRetrun/ZFPay/wxpay/WeiXinNotifyUrl.aspx
2017-12-26 14:54:23.1532 WS.EKA.Portal.wxpay.pay.Page_Load Info out_trade_no:201712251658189
2017-12-26 14:54:23.1532 WS.EKA.Portal.wxpay.pay.Page_Load Info spbill_create_ip:::1
2017-12-26 14:54:23.1532 WS.EKA.Portal.wxpay.pay.Page_Load Info total_fee:131700
2017-12-26 14:54:23.1532 WS.EKA.Portal.wxpay.pay.Page_Load Info trade_type:JSAPI
2017-12-26 14:54:23.1532 WS.EKA.Portal.wxpay.pay.Page_Load Info XMLValue:FAIL
2017-12-26 14:54:23.1532 WS.EKA.Portal.wxpay.pay.Page_Load Info XMLValue:openid is invalid
2017-12-26 14:54:23.1532 WS.EKA.Portal.wxpay.pay.Page_Load Info ---------------------------------日志结束----------------------------------------
2017-12-26 14:54:32.7528 WS.EKA.Portal.wxpay.pay.Page_Load Info ---------------------------------日志开始----------------------------------------
2017-12-26 14:54:32.7528 WS.EKA.Portal.wxpay.pay.Page_Load Info appid:wx256bc347404257df
2017-12-26 14:54:32.7528 WS.EKA.Portal.wxpay.pay.Page_Load Info body:ORDER201712251658189
2017-12-26 14:54:32.7528 WS.EKA.Portal.wxpay.pay.Page_Load Info mch_id:1480613602
2017-12-26 14:54:32.7528 WS.EKA.Portal.wxpay.pay.Page_Load Info nonce_str:4EA06FBC83CDD0A06020C35D50E1E89A
2017-12-26 14:54:32.7528 WS.EKA.Portal.wxpay.pay.Page_Load Info openid:null
2017-12-26 14:54:32.7528 WS.EKA.Portal.wxpay.pay.Page_Load Info notify_url:http://fwx.6868xp.com/PayRetrun/ZFPay/wxpay/WeiXinNotifyUrl.aspx
2017-12-26 14:54:32.7528 WS.EKA.Portal.wxpay.pay.Page_Load Info out_trade_no:201712251658189
2017-12-26 14:54:32.7598 WS.EKA.Portal.wxpay.pay.Page_Load Info spbill_create_ip:::1
2017-12-26 14:54:32.7598 WS.EKA.Portal.wxpay.pay.Page_Load Info total_fee:131700
2017-12-26 14:54:32.7598 WS.EKA.Portal.wxpay.pay.Page_Load Info trade_type:JSAPI
2017-12-26 14:54:32.7598 WS.EKA.Portal.wxpay.pay.Page_Load Info XMLValue:FAIL
2017-12-26 14:54:32.7598 WS.EKA.Portal.wxpay.pay.Page_Load Info XMLValue:openid is invalid
2017-12-26 14:54:32.7598 WS.EKA.Portal.wxpay.pay.Page_Load Info ---------------------------------日志结束----------------------------------------
2017-12-26 14:54:52.8179 WS.EKA.Portal.wxpay.pay.Page_Load Info ---------------------------------日志开始----------------------------------------
2017-12-26 14:54:52.8179 WS.EKA.Portal.wxpay.pay.Page_Load Info appid:wx256bc347404257df
2017-12-26 14:54:52.8179 WS.EKA.Portal.wxpay.pay.Page_Load Info body:ORDER201712251658189
2017-12-26 14:54:52.8179 WS.EKA.Portal.wxpay.pay.Page_Load Info mch_id:1480613602
2017-12-26 14:54:52.8179 WS.EKA.Portal.wxpay.pay.Page_Load Info nonce_str:4E732CED3463D06DE0CA9A15B6153677
2017-12-26 14:54:52.8229 WS.EKA.Portal.wxpay.pay.Page_Load Info openid:null
2017-12-26 14:54:52.8229 WS.EKA.Portal.wxpay.pay.Page_Load Info notify_url:http://fwx.6868xp.com/PayRetrun/ZFPay/wxpay/WeiXinNotifyUrl.aspx
2017-12-26 14:54:52.8229 WS.EKA.Portal.wxpay.pay.Page_Load Info out_trade_no:201712251658189
2017-12-26 14:54:52.8229 WS.EKA.Portal.wxpay.pay.Page_Load Info spbill_create_ip:::1
2017-12-26 14:54:52.8229 WS.EKA.Portal.wxpay.pay.Page_Load Info total_fee:131700
2017-12-26 14:54:52.8229 WS.EKA.Portal.wxpay.pay.Page_Load Info trade_type:JSAPI
2017-12-26 14:54:52.8229 WS.EKA.Portal.wxpay.pay.Page_Load Info XMLValue:FAIL
2017-12-26 14:54:52.8229 WS.EKA.Portal.wxpay.pay.Page_Load Info XMLValue:openid is invalid
2017-12-26 14:54:52.8229 WS.EKA.Portal.wxpay.pay.Page_Load Info ---------------------------------日志结束----------------------------------------
2017-12-26 14:55:09.0675 WS.EKA.Portal.wxpay.pay.Page_Load Info ---------------------------------日志开始----------------------------------------
2017-12-26 14:55:09.0675 WS.EKA.Portal.wxpay.pay.Page_Load Info appid:wx256bc347404257df
2017-12-26 14:55:09.0675 WS.EKA.Portal.wxpay.pay.Page_Load Info body:ORDER201712251658189
2017-12-26 14:55:09.0675 WS.EKA.Portal.wxpay.pay.Page_Load Info mch_id:1480613602
2017-12-26 14:55:09.0675 WS.EKA.Portal.wxpay.pay.Page_Load Info nonce_str:E4A6222CDB5B34375400904F03D8E6A5
2017-12-26 14:55:09.0675 WS.EKA.Portal.wxpay.pay.Page_Load Info openid:null
2017-12-26 14:55:09.0725 WS.EKA.Portal.wxpay.pay.Page_Load Info notify_url:http://fwx.6868xp.com/PayRetrun/ZFPay/wxpay/WeiXinNotifyUrl.aspx
2017-12-26 14:55:09.0725 WS.EKA.Portal.wxpay.pay.Page_Load Info out_trade_no:201712251658189
2017-12-26 14:55:09.0725 WS.EKA.Portal.wxpay.pay.Page_Load Info spbill_create_ip:::1
2017-12-26 14:55:09.0725 WS.EKA.Portal.wxpay.pay.Page_Load Info total_fee:131700
2017-12-26 14:55:09.0725 WS.EKA.Portal.wxpay.pay.Page_Load Info trade_type:JSAPI
2017-12-26 14:55:09.0725 WS.EKA.Portal.wxpay.pay.Page_Load Info XMLValue:FAIL
2017-12-26 14:55:09.0725 WS.EKA.Portal.wxpay.pay.Page_Load Info XMLValue:openid is invalid
2017-12-26 14:55:09.0725 WS.EKA.Portal.wxpay.pay.Page_Load Info ---------------------------------日志结束----------------------------------------
2017-12-26 14:55:19.4328 WS.EKA.Portal.Helpers.CommonRequest.ApiGetWeixinShopConfigList Info 接口[api/getWeixinShopConfigList/]返回值有误
2017-12-26 14:55:34.4564 WS.EKA.Portal.alipay._default1.PayAlipay Info partner:2088221945942295
2017-12-26 14:55:34.4564 WS.EKA.Portal.alipay._default1.PayAlipay Info seller_id:2088221945942295
2017-12-26 14:55:34.4564 WS.EKA.Portal.alipay._default1.PayAlipay Info _input_charset:utf-8
2017-12-26 14:55:34.4564 WS.EKA.Portal.alipay._default1.PayAlipay Info payment_type:1
2017-12-26 14:55:34.4564 WS.EKA.Portal.alipay._default1.PayAlipay Info notify_url:http://fwx.6868xp.com/PayReturn/alipay/notify_url.aspx
2017-12-26 14:55:34.4564 WS.EKA.Portal.alipay._default1.PayAlipay Info return_url:http://fwx.6868xp.com/PayReturn/alipay/call_back_url.aspx
2017-12-26 14:55:34.4564 WS.EKA.Portal.alipay._default1.PayAlipay Info out_trade_no:201712251658189
2017-12-26 14:55:34.4564 WS.EKA.Portal.alipay._default1.PayAlipay Info subject:订单：201712251658189...
2017-12-26 14:55:34.4564 WS.EKA.Portal.alipay._default1.PayAlipay Info total_fee:1317.00
2017-12-26 14:56:40.1876 WS.EKA.Portal.alipay._default1.PayAlipay Error Default页面异常:System.NullReferenceException: 未将对象引用设置到对象的实例。
   在 Com.Alipay.RSAFromPkcs8.sign(String content, String privateKey, String input_charset) 位置 E:\web\门户微信商城811\分销商\WS.EKA.Portal\PayReturn\ZFPay\alipay\app_code\RSA.cs:行号 36
   在 Com.Alipay.Submit.BuildRequestMysign(Dictionary`2 sPara) 位置 E:\web\门户微信商城811\分销商\WS.EKA.Portal\PayReturn\ZFPay\alipay\app_code\AlipaySubmit.cs:行号 58
   在 Com.Alipay.Submit.BuildRequestPara(SortedDictionary`2 sParaTemp) 位置 E:\web\门户微信商城811\分销商\WS.EKA.Portal\PayReturn\ZFPay\alipay\app_code\AlipaySubmit.cs:行号 84
   在 Com.Alipay.Submit.BuildRequest(SortedDictionary`2 sParaTemp, String strMethod, String strButtonValue) 位置 E:\web\门户微信商城811\分销商\WS.EKA.Portal\PayReturn\ZFPay\alipay\app_code\AlipaySubmit.cs:行号 123
   在 WS.EKA.Portal.alipay._default1.PayAlipay() 位置 E:\web\门户微信商城811\分销商\WS.EKA.Portal\PayReturn\ZFPay\alipay\default.aspx.cs:行号 82
2017-12-26 14:56:46.0088 WS.EKA.Portal.alipay._default1.PayAlipay Info partner:2088221945942295
2017-12-26 14:56:46.0108 WS.EKA.Portal.alipay._default1.PayAlipay Info seller_id:2088221945942295
2017-12-26 14:56:46.0108 WS.EKA.Portal.alipay._default1.PayAlipay Info _input_charset:utf-8
2017-12-26 14:56:46.0108 WS.EKA.Portal.alipay._default1.PayAlipay Info payment_type:1
2017-12-26 14:56:46.0108 WS.EKA.Portal.alipay._default1.PayAlipay Info notify_url:http://fwx.6868xp.com/PayReturn/alipay/notify_url.aspx
2017-12-26 14:56:46.0108 WS.EKA.Portal.alipay._default1.PayAlipay Info return_url:http://fwx.6868xp.com/PayReturn/alipay/call_back_url.aspx
2017-12-26 14:56:46.0108 WS.EKA.Portal.alipay._default1.PayAlipay Info out_trade_no:201712251658189
2017-12-26 14:56:46.0108 WS.EKA.Portal.alipay._default1.PayAlipay Info subject:订单：201712251658189...
2017-12-26 14:56:46.0108 WS.EKA.Portal.alipay._default1.PayAlipay Info total_fee:1317.00
2017-12-26 14:57:31.4438 WS.EKA.Portal.alipay._default1.PayAlipay Error Default页面异常:System.NullReferenceException: 未将对象引用设置到对象的实例。
   在 Com.Alipay.RSAFromPkcs8.sign(String content, String privateKey, String input_charset) 位置 E:\web\门户微信商城811\分销商\WS.EKA.Portal\PayReturn\ZFPay\alipay\app_code\RSA.cs:行号 36
   在 Com.Alipay.Submit.BuildRequestMysign(Dictionary`2 sPara) 位置 E:\web\门户微信商城811\分销商\WS.EKA.Portal\PayReturn\ZFPay\alipay\app_code\AlipaySubmit.cs:行号 58
   在 Com.Alipay.Submit.BuildRequestPara(SortedDictionary`2 sParaTemp) 位置 E:\web\门户微信商城811\分销商\WS.EKA.Portal\PayReturn\ZFPay\alipay\app_code\AlipaySubmit.cs:行号 84
   在 Com.Alipay.Submit.BuildRequest(SortedDictionary`2 sParaTemp, String strMethod, String strButtonValue) 位置 E:\web\门户微信商城811\分销商\WS.EKA.Portal\PayReturn\ZFPay\alipay\app_code\AlipaySubmit.cs:行号 123
   在 WS.EKA.Portal.alipay._default1.PayAlipay() 位置 E:\web\门户微信商城811\分销商\WS.EKA.Portal\PayReturn\ZFPay\alipay\default.aspx.cs:行号 82
2017-12-26 14:57:36.4713 WS.EKA.Portal.alipay._default1.PayAlipay Info partner:2088221945942295
2017-12-26 14:57:36.4713 WS.EKA.Portal.alipay._default1.PayAlipay Info seller_id:2088221945942295
2017-12-26 14:57:36.4713 WS.EKA.Portal.alipay._default1.PayAlipay Info _input_charset:utf-8
2017-12-26 14:57:36.4713 WS.EKA.Portal.alipay._default1.PayAlipay Info payment_type:1
2017-12-26 14:57:36.4713 WS.EKA.Portal.alipay._default1.PayAlipay Info notify_url:http://fwx.6868xp.com/PayReturn/alipay/notify_url.aspx
2017-12-26 14:57:36.4713 WS.EKA.Portal.alipay._default1.PayAlipay Info return_url:http://fwx.6868xp.com/PayReturn/alipay/call_back_url.aspx
2017-12-26 14:57:36.4713 WS.EKA.Portal.alipay._default1.PayAlipay Info out_trade_no:201712251658189
2017-12-26 14:57:36.4713 WS.EKA.Portal.alipay._default1.PayAlipay Info subject:订单：201712251658189...
2017-12-26 14:57:36.4713 WS.EKA.Portal.alipay._default1.PayAlipay Info total_fee:1317.00
2017-12-26 14:59:09.8014 WS.EKA.Portal.alipay._default1.PayAlipay Error Default页面异常:System.NullReferenceException: 未将对象引用设置到对象的实例。
   在 Com.Alipay.RSAFromPkcs8.sign(String content, String privateKey, String input_charset) 位置 E:\web\门户微信商城811\分销商\WS.EKA.Portal\PayReturn\ZFPay\alipay\app_code\RSA.cs:行号 36
   在 Com.Alipay.Submit.BuildRequestMysign(Dictionary`2 sPara) 位置 E:\web\门户微信商城811\分销商\WS.EKA.Portal\PayReturn\ZFPay\alipay\app_code\AlipaySubmit.cs:行号 58
   在 Com.Alipay.Submit.BuildRequestPara(SortedDictionary`2 sParaTemp) 位置 E:\web\门户微信商城811\分销商\WS.EKA.Portal\PayReturn\ZFPay\alipay\app_code\AlipaySubmit.cs:行号 84
   在 Com.Alipay.Submit.BuildRequest(SortedDictionary`2 sParaTemp, String strMethod, String strButtonValue) 位置 E:\web\门户微信商城811\分销商\WS.EKA.Portal\PayReturn\ZFPay\alipay\app_code\AlipaySubmit.cs:行号 123
   在 WS.EKA.Portal.alipay._default1.PayAlipay() 位置 E:\web\门户微信商城811\分销商\WS.EKA.Portal\PayReturn\ZFPay\alipay\default.aspx.cs:行号 82
2017-12-26 18:54:01.7095 WS.EKA.Portal.Helpers.CommonRequest.ApiGetWeixinShopConfigList Info 接口[api/getWeixinShopConfigList/]返回值有误
2017-12-26 18:55:27.5297 WS.EKA.Portal.Helpers.CommonRequest.ApiGetWeixinShopConfigList Info 接口[api/getWeixinShopConfigList/]返回值有误
2017-12-26 18:55:44.6251 WS.EKA.Portal.Helpers.CommonRequest.ApiCheckMemLoginIDIsBind Error 接口异常：Newtonsoft.Json.JsonReaderException: Unexpected character encountered while parsing value: 远. Path '', line 0, position 0.
   在 Newtonsoft.Json.JsonTextReader.ParseValue()
   在 Newtonsoft.Json.JsonTextReader.ReadInternal()
   在 Newtonsoft.Json.JsonTextReader.Read()
   在 Newtonsoft.Json.Serialization.JsonSerializerInternalReader.ReadForType(JsonReader reader, JsonContract contract, Boolean hasConverter)
   在 Newtonsoft.Json.Serialization.JsonSerializerInternalReader.Deserialize(JsonReader reader, Type objectType, Boolean checkAdditionalContent)
   在 Newtonsoft.Json.JsonSerializer.DeserializeInternal(JsonReader reader, Type objectType)
   在 Newtonsoft.Json.JsonConvert.DeserializeObject(String value, Type type, JsonSerializerSettings settings)
   在 Newtonsoft.Json.JsonConvert.DeserializeObject[T](String value, JsonSerializerSettings settings)
   在 Newtonsoft.Json.JsonConvert.DeserializeObject[T](String value)
   在 Newtonsoft.Json.JsonConvert.DeserializeAnonymousType[T](String value, T anonymousTypeObject)
   在 WS.EKA.Portal.Helpers.CommonRequest.ApiCheckMemLoginIDIsBind(String memLoginID) 位置 E:\web\门户微信商城811\分销商\WS.EKA.Portal\Helpers\CommonRequest.cs:行号 156
2017-12-26 18:55:44.6652 <no type>.CallSite.Target Info 微信OpenID:
2017-12-26 19:07:17.2711 WS.EKA.Portal.Helpers.CommonRequest.ApiGetWeixinShopConfigList Info 接口[api/getWeixinShopConfigList/]返回值有误
2017-12-26 20:56:28.3066 WS.EKA.Portal.Helpers.CommonRequest.ApiGetWeixinShopConfigList Info 接口[api/getWeixinShopConfigList/]返回值有误
2017-12-26 20:56:28.3066 WS.EKA.Portal.Helpers.CommonRequest.ApiGetWeixinShopConfigList Info 接口[api/getWeixinShopConfigList/]返回值有误
2017-12-26 21:00:22.1433 WS.EKA.Portal.Helpers.CommonRequest.ApiGetWeixinShopConfigList Info 接口[api/getWeixinShopConfigList/]返回值有误
2017-12-26 21:00:36.1369 WS.EKA.Portal.Helpers.CommonRequest.ApiGetWeixinShopConfigList Info 接口[api/getWeixinShopConfigList/]返回值有误
2017-12-26 21:01:06.6734 WS.EKA.Portal.Helpers.CommonRequest.ApiGetWeixinShopConfigList Info 接口[api/getWeixinShopConfigList/]返回值有误
2017-12-26 21:01:11.8621 WS.EKA.Portal.Helpers.CommonRequest.ApiGetWeixinShopConfigList Info 接口[api/getWeixinShopConfigList/]返回值有误
2017-12-26 21:15:39.8300 WS.EKA.Portal.Helpers.CommonRequest.ApiGetWeixinShopConfigList Info 接口[api/getWeixinShopConfigList/]返回值有误
2017-12-26 21:15:51.5045 WS.EKA.Portal.Helpers.CommonRequest.ApiGetWeixinShopConfigList Info 接口[api/getWeixinShopConfigList/]返回值有误
2017-12-26 21:15:57.5569 WS.EKA.Portal.Helpers.CommonRequest.ApiGetWeixinShopConfigList Info 接口[api/getWeixinShopConfigList/]返回值有误
2017-12-26 21:16:22.7787 WS.EKA.Portal.wxpay.pay.Page_Load Info ---------------------------------日志开始----------------------------------------
2017-12-26 21:16:22.7787 WS.EKA.Portal.wxpay.pay.Page_Load Info appid:wx256bc347404257df
2017-12-26 21:16:22.7787 WS.EKA.Portal.wxpay.pay.Page_Load Info body:ORDER201712261606703
2017-12-26 21:16:22.7787 WS.EKA.Portal.wxpay.pay.Page_Load Info mch_id:1480613602
2017-12-26 21:16:22.7787 WS.EKA.Portal.wxpay.pay.Page_Load Info nonce_str:2BB232C0B13C774965EF8558F0FBD615
2017-12-26 21:16:22.7787 WS.EKA.Portal.wxpay.pay.Page_Load Info openid:null
2017-12-26 21:16:22.7787 WS.EKA.Portal.wxpay.pay.Page_Load Info notify_url:http://fwx.6868xp.com/PayRetrun/ZFPay/wxpay/WeiXinNotifyUrl.aspx
2017-12-26 21:16:22.7787 WS.EKA.Portal.wxpay.pay.Page_Load Info out_trade_no:201712261606703
2017-12-26 21:16:22.7787 WS.EKA.Portal.wxpay.pay.Page_Load Info spbill_create_ip:::1
2017-12-26 21:16:22.7787 WS.EKA.Portal.wxpay.pay.Page_Load Info total_fee:567800
2017-12-26 21:16:22.7787 WS.EKA.Portal.wxpay.pay.Page_Load Info trade_type:JSAPI
2017-12-26 21:16:22.7787 WS.EKA.Portal.wxpay.pay.Page_Load Info XMLValue:FAIL
2017-12-26 21:16:22.7787 WS.EKA.Portal.wxpay.pay.Page_Load Info XMLValue:openid is invalid
2017-12-26 21:16:22.7787 WS.EKA.Portal.wxpay.pay.Page_Load Info ---------------------------------日志结束----------------------------------------
