2017-12-17 14:22:11.7090 WS.EKA.Portal.Controllers.AccountController.Login Info 进入微信登录
2017-12-17 14:22:11.7331 WS.EKA.Portal.Controllers.AccountController.Login Info MemLoginID:oyq49xCp4B2EEKwIOelkHEKTVq6Q
2017-12-17 14:22:11.7331 WS.EKA.Portal.Controllers.AccountController.Login Info AgentID:晴隆站
2017-12-17 14:22:11.7331 WS.EKA.Portal.Controllers.AccountController.Login Info Sbool:true
2017-12-17 14:22:15.3423 WS.EKA.Portal.Helpers.CommonRequest.ApiWeiXinLogin Info 店铺：shopnum1_administrators
2017-12-17 14:22:20.3548 WS.EKA.Portal.Helpers.CommonRequest.ApiGetWeixinShopConfigList Info 接口[api/getWeixinShopConfigList/]返回值有误
2017-12-17 14:22:38.6893 WS.EKA.Portal.Controllers.AccountController.Login Info 进入微信登录
2017-12-17 14:22:38.6893 WS.EKA.Portal.Controllers.AccountController.Login Info MemLoginID:oyq49xCp4B2EEKwIOelkHEKTVq6Q
2017-12-17 14:22:38.6893 WS.EKA.Portal.Controllers.AccountController.Login Info AgentID:晴隆站
2017-12-17 14:22:38.6893 WS.EKA.Portal.Controllers.AccountController.Login Info Sbool:true
2017-12-17 14:22:38.6893 WS.EKA.Portal.Helpers.CommonRequest.ApiWeiXinLogin Info 店铺：shopnum1_administrators
2017-12-17 14:22:38.8845 WS.EKA.Portal.Helpers.CommonRequest.ApiGetWeixinShopConfigList Info 接口[api/getWeixinShopConfigList/]返回值有误
2017-12-17 14:23:38.1269 WS.EKA.Portal.Helpers.CommonRequest.ApiGetWeixinShopConfigList Info 接口[api/getWeixinShopConfigList/]返回值有误
2017-12-17 14:25:05.6638 WS.EKA.Portal.Helpers.CommonRequest.ApiGetWeixinShopConfigList Info 接口[api/getWeixinShopConfigList/]返回值有误
2017-12-17 14:57:02.8007 WS.EKA.Portal.Helpers.CommonRequest.ApiGetWeixinShopConfigList Info 接口[api/getWeixinShopConfigList/]返回值有误
2017-12-17 14:57:09.6669 WS.EKA.Portal.Helpers.CommonRequest.ApiGetWeixinShopConfigList Info 接口[api/getWeixinShopConfigList/]返回值有误
2017-12-17 17:30:26.1575 WS.EKA.Portal.Helpers.CommonRequest.ApiGetWeixinShopConfigList Info 接口[api/getWeixinShopConfigList/]返回值有误
2017-12-17 17:30:27.5368 WS.EKA.Portal.Helpers.CommonRequest.ApiGetWeixinShopConfigList Info 接口[api/getWeixinShopConfigList/]返回值有误
2017-12-17 17:30:29.6527 WS.EKA.Portal.Helpers.CommonRequest.ApiGetWeixinShopConfigList Info 接口[api/getWeixinShopConfigList/]返回值有误
2017-12-17 17:30:31.3652 WS.EKA.Portal.Helpers.CommonRequest.ApiGetWeixinShopConfigList Info 接口[api/getWeixinShopConfigList/]返回值有误
2017-12-17 17:30:32.5933 WS.EKA.Portal.Helpers.CommonRequest.ApiGetWeixinShopConfigList Info 接口[api/getWeixinShopConfigList/]返回值有误
2017-12-17 17:30:33.7253 WS.EKA.Portal.Helpers.CommonRequest.ApiGetWeixinShopConfigList Info 接口[api/getWeixinShopConfigList/]返回值有误
