2017-11-10 17:31:18.8511 WS.EKA.Portal.Helpers.CommonRequest.ApiGetWeixinShopConfigList Info 接口[api/getWeixinShopConfigList/]返回值有误
2017-11-10 17:31:28.5879 WS.EKA.Portal.Helpers.CommonRequest.ApiGetWeixinShopConfigList Info 接口[api/getWeixinShopConfigList/]返回值有误
2017-11-10 17:31:28.8361 WS.EKA.Portal.Helpers.CommonRequest.ApiGetWeixinShopConfigList Info 接口[api/getWeixinShopConfigList/]返回值有误
2017-11-10 17:31:31.7717 WS.EKA.Portal.Helpers.CommonRequest.ApiGetWeixinShopConfigList Info 接口[api/getWeixinShopConfigList/]返回值有误
2017-11-10 17:32:00.8639 WS.EKA.Portal.Helpers.CommonRequest.ApiGetWeixinShopConfigList Info 接口[api/getWeixinShopConfigList/]返回值有误
2017-11-10 18:12:31.9955 WS.EKA.Portal.Helpers.CommonRequest.ApiAccountCheck Error 接口[api/accountuserexist/]异常：Newtonsoft.Json.JsonReaderException: Unexpected character encountered while parsing value: 远. Path '', line 0, position 0.
   在 Newtonsoft.Json.JsonTextReader.ParseValue()
   在 Newtonsoft.Json.JsonTextReader.ReadInternal()
   在 Newtonsoft.Json.JsonTextReader.Read()
   在 Newtonsoft.Json.Serialization.JsonSerializerInternalReader.ReadForType(JsonReader reader, JsonContract contract, Boolean hasConverter)
   在 Newtonsoft.Json.Serialization.JsonSerializerInternalReader.Deserialize(JsonReader reader, Type objectType, Boolean checkAdditionalContent)
   在 Newtonsoft.Json.JsonSerializer.DeserializeInternal(JsonReader reader, Type objectType)
   在 Newtonsoft.Json.JsonConvert.DeserializeObject(String value, Type type, JsonSerializerSettings settings)
   在 Newtonsoft.Json.JsonConvert.DeserializeObject[T](String value, JsonSerializerSettings settings)
   在 WS.EKA.Portal.Helpers.CommonRequest.ApiAccountCheck(String memLoginID) 位置 C:\Users\Administrator\Desktop\分销门户微信商城程序多人打开\分销商\WS.EKA.Portal\Helpers\CommonRequest.cs:行号 3860
2017-11-10 18:13:26.3463 WS.EKA.Portal.Helpers.CommonRequest.ApiGetWeixinShopConfigList Info 接口[api/getWeixinShopConfigList/]返回值有误
2017-11-10 18:14:56.0791 WS.EKA.Portal.Helpers.CommonRequest.ApiGetWeixinShopConfigList Info 接口[api/getWeixinShopConfigList/]返回值有误
2017-11-10 18:14:56.4854 WS.EKA.Portal.Helpers.CommonRequest.ApiGetWeixinShopConfigList Info 接口[api/getWeixinShopConfigList/]返回值有误
2017-11-10 18:15:30.4189 WS.EKA.Portal.Helpers.CommonRequest.ApiGetWeixinShopConfigList Info 接口[api/getWeixinShopConfigList/]返回值有误
2017-11-10 18:15:46.1541 WS.EKA.Portal.Helpers.CommonRequest.ApiAccountCheck Error 接口[api/accountuserexist/]异常：Newtonsoft.Json.JsonReaderException: Unexpected character encountered while parsing value: 远. Path '', line 0, position 0.
   在 Newtonsoft.Json.JsonTextReader.ParseValue()
   在 Newtonsoft.Json.JsonTextReader.ReadInternal()
   在 Newtonsoft.Json.JsonTextReader.Read()
   在 Newtonsoft.Json.Serialization.JsonSerializerInternalReader.ReadForType(JsonReader reader, JsonContract contract, Boolean hasConverter)
   在 Newtonsoft.Json.Serialization.JsonSerializerInternalReader.Deserialize(JsonReader reader, Type objectType, Boolean checkAdditionalContent)
   在 Newtonsoft.Json.JsonSerializer.DeserializeInternal(JsonReader reader, Type objectType)
   在 Newtonsoft.Json.JsonConvert.DeserializeObject(String value, Type type, JsonSerializerSettings settings)
   在 Newtonsoft.Json.JsonConvert.DeserializeObject[T](String value, JsonSerializerSettings settings)
   在 WS.EKA.Portal.Helpers.CommonRequest.ApiAccountCheck(String memLoginID) 位置 C:\Users\Administrator\Desktop\分销门户微信商城程序多人打开\分销商\WS.EKA.Portal\Helpers\CommonRequest.cs:行号 3860
2017-11-10 18:15:46.2692 WS.EKA.Portal.Helpers.CommonRequest.ApiAccountLogin Error 接口[api/accountlogin/]异常：Microsoft.CSharp.RuntimeBinder.RuntimeBinderException: 无法对 null 引用执行运行时绑定
   在 CallSite.Target(Closure , CallSite , Object )
   在 System.Dynamic.UpdateDelegates.UpdateAndExecute1[T0,TRet](CallSite site, T0 arg0)
   在 WS.EKA.Portal.Helpers.CommonRequest.ApiAccountLogin(Account account) 位置 C:\Users\Administrator\Desktop\分销门户微信商城程序多人打开\分销商\WS.EKA.Portal\Helpers\CommonRequest.cs:行号 72
2017-11-10 18:15:50.4560 WS.EKA.Portal.Helpers.CommonRequest.ApiAccountCheck Error 接口[api/accountuserexist/]异常：Newtonsoft.Json.JsonReaderException: Unexpected character encountered while parsing value: 远. Path '', line 0, position 0.
   在 Newtonsoft.Json.JsonTextReader.ParseValue()
   在 Newtonsoft.Json.JsonTextReader.ReadInternal()
   在 Newtonsoft.Json.JsonTextReader.Read()
   在 Newtonsoft.Json.Serialization.JsonSerializerInternalReader.ReadForType(JsonReader reader, JsonContract contract, Boolean hasConverter)
   在 Newtonsoft.Json.Serialization.JsonSerializerInternalReader.Deserialize(JsonReader reader, Type objectType, Boolean checkAdditionalContent)
   在 Newtonsoft.Json.JsonSerializer.DeserializeInternal(JsonReader reader, Type objectType)
   在 Newtonsoft.Json.JsonConvert.DeserializeObject(String value, Type type, JsonSerializerSettings settings)
   在 Newtonsoft.Json.JsonConvert.DeserializeObject[T](String value, JsonSerializerSettings settings)
   在 WS.EKA.Portal.Helpers.CommonRequest.ApiAccountCheck(String memLoginID) 位置 C:\Users\Administrator\Desktop\分销门户微信商城程序多人打开\分销商\WS.EKA.Portal\Helpers\CommonRequest.cs:行号 3860
2017-11-10 18:15:50.5280 WS.EKA.Portal.Helpers.CommonRequest.ApiAccountLogin Error 接口[api/accountlogin/]异常：Microsoft.CSharp.RuntimeBinder.RuntimeBinderException: 无法对 null 引用执行运行时绑定
   在 CallSite.Target(Closure , CallSite , Object )
   在 WS.EKA.Portal.Helpers.CommonRequest.ApiAccountLogin(Account account) 位置 C:\Users\Administrator\Desktop\分销门户微信商城程序多人打开\分销商\WS.EKA.Portal\Helpers\CommonRequest.cs:行号 72
2017-11-10 18:15:55.8658 WS.EKA.Portal.Helpers.CommonRequest.ApiAccountCheck Error 接口[api/accountuserexist/]异常：Newtonsoft.Json.JsonReaderException: Unexpected character encountered while parsing value: 远. Path '', line 0, position 0.
   在 Newtonsoft.Json.JsonTextReader.ParseValue()
   在 Newtonsoft.Json.JsonTextReader.ReadInternal()
   在 Newtonsoft.Json.JsonTextReader.Read()
   在 Newtonsoft.Json.Serialization.JsonSerializerInternalReader.ReadForType(JsonReader reader, JsonContract contract, Boolean hasConverter)
   在 Newtonsoft.Json.Serialization.JsonSerializerInternalReader.Deserialize(JsonReader reader, Type objectType, Boolean checkAdditionalContent)
   在 Newtonsoft.Json.JsonSerializer.DeserializeInternal(JsonReader reader, Type objectType)
   在 Newtonsoft.Json.JsonConvert.DeserializeObject(String value, Type type, JsonSerializerSettings settings)
   在 Newtonsoft.Json.JsonConvert.DeserializeObject[T](String value, JsonSerializerSettings settings)
   在 WS.EKA.Portal.Helpers.CommonRequest.ApiAccountCheck(String memLoginID) 位置 C:\Users\Administrator\Desktop\分销门户微信商城程序多人打开\分销商\WS.EKA.Portal\Helpers\CommonRequest.cs:行号 3860
2017-11-10 18:15:55.9359 WS.EKA.Portal.Helpers.CommonRequest.ApiAccountLogin Error 接口[api/accountlogin/]异常：Microsoft.CSharp.RuntimeBinder.RuntimeBinderException: 无法对 null 引用执行运行时绑定
   在 CallSite.Target(Closure , CallSite , Object )
   在 WS.EKA.Portal.Helpers.CommonRequest.ApiAccountLogin(Account account) 位置 C:\Users\Administrator\Desktop\分销门户微信商城程序多人打开\分销商\WS.EKA.Portal\Helpers\CommonRequest.cs:行号 72
2017-11-10 18:16:04.0942 WS.EKA.Portal.Helpers.CommonRequest.ApiGetWeixinShopConfigList Info 接口[api/getWeixinShopConfigList/]返回值有误
2017-11-10 18:16:10.0617 WS.EKA.Portal.Helpers.CommonRequest.ApiAccountCheck Error 接口[api/accountuserexist/]异常：Newtonsoft.Json.JsonReaderException: Unexpected character encountered while parsing value: 远. Path '', line 0, position 0.
   在 Newtonsoft.Json.JsonTextReader.ParseValue()
   在 Newtonsoft.Json.JsonTextReader.ReadInternal()
   在 Newtonsoft.Json.JsonTextReader.Read()
   在 Newtonsoft.Json.Serialization.JsonSerializerInternalReader.ReadForType(JsonReader reader, JsonContract contract, Boolean hasConverter)
   在 Newtonsoft.Json.Serialization.JsonSerializerInternalReader.Deserialize(JsonReader reader, Type objectType, Boolean checkAdditionalContent)
   在 Newtonsoft.Json.JsonSerializer.DeserializeInternal(JsonReader reader, Type objectType)
   在 Newtonsoft.Json.JsonConvert.DeserializeObject(String value, Type type, JsonSerializerSettings settings)
   在 Newtonsoft.Json.JsonConvert.DeserializeObject[T](String value, JsonSerializerSettings settings)
   在 WS.EKA.Portal.Helpers.CommonRequest.ApiAccountCheck(String memLoginID) 位置 C:\Users\Administrator\Desktop\分销门户微信商城程序多人打开\分销商\WS.EKA.Portal\Helpers\CommonRequest.cs:行号 3860
2017-11-10 18:16:55.1922 WS.EKA.Portal.Helpers.CommonRequest.ApiGetWeixinShopConfigList Info 接口[api/getWeixinShopConfigList/]返回值有误
2017-11-10 18:17:39.2489 WS.EKA.Portal.Helpers.CommonRequest.ApiAccountCheck Error 接口[api/accountuserexist/]异常：Newtonsoft.Json.JsonReaderException: Unexpected character encountered while parsing value: 远. Path '', line 0, position 0.
   在 Newtonsoft.Json.JsonTextReader.ParseValue()
   在 Newtonsoft.Json.JsonTextReader.ReadInternal()
   在 Newtonsoft.Json.JsonTextReader.Read()
   在 Newtonsoft.Json.Serialization.JsonSerializerInternalReader.ReadForType(JsonReader reader, JsonContract contract, Boolean hasConverter)
   在 Newtonsoft.Json.Serialization.JsonSerializerInternalReader.Deserialize(JsonReader reader, Type objectType, Boolean checkAdditionalContent)
   在 Newtonsoft.Json.JsonSerializer.DeserializeInternal(JsonReader reader, Type objectType)
   在 Newtonsoft.Json.JsonConvert.DeserializeObject(String value, Type type, JsonSerializerSettings settings)
   在 Newtonsoft.Json.JsonConvert.DeserializeObject[T](String value, JsonSerializerSettings settings)
   在 WS.EKA.Portal.Helpers.CommonRequest.ApiAccountCheck(String memLoginID) 位置 C:\Users\Administrator\Desktop\分销门户微信商城程序多人打开\分销商\WS.EKA.Portal\Helpers\CommonRequest.cs:行号 3860
2017-11-10 18:17:39.3610 WS.EKA.Portal.Helpers.CommonRequest.ApiAccountLogin Error 接口[api/accountlogin/]异常：Microsoft.CSharp.RuntimeBinder.RuntimeBinderException: 无法对 null 引用执行运行时绑定
   在 CallSite.Target(Closure , CallSite , Object )
   在 WS.EKA.Portal.Helpers.CommonRequest.ApiAccountLogin(Account account) 位置 C:\Users\Administrator\Desktop\分销门户微信商城程序多人打开\分销商\WS.EKA.Portal\Helpers\CommonRequest.cs:行号 72
2017-11-10 18:17:48.0878 WS.EKA.Portal.Helpers.CommonRequest.ApiGetWeixinShopConfigList Info 接口[api/getWeixinShopConfigList/]返回值有误
2017-11-10 18:17:58.7875 WS.EKA.Portal.Helpers.CommonRequest.ApiAccountCheck Error 接口[api/accountuserexist/]异常：Newtonsoft.Json.JsonReaderException: Unexpected character encountered while parsing value: 远. Path '', line 0, position 0.
   在 Newtonsoft.Json.JsonTextReader.ParseValue()
   在 Newtonsoft.Json.JsonTextReader.ReadInternal()
   在 Newtonsoft.Json.JsonTextReader.Read()
   在 Newtonsoft.Json.Serialization.JsonSerializerInternalReader.ReadForType(JsonReader reader, JsonContract contract, Boolean hasConverter)
   在 Newtonsoft.Json.Serialization.JsonSerializerInternalReader.Deserialize(JsonReader reader, Type objectType, Boolean checkAdditionalContent)
   在 Newtonsoft.Json.JsonSerializer.DeserializeInternal(JsonReader reader, Type objectType)
   在 Newtonsoft.Json.JsonConvert.DeserializeObject(String value, Type type, JsonSerializerSettings settings)
   在 Newtonsoft.Json.JsonConvert.DeserializeObject[T](String value, JsonSerializerSettings settings)
   在 WS.EKA.Portal.Helpers.CommonRequest.ApiAccountCheck(String memLoginID) 位置 C:\Users\Administrator\Desktop\分销门户微信商城程序多人打开\分销商\WS.EKA.Portal\Helpers\CommonRequest.cs:行号 3860
2017-11-10 18:17:58.8735 WS.EKA.Portal.Helpers.CommonRequest.ApiAccountLogin Error 接口[api/accountlogin/]异常：Microsoft.CSharp.RuntimeBinder.RuntimeBinderException: 无法对 null 引用执行运行时绑定
   在 CallSite.Target(Closure , CallSite , Object )
   在 WS.EKA.Portal.Helpers.CommonRequest.ApiAccountLogin(Account account) 位置 C:\Users\Administrator\Desktop\分销门户微信商城程序多人打开\分销商\WS.EKA.Portal\Helpers\CommonRequest.cs:行号 72
2017-11-10 18:18:45.1131 WS.EKA.Portal.Helpers.CommonRequest.ApiAccountCheck Error 接口[api/accountuserexist/]异常：Newtonsoft.Json.JsonReaderException: Unexpected character encountered while parsing value: 远. Path '', line 0, position 0.
   在 Newtonsoft.Json.JsonTextReader.ParseValue()
   在 Newtonsoft.Json.JsonTextReader.ReadInternal()
   在 Newtonsoft.Json.JsonTextReader.Read()
   在 Newtonsoft.Json.Serialization.JsonSerializerInternalReader.ReadForType(JsonReader reader, JsonContract contract, Boolean hasConverter)
   在 Newtonsoft.Json.Serialization.JsonSerializerInternalReader.Deserialize(JsonReader reader, Type objectType, Boolean checkAdditionalContent)
   在 Newtonsoft.Json.JsonSerializer.DeserializeInternal(JsonReader reader, Type objectType)
   在 Newtonsoft.Json.JsonConvert.DeserializeObject(String value, Type type, JsonSerializerSettings settings)
   在 Newtonsoft.Json.JsonConvert.DeserializeObject[T](String value, JsonSerializerSettings settings)
   在 WS.EKA.Portal.Helpers.CommonRequest.ApiAccountCheck(String memLoginID) 位置 C:\Users\Administrator\Desktop\分销门户微信商城程序多人打开\分销商\WS.EKA.Portal\Helpers\CommonRequest.cs:行号 3860
2017-11-10 18:18:45.2072 WS.EKA.Portal.Helpers.CommonRequest.ApiAccountLogin Error 接口[api/accountlogin/]异常：Microsoft.CSharp.RuntimeBinder.RuntimeBinderException: 无法对 null 引用执行运行时绑定
   在 CallSite.Target(Closure , CallSite , Object )
   在 WS.EKA.Portal.Helpers.CommonRequest.ApiAccountLogin(Account account) 位置 C:\Users\Administrator\Desktop\分销门户微信商城程序多人打开\分销商\WS.EKA.Portal\Helpers\CommonRequest.cs:行号 72
2017-11-10 18:18:59.5671 WS.EKA.Portal.Helpers.CommonRequest.ApiAccountCheck Error 接口[api/accountuserexist/]异常：Newtonsoft.Json.JsonReaderException: Unexpected character encountered while parsing value: 远. Path '', line 0, position 0.
   在 Newtonsoft.Json.JsonTextReader.ParseValue()
   在 Newtonsoft.Json.JsonTextReader.ReadInternal()
   在 Newtonsoft.Json.JsonTextReader.Read()
   在 Newtonsoft.Json.Serialization.JsonSerializerInternalReader.ReadForType(JsonReader reader, JsonContract contract, Boolean hasConverter)
   在 Newtonsoft.Json.Serialization.JsonSerializerInternalReader.Deserialize(JsonReader reader, Type objectType, Boolean checkAdditionalContent)
   在 Newtonsoft.Json.JsonSerializer.DeserializeInternal(JsonReader reader, Type objectType)
   在 Newtonsoft.Json.JsonConvert.DeserializeObject(String value, Type type, JsonSerializerSettings settings)
   在 Newtonsoft.Json.JsonConvert.DeserializeObject[T](String value, JsonSerializerSettings settings)
   在 WS.EKA.Portal.Helpers.CommonRequest.ApiAccountCheck(String memLoginID) 位置 C:\Users\Administrator\Desktop\分销门户微信商城程序多人打开\分销商\WS.EKA.Portal\Helpers\CommonRequest.cs:行号 3860
2017-11-10 18:18:59.6532 WS.EKA.Portal.Helpers.CommonRequest.ApiAccountLogin Error 接口[api/accountlogin/]异常：Microsoft.CSharp.RuntimeBinder.RuntimeBinderException: 无法对 null 引用执行运行时绑定
   在 CallSite.Target(Closure , CallSite , Object )
   在 WS.EKA.Portal.Helpers.CommonRequest.ApiAccountLogin(Account account) 位置 C:\Users\Administrator\Desktop\分销门户微信商城程序多人打开\分销商\WS.EKA.Portal\Helpers\CommonRequest.cs:行号 72
2017-11-10 18:19:24.9759 WS.EKA.Portal.Helpers.CommonRequest.ApiAccountCheck Error 接口[api/accountuserexist/]异常：Newtonsoft.Json.JsonReaderException: Unexpected character encountered while parsing value: 远. Path '', line 0, position 0.
   在 Newtonsoft.Json.JsonTextReader.ParseValue()
   在 Newtonsoft.Json.JsonTextReader.ReadInternal()
   在 Newtonsoft.Json.JsonTextReader.Read()
   在 Newtonsoft.Json.Serialization.JsonSerializerInternalReader.ReadForType(JsonReader reader, JsonContract contract, Boolean hasConverter)
   在 Newtonsoft.Json.Serialization.JsonSerializerInternalReader.Deserialize(JsonReader reader, Type objectType, Boolean checkAdditionalContent)
   在 Newtonsoft.Json.JsonSerializer.DeserializeInternal(JsonReader reader, Type objectType)
   在 Newtonsoft.Json.JsonConvert.DeserializeObject(String value, Type type, JsonSerializerSettings settings)
   在 Newtonsoft.Json.JsonConvert.DeserializeObject[T](String value, JsonSerializerSettings settings)
   在 WS.EKA.Portal.Helpers.CommonRequest.ApiAccountCheck(String memLoginID) 位置 C:\Users\Administrator\Desktop\分销门户微信商城程序多人打开\分销商\WS.EKA.Portal\Helpers\CommonRequest.cs:行号 3860
2017-11-10 18:19:25.0620 WS.EKA.Portal.Helpers.CommonRequest.ApiAccountLogin Error 接口[api/accountlogin/]异常：Microsoft.CSharp.RuntimeBinder.RuntimeBinderException: 无法对 null 引用执行运行时绑定
   在 CallSite.Target(Closure , CallSite , Object )
   在 WS.EKA.Portal.Helpers.CommonRequest.ApiAccountLogin(Account account) 位置 C:\Users\Administrator\Desktop\分销门户微信商城程序多人打开\分销商\WS.EKA.Portal\Helpers\CommonRequest.cs:行号 72
2017-11-10 18:19:26.7155 WS.EKA.Portal.Helpers.CommonRequest.ApiAccountCheck Error 接口[api/accountuserexist/]异常：Newtonsoft.Json.JsonReaderException: Unexpected character encountered while parsing value: 远. Path '', line 0, position 0.
   在 Newtonsoft.Json.JsonTextReader.ParseValue()
   在 Newtonsoft.Json.JsonTextReader.ReadInternal()
   在 Newtonsoft.Json.JsonTextReader.Read()
   在 Newtonsoft.Json.Serialization.JsonSerializerInternalReader.ReadForType(JsonReader reader, JsonContract contract, Boolean hasConverter)
   在 Newtonsoft.Json.Serialization.JsonSerializerInternalReader.Deserialize(JsonReader reader, Type objectType, Boolean checkAdditionalContent)
   在 Newtonsoft.Json.JsonSerializer.DeserializeInternal(JsonReader reader, Type objectType)
   在 Newtonsoft.Json.JsonConvert.DeserializeObject(String value, Type type, JsonSerializerSettings settings)
   在 Newtonsoft.Json.JsonConvert.DeserializeObject[T](String value, JsonSerializerSettings settings)
   在 WS.EKA.Portal.Helpers.CommonRequest.ApiAccountCheck(String memLoginID) 位置 C:\Users\Administrator\Desktop\分销门户微信商城程序多人打开\分销商\WS.EKA.Portal\Helpers\CommonRequest.cs:行号 3860
2017-11-10 18:19:26.8026 WS.EKA.Portal.Helpers.CommonRequest.ApiAccountLogin Error 接口[api/accountlogin/]异常：Microsoft.CSharp.RuntimeBinder.RuntimeBinderException: 无法对 null 引用执行运行时绑定
   在 CallSite.Target(Closure , CallSite , Object )
   在 WS.EKA.Portal.Helpers.CommonRequest.ApiAccountLogin(Account account) 位置 C:\Users\Administrator\Desktop\分销门户微信商城程序多人打开\分销商\WS.EKA.Portal\Helpers\CommonRequest.cs:行号 72
2017-11-10 18:19:40.7361 WS.EKA.Portal.Helpers.CommonRequest.ApiAccountCheck Error 接口[api/accountuserexist/]异常：Newtonsoft.Json.JsonReaderException: Unexpected character encountered while parsing value: 远. Path '', line 0, position 0.
   在 Newtonsoft.Json.JsonTextReader.ParseValue()
   在 Newtonsoft.Json.JsonTextReader.ReadInternal()
   在 Newtonsoft.Json.JsonTextReader.Read()
   在 Newtonsoft.Json.Serialization.JsonSerializerInternalReader.ReadForType(JsonReader reader, JsonContract contract, Boolean hasConverter)
   在 Newtonsoft.Json.Serialization.JsonSerializerInternalReader.Deserialize(JsonReader reader, Type objectType, Boolean checkAdditionalContent)
   在 Newtonsoft.Json.JsonSerializer.DeserializeInternal(JsonReader reader, Type objectType)
   在 Newtonsoft.Json.JsonConvert.DeserializeObject(String value, Type type, JsonSerializerSettings settings)
   在 Newtonsoft.Json.JsonConvert.DeserializeObject[T](String value, JsonSerializerSettings settings)
   在 WS.EKA.Portal.Helpers.CommonRequest.ApiAccountCheck(String memLoginID) 位置 C:\Users\Administrator\Desktop\分销门户微信商城程序多人打开\分销商\WS.EKA.Portal\Helpers\CommonRequest.cs:行号 3860
2017-11-10 18:19:40.8282 WS.EKA.Portal.Helpers.CommonRequest.ApiAccountLogin Error 接口[api/accountlogin/]异常：Microsoft.CSharp.RuntimeBinder.RuntimeBinderException: 无法对 null 引用执行运行时绑定
   在 CallSite.Target(Closure , CallSite , Object )
   在 WS.EKA.Portal.Helpers.CommonRequest.ApiAccountLogin(Account account) 位置 C:\Users\Administrator\Desktop\分销门户微信商城程序多人打开\分销商\WS.EKA.Portal\Helpers\CommonRequest.cs:行号 72
2017-11-10 18:19:48.8795 WS.EKA.Portal.Helpers.CommonRequest.ApiGetWeixinShopConfigList Info 接口[api/getWeixinShopConfigList/]返回值有误
2017-11-10 18:21:22.9011 WS.EKA.Portal.Helpers.CommonRequest.ApiAccountCheck Error 接口[api/accountuserexist/]异常：Newtonsoft.Json.JsonReaderException: Unexpected character encountered while parsing value: 远. Path '', line 0, position 0.
   在 Newtonsoft.Json.JsonTextReader.ParseValue()
   在 Newtonsoft.Json.JsonTextReader.ReadInternal()
   在 Newtonsoft.Json.JsonTextReader.Read()
   在 Newtonsoft.Json.Serialization.JsonSerializerInternalReader.ReadForType(JsonReader reader, JsonContract contract, Boolean hasConverter)
   在 Newtonsoft.Json.Serialization.JsonSerializerInternalReader.Deserialize(JsonReader reader, Type objectType, Boolean checkAdditionalContent)
   在 Newtonsoft.Json.JsonSerializer.DeserializeInternal(JsonReader reader, Type objectType)
   在 Newtonsoft.Json.JsonConvert.DeserializeObject(String value, Type type, JsonSerializerSettings settings)
   在 Newtonsoft.Json.JsonConvert.DeserializeObject[T](String value, JsonSerializerSettings settings)
   在 WS.EKA.Portal.Helpers.CommonRequest.ApiAccountCheck(String memLoginID) 位置 C:\Users\Administrator\Desktop\分销门户微信商城程序多人打开\分销商\WS.EKA.Portal\Helpers\CommonRequest.cs:行号 3860
2017-11-10 18:21:22.9291 WS.EKA.Portal.Helpers.CommonRequest.ApiAccountLogin Error 接口[api/accountlogin/]异常：Microsoft.CSharp.RuntimeBinder.RuntimeBinderException: 无法对 null 引用执行运行时绑定
   在 CallSite.Target(Closure , CallSite , Object )
   在 WS.EKA.Portal.Helpers.CommonRequest.ApiAccountLogin(Account account) 位置 C:\Users\Administrator\Desktop\分销门户微信商城程序多人打开\分销商\WS.EKA.Portal\Helpers\CommonRequest.cs:行号 72
