2017-11-01 21:43:50.4005 WS.EKA.Portal.Helpers.CommonRequest.ApiGetWeixinShopConfigList Info 接口[api/getWeixinShopConfigList/]返回值有误
2017-11-01 21:44:09.6549 WS.EKA.Portal.Helpers.CommonRequest.ApiGetWeixinShopConfigList Info 接口[api/getWeixinShopConfigList/]返回值有误
2017-11-01 21:46:31.2925 WS.EKA.Portal.Controllers.AccountController.Login Info 进入微信登录
2017-11-01 21:46:31.2925 WS.EKA.Portal.Controllers.AccountController.Login Info MemLoginID:oyq49xHVIShXZXnFQ7ixrnehLzBo
2017-11-01 21:46:31.2925 WS.EKA.Portal.Controllers.AccountController.Login Info AgentID:晴隆站
2017-11-01 21:46:31.2925 WS.EKA.Portal.Controllers.AccountController.Login Info Sbool:true
2017-11-01 21:46:31.3394 WS.EKA.Portal.Helpers.CommonRequest.ApiWeiXinLogin Info 店铺：shopnum1_administrators
2017-11-01 21:46:31.8551 WS.EKA.Portal.Helpers.CommonRequest.ApiGetWeixinShopConfigList Info 接口[api/getWeixinShopConfigList/]返回值有误
2017-11-01 21:47:22.3078 WS.EKA.Portal.Controllers.AccountController.Login Info 进入微信登录
2017-11-01 21:47:22.3078 WS.EKA.Portal.Controllers.AccountController.Login Info MemLoginID:oyq49xHVIShXZXnFQ7ixrnehLzBo
2017-11-01 21:47:22.3078 WS.EKA.Portal.Controllers.AccountController.Login Info AgentID:晴隆站
2017-11-01 21:47:22.3078 WS.EKA.Portal.Controllers.AccountController.Login Info Sbool:true
2017-11-01 21:47:22.3078 WS.EKA.Portal.Helpers.CommonRequest.ApiWeiXinLogin Info 店铺：shopnum1_administrators
2017-11-01 21:47:22.5734 WS.EKA.Portal.Helpers.CommonRequest.ApiGetWeixinShopConfigList Info 接口[api/getWeixinShopConfigList/]返回值有误
2017-11-01 21:47:23.4172 WS.EKA.Portal.Controllers.AccountController.Login Info 进入微信登录
2017-11-01 21:47:23.4172 WS.EKA.Portal.Controllers.AccountController.Login Info MemLoginID:oyq49xHVIShXZXnFQ7ixrnehLzBo
2017-11-01 21:47:23.4172 WS.EKA.Portal.Controllers.AccountController.Login Info AgentID:晴隆站
2017-11-01 21:47:23.4172 WS.EKA.Portal.Controllers.AccountController.Login Info Sbool:true
2017-11-01 21:47:23.4172 WS.EKA.Portal.Helpers.CommonRequest.ApiWeiXinLogin Info 店铺：shopnum1_administrators
2017-11-01 21:47:23.6672 WS.EKA.Portal.Helpers.CommonRequest.ApiGetWeixinShopConfigList Info 接口[api/getWeixinShopConfigList/]返回值有误
2017-11-01 21:49:29.3040 WS.EKA.Portal.Controllers.AccountController.Login Info 进入微信登录
2017-11-01 21:49:29.3040 WS.EKA.Portal.Controllers.AccountController.Login Info MemLoginID:oyq49xHVIShXZXnFQ7ixrnehLzBo
2017-11-01 21:49:29.3040 WS.EKA.Portal.Controllers.AccountController.Login Info AgentID:晴隆站
2017-11-01 21:49:29.3040 WS.EKA.Portal.Controllers.AccountController.Login Info Sbool:true
2017-11-01 21:49:29.3196 WS.EKA.Portal.Helpers.CommonRequest.ApiWeiXinLogin Info 店铺：shopnum1_administrators
2017-11-01 21:49:29.6321 WS.EKA.Portal.Helpers.CommonRequest.ApiGetWeixinShopConfigList Info 接口[api/getWeixinShopConfigList/]返回值有误
2017-11-01 21:49:33.8354 WS.EKA.Portal.Controllers.AccountController.Login Info 进入微信登录
2017-11-01 21:49:33.8354 WS.EKA.Portal.Controllers.AccountController.Login Info MemLoginID:oyq49xHVIShXZXnFQ7ixrnehLzBo
2017-11-01 21:49:33.8354 WS.EKA.Portal.Controllers.AccountController.Login Info AgentID:晴隆站
2017-11-01 21:49:33.8354 WS.EKA.Portal.Controllers.AccountController.Login Info Sbool:true
2017-11-01 21:49:33.8354 WS.EKA.Portal.Helpers.CommonRequest.ApiWeiXinLogin Info 店铺：shopnum1_administrators
2017-11-01 21:49:34.1010 WS.EKA.Portal.Helpers.CommonRequest.ApiGetWeixinShopConfigList Info 接口[api/getWeixinShopConfigList/]返回值有误
2017-11-01 21:49:36.2887 WS.EKA.Portal.Controllers.AccountController.Login Info 进入微信登录
2017-11-01 21:49:36.2887 WS.EKA.Portal.Controllers.AccountController.Login Info MemLoginID:oyq49xHVIShXZXnFQ7ixrnehLzBo
2017-11-01 21:49:36.2887 WS.EKA.Portal.Controllers.AccountController.Login Info AgentID:晴隆站
2017-11-01 21:49:36.2887 WS.EKA.Portal.Controllers.AccountController.Login Info Sbool:true
2017-11-01 21:49:36.3043 WS.EKA.Portal.Helpers.CommonRequest.ApiWeiXinLogin Info 店铺：shopnum1_administrators
2017-11-01 21:49:36.5387 WS.EKA.Portal.Helpers.CommonRequest.ApiGetWeixinShopConfigList Info 接口[api/getWeixinShopConfigList/]返回值有误
2017-11-01 21:50:05.2717 WS.EKA.Portal.Controllers.AccountController.Login Info 进入微信登录
2017-11-01 21:50:05.2717 WS.EKA.Portal.Controllers.AccountController.Login Info MemLoginID:oyq49xHVIShXZXnFQ7ixrnehLzBo
2017-11-01 21:50:05.2717 WS.EKA.Portal.Controllers.AccountController.Login Info AgentID:晴隆站
2017-11-01 21:50:05.2717 WS.EKA.Portal.Controllers.AccountController.Login Info Sbool:true
2017-11-01 21:50:05.2717 WS.EKA.Portal.Helpers.CommonRequest.ApiWeiXinLogin Info 店铺：shopnum1_administrators
2017-11-01 21:50:05.7872 WS.EKA.Portal.Helpers.CommonRequest.ApiGetWeixinShopConfigList Info 接口[api/getWeixinShopConfigList/]返回值有误
2017-11-01 21:50:47.8301 WS.EKA.Portal.Controllers.AccountController.Login Info 进入微信登录
2017-11-01 21:50:47.8301 WS.EKA.Portal.Controllers.AccountController.Login Info MemLoginID:oyq49xHVIShXZXnFQ7ixrnehLzBo
2017-11-01 21:50:47.8301 WS.EKA.Portal.Controllers.AccountController.Login Info AgentID:晴隆站
2017-11-01 21:50:47.8301 WS.EKA.Portal.Controllers.AccountController.Login Info Sbool:true
2017-11-01 21:50:47.8301 WS.EKA.Portal.Helpers.CommonRequest.ApiWeiXinLogin Info 店铺：shopnum1_administrators
2017-11-01 21:50:47.8782 WS.EKA.Portal.Helpers.CommonRequest.ApiGetWeixinShopConfigList Info 接口[api/getWeixinShopConfigList/]返回值有误
2017-11-01 21:50:52.6176 WS.EKA.Portal.Controllers.AccountController.Login Info 进入微信登录
2017-11-01 21:50:52.6176 WS.EKA.Portal.Controllers.AccountController.Login Info MemLoginID:oyq49xHVIShXZXnFQ7ixrnehLzBo
2017-11-01 21:50:52.6176 WS.EKA.Portal.Controllers.AccountController.Login Info AgentID:晴隆站
2017-11-01 21:50:52.6176 WS.EKA.Portal.Controllers.AccountController.Login Info Sbool:true
2017-11-01 21:50:52.6266 WS.EKA.Portal.Helpers.CommonRequest.ApiWeiXinLogin Info 店铺：shopnum1_administrators
2017-11-01 21:50:52.7838 WS.EKA.Portal.Helpers.CommonRequest.ApiGetWeixinShopConfigList Info 接口[api/getWeixinShopConfigList/]返回值有误
