2017-11-09 21:28:51.6582 WS.EKA.Portal.Helpers.CommonRequest.ApiGetProductListByType Error 接口[api/product2/type/]异常：Newtonsoft.Json.JsonReaderException: Unexpected character encountered while parsing value: 远. Path '', line 0, position 0.
   在 Newtonsoft.Json.JsonTextReader.ParseValue()
   在 Newtonsoft.Json.JsonTextReader.Read()
   在 Newtonsoft.Json.Serialization.JsonSerializerInternalReader.ReadForType(JsonReader reader, JsonContract contract, Boolean hasConverter)
   在 Newtonsoft.Json.Serialization.JsonSerializerInternalReader.Deserialize(JsonReader reader, Type objectType, Boolean checkAdditionalContent)
   在 Newtonsoft.Json.JsonSerializer.DeserializeInternal(JsonReader reader, Type objectType)
   在 Newtonsoft.Json.JsonConvert.DeserializeObject(String value, Type type, JsonSerializerSettings settings)
   在 Newtonsoft.Json.JsonConvert.DeserializeObject[T](String value, JsonSerializerSettings settings)
   在 WS.EKA.Portal.Helpers.CommonRequest.ApiGetProductListByType(Int32 type, Int32 pageIndex, Int32 pageCount, String sorts, Boolean isASC, String agentID, Boolean sbool) 位置 C:\Users\Administrator\Desktop\分销门户微信商城程序多人打开\分销商\WS.EKA.Portal\Helpers\CommonRequest.cs:行号 2679
2017-11-09 21:28:51.6582 WS.EKA.Portal.Helpers.CommonRequest.ApiGetProductListByType Error 接口[api/product2/type/]异常：Newtonsoft.Json.JsonReaderException: Unexpected character encountered while parsing value: 远. Path '', line 0, position 0.
   在 Newtonsoft.Json.JsonTextReader.ParseValue()
   在 Newtonsoft.Json.JsonTextReader.Read()
   在 Newtonsoft.Json.Serialization.JsonSerializerInternalReader.ReadForType(JsonReader reader, JsonContract contract, Boolean hasConverter)
   在 Newtonsoft.Json.Serialization.JsonSerializerInternalReader.Deserialize(JsonReader reader, Type objectType, Boolean checkAdditionalContent)
   在 Newtonsoft.Json.JsonSerializer.DeserializeInternal(JsonReader reader, Type objectType)
   在 Newtonsoft.Json.JsonConvert.DeserializeObject(String value, Type type, JsonSerializerSettings settings)
   在 Newtonsoft.Json.JsonConvert.DeserializeObject[T](String value, JsonSerializerSettings settings)
   在 WS.EKA.Portal.Helpers.CommonRequest.ApiGetProductListByType(Int32 type, Int32 pageIndex, Int32 pageCount, String sorts, Boolean isASC, String agentID, Boolean sbool) 位置 C:\Users\Administrator\Desktop\分销门户微信商城程序多人打开\分销商\WS.EKA.Portal\Helpers\CommonRequest.cs:行号 2679
2017-11-09 21:28:51.6582 WS.EKA.Portal.Helpers.CommonRequest.ApiGetWeixinShopConfigList Error 接口[api/getWeixinShopConfigList/]异常：Newtonsoft.Json.JsonReaderException: Unexpected character encountered while parsing value: 远. Path '', line 0, position 0.
   在 Newtonsoft.Json.JsonTextReader.ParseValue()
   在 Newtonsoft.Json.JsonTextReader.Read()
   在 Newtonsoft.Json.Serialization.JsonSerializerInternalReader.ReadForType(JsonReader reader, JsonContract contract, Boolean hasConverter)
   在 Newtonsoft.Json.Serialization.JsonSerializerInternalReader.Deserialize(JsonReader reader, Type objectType, Boolean checkAdditionalContent)
   在 Newtonsoft.Json.JsonSerializer.DeserializeInternal(JsonReader reader, Type objectType)
   在 Newtonsoft.Json.JsonConvert.DeserializeObject(String value, Type type, JsonSerializerSettings settings)
   在 Newtonsoft.Json.JsonConvert.DeserializeObject[T](String value, JsonSerializerSettings settings)
   在 WS.EKA.Portal.Helpers.CommonRequest.ApiGetWeixinShopConfigList(String shopID) 位置 C:\Users\Administrator\Desktop\分销门户微信商城程序多人打开\分销商\WS.EKA.Portal\Helpers\CommonRequest.cs:行号 522
2017-11-09 21:28:51.6582 WS.EKA.Portal.Helpers.CommonRequest.ApiGetProductListByType Error 接口[api/product2/type/]异常：Newtonsoft.Json.JsonReaderException: Unexpected character encountered while parsing value: 远. Path '', line 0, position 0.
   在 Newtonsoft.Json.JsonTextReader.ParseValue()
   在 Newtonsoft.Json.JsonTextReader.Read()
   在 Newtonsoft.Json.Serialization.JsonSerializerInternalReader.ReadForType(JsonReader reader, JsonContract contract, Boolean hasConverter)
   在 Newtonsoft.Json.Serialization.JsonSerializerInternalReader.Deserialize(JsonReader reader, Type objectType, Boolean checkAdditionalContent)
   在 Newtonsoft.Json.JsonSerializer.DeserializeInternal(JsonReader reader, Type objectType)
   在 Newtonsoft.Json.JsonConvert.DeserializeObject(String value, Type type, JsonSerializerSettings settings)
   在 Newtonsoft.Json.JsonConvert.DeserializeObject[T](String value, JsonSerializerSettings settings)
   在 WS.EKA.Portal.Helpers.CommonRequest.ApiGetProductListByType(Int32 type, Int32 pageIndex, Int32 pageCount, String sorts, Boolean isASC, String agentID, Boolean sbool) 位置 C:\Users\Administrator\Desktop\分销门户微信商城程序多人打开\分销商\WS.EKA.Portal\Helpers\CommonRequest.cs:行号 2679
2017-11-09 21:28:51.6582 WS.EKA.Portal.Helpers.CommonRequest.ApiGetProductListByType Error 接口[api/product2/type/]异常：Newtonsoft.Json.JsonReaderException: Unexpected character encountered while parsing value: 远. Path '', line 0, position 0.
   在 Newtonsoft.Json.JsonTextReader.ParseValue()
   在 Newtonsoft.Json.JsonTextReader.Read()
   在 Newtonsoft.Json.Serialization.JsonSerializerInternalReader.ReadForType(JsonReader reader, JsonContract contract, Boolean hasConverter)
   在 Newtonsoft.Json.Serialization.JsonSerializerInternalReader.Deserialize(JsonReader reader, Type objectType, Boolean checkAdditionalContent)
   在 Newtonsoft.Json.JsonSerializer.DeserializeInternal(JsonReader reader, Type objectType)
   在 Newtonsoft.Json.JsonConvert.DeserializeObject(String value, Type type, JsonSerializerSettings settings)
   在 Newtonsoft.Json.JsonConvert.DeserializeObject[T](String value, JsonSerializerSettings settings)
   在 WS.EKA.Portal.Helpers.CommonRequest.ApiGetProductListByType(Int32 type, Int32 pageIndex, Int32 pageCount, String sorts, Boolean isASC, String agentID, Boolean sbool) 位置 C:\Users\Administrator\Desktop\分销门户微信商城程序多人打开\分销商\WS.EKA.Portal\Helpers\CommonRequest.cs:行号 2679
2017-11-09 21:29:04.5488 WS.EKA.Portal.Helpers.CommonRequest.ApiUpdateNoIsSelected Error 接口[api/UpdateNoIsSelected/]异常：Newtonsoft.Json.JsonReaderException: Unexpected character encountered while parsing value: 远. Path '', line 0, position 0.
   在 Newtonsoft.Json.JsonTextReader.ParseValue()
   在 Newtonsoft.Json.JsonTextReader.Read()
   在 Newtonsoft.Json.Serialization.JsonSerializerInternalReader.ReadForType(JsonReader reader, JsonContract contract, Boolean hasConverter)
   在 Newtonsoft.Json.Serialization.JsonSerializerInternalReader.Deserialize(JsonReader reader, Type objectType, Boolean checkAdditionalContent)
   在 Newtonsoft.Json.JsonSerializer.DeserializeInternal(JsonReader reader, Type objectType)
   在 Newtonsoft.Json.JsonConvert.DeserializeObject(String value, Type type, JsonSerializerSettings settings)
   在 Newtonsoft.Json.JsonConvert.DeserializeObject[T](String value, JsonSerializerSettings settings)
   在 WS.EKA.Portal.Helpers.CommonRequest.ApiUpdateNoIsSelected(String MemLoginID, String agentID) 位置 C:\Users\Administrator\Desktop\分销门户微信商城程序多人打开\分销商\WS.EKA.Portal\Helpers\CommonRequest.cs:行号 3640
2017-11-09 21:29:04.5488 WS.EKA.Portal.Helpers.CommonRequest.ApiGetShoppingCartByMember Error 接口[api/shoppingcartget/]异常：Newtonsoft.Json.JsonReaderException: Unexpected character encountered while parsing value: 远. Path '', line 0, position 0.
   在 Newtonsoft.Json.JsonTextReader.ParseValue()
   在 Newtonsoft.Json.JsonTextReader.Read()
   在 Newtonsoft.Json.Serialization.JsonSerializerInternalReader.ReadForType(JsonReader reader, JsonContract contract, Boolean hasConverter)
   在 Newtonsoft.Json.Serialization.JsonSerializerInternalReader.Deserialize(JsonReader reader, Type objectType, Boolean checkAdditionalContent)
   在 Newtonsoft.Json.JsonSerializer.DeserializeInternal(JsonReader reader, Type objectType)
   在 Newtonsoft.Json.JsonConvert.DeserializeObject(String value, Type type, JsonSerializerSettings settings)
   在 Newtonsoft.Json.JsonConvert.DeserializeObject[T](String value, JsonSerializerSettings settings)
   在 WS.EKA.Portal.Helpers.CommonRequest.ApiGetShoppingCartByMember(String loginId, String agentID) 位置 C:\Users\Administrator\Desktop\分销门户微信商城程序多人打开\分销商\WS.EKA.Portal\Helpers\CommonRequest.cs:行号 3298
2017-11-09 21:29:14.5388 WS.EKA.Portal.Helpers.CommonRequest.ApiGetProductListByType Error 接口[api/product2/type/]异常：Newtonsoft.Json.JsonReaderException: Unexpected character encountered while parsing value: 远. Path '', line 0, position 0.
   在 Newtonsoft.Json.JsonTextReader.ParseValue()
   在 Newtonsoft.Json.JsonTextReader.Read()
   在 Newtonsoft.Json.Serialization.JsonSerializerInternalReader.ReadForType(JsonReader reader, JsonContract contract, Boolean hasConverter)
   在 Newtonsoft.Json.Serialization.JsonSerializerInternalReader.Deserialize(JsonReader reader, Type objectType, Boolean checkAdditionalContent)
   在 Newtonsoft.Json.JsonSerializer.DeserializeInternal(JsonReader reader, Type objectType)
   在 Newtonsoft.Json.JsonConvert.DeserializeObject(String value, Type type, JsonSerializerSettings settings)
   在 Newtonsoft.Json.JsonConvert.DeserializeObject[T](String value, JsonSerializerSettings settings)
   在 WS.EKA.Portal.Helpers.CommonRequest.ApiGetProductListByType(Int32 type, Int32 pageIndex, Int32 pageCount, String sorts, Boolean isASC, String agentID, Boolean sbool) 位置 C:\Users\Administrator\Desktop\分销门户微信商城程序多人打开\分销商\WS.EKA.Portal\Helpers\CommonRequest.cs:行号 2679
2017-11-09 21:29:14.5388 WS.EKA.Portal.Helpers.CommonRequest.ApiGetProductListByType Error 接口[api/product2/type/]异常：Newtonsoft.Json.JsonReaderException: Unexpected character encountered while parsing value: 远. Path '', line 0, position 0.
   在 Newtonsoft.Json.JsonTextReader.ParseValue()
   在 Newtonsoft.Json.JsonTextReader.Read()
   在 Newtonsoft.Json.Serialization.JsonSerializerInternalReader.ReadForType(JsonReader reader, JsonContract contract, Boolean hasConverter)
   在 Newtonsoft.Json.Serialization.JsonSerializerInternalReader.Deserialize(JsonReader reader, Type objectType, Boolean checkAdditionalContent)
   在 Newtonsoft.Json.JsonSerializer.DeserializeInternal(JsonReader reader, Type objectType)
   在 Newtonsoft.Json.JsonConvert.DeserializeObject(String value, Type type, JsonSerializerSettings settings)
   在 Newtonsoft.Json.JsonConvert.DeserializeObject[T](String value, JsonSerializerSettings settings)
   在 WS.EKA.Portal.Helpers.CommonRequest.ApiGetProductListByType(Int32 type, Int32 pageIndex, Int32 pageCount, String sorts, Boolean isASC, String agentID, Boolean sbool) 位置 C:\Users\Administrator\Desktop\分销门户微信商城程序多人打开\分销商\WS.EKA.Portal\Helpers\CommonRequest.cs:行号 2679
2017-11-09 21:29:24.5338 WS.EKA.Portal.Helpers.CommonRequest.ApiGetProductListByType Error 接口[api/product2/type/]异常：Newtonsoft.Json.JsonReaderException: Unexpected character encountered while parsing value: 远. Path '', line 0, position 0.
   在 Newtonsoft.Json.JsonTextReader.ParseValue()
   在 Newtonsoft.Json.JsonTextReader.Read()
   在 Newtonsoft.Json.Serialization.JsonSerializerInternalReader.ReadForType(JsonReader reader, JsonContract contract, Boolean hasConverter)
   在 Newtonsoft.Json.Serialization.JsonSerializerInternalReader.Deserialize(JsonReader reader, Type objectType, Boolean checkAdditionalContent)
   在 Newtonsoft.Json.JsonSerializer.DeserializeInternal(JsonReader reader, Type objectType)
   在 Newtonsoft.Json.JsonConvert.DeserializeObject(String value, Type type, JsonSerializerSettings settings)
   在 Newtonsoft.Json.JsonConvert.DeserializeObject[T](String value, JsonSerializerSettings settings)
   在 WS.EKA.Portal.Helpers.CommonRequest.ApiGetProductListByType(Int32 type, Int32 pageIndex, Int32 pageCount, String sorts, Boolean isASC, String agentID, Boolean sbool) 位置 C:\Users\Administrator\Desktop\分销门户微信商城程序多人打开\分销商\WS.EKA.Portal\Helpers\CommonRequest.cs:行号 2679
2017-11-09 21:29:24.5338 WS.EKA.Portal.Helpers.CommonRequest.ApiGetProductListByType Error 接口[api/product2/type/]异常：Newtonsoft.Json.JsonReaderException: Unexpected character encountered while parsing value: 远. Path '', line 0, position 0.
   在 Newtonsoft.Json.JsonTextReader.ParseValue()
   在 Newtonsoft.Json.JsonTextReader.Read()
   在 Newtonsoft.Json.Serialization.JsonSerializerInternalReader.ReadForType(JsonReader reader, JsonContract contract, Boolean hasConverter)
   在 Newtonsoft.Json.Serialization.JsonSerializerInternalReader.Deserialize(JsonReader reader, Type objectType, Boolean checkAdditionalContent)
   在 Newtonsoft.Json.JsonSerializer.DeserializeInternal(JsonReader reader, Type objectType)
   在 Newtonsoft.Json.JsonConvert.DeserializeObject(String value, Type type, JsonSerializerSettings settings)
   在 Newtonsoft.Json.JsonConvert.DeserializeObject[T](String value, JsonSerializerSettings settings)
   在 WS.EKA.Portal.Helpers.CommonRequest.ApiGetProductListByType(Int32 type, Int32 pageIndex, Int32 pageCount, String sorts, Boolean isASC, String agentID, Boolean sbool) 位置 C:\Users\Administrator\Desktop\分销门户微信商城程序多人打开\分销商\WS.EKA.Portal\Helpers\CommonRequest.cs:行号 2679
2017-11-09 21:29:35.5337 WS.EKA.Portal.Helpers.CommonRequest.ApiGetWeixinShopConfigList Error 接口[api/getWeixinShopConfigList/]异常：Newtonsoft.Json.JsonReaderException: Unexpected character encountered while parsing value: 远. Path '', line 0, position 0.
   在 Newtonsoft.Json.JsonTextReader.ParseValue()
   在 Newtonsoft.Json.JsonTextReader.Read()
   在 Newtonsoft.Json.Serialization.JsonSerializerInternalReader.ReadForType(JsonReader reader, JsonContract contract, Boolean hasConverter)
   在 Newtonsoft.Json.Serialization.JsonSerializerInternalReader.Deserialize(JsonReader reader, Type objectType, Boolean checkAdditionalContent)
   在 Newtonsoft.Json.JsonSerializer.DeserializeInternal(JsonReader reader, Type objectType)
   在 Newtonsoft.Json.JsonConvert.DeserializeObject(String value, Type type, JsonSerializerSettings settings)
   在 Newtonsoft.Json.JsonConvert.DeserializeObject[T](String value, JsonSerializerSettings settings)
   在 WS.EKA.Portal.Helpers.CommonRequest.ApiGetWeixinShopConfigList(String shopID) 位置 C:\Users\Administrator\Desktop\分销门户微信商城程序多人打开\分销商\WS.EKA.Portal\Helpers\CommonRequest.cs:行号 522
2017-11-09 21:30:25.8452 WS.EKA.Portal.Helpers.CommonRequest.GetAnnouncementList Error 接口[api/GetAnnouncementList/]异常：Newtonsoft.Json.JsonReaderException: Unexpected character encountered while parsing value: 操. Path '', line 0, position 0.
   在 Newtonsoft.Json.JsonTextReader.ParseValue()
   在 Newtonsoft.Json.JsonTextReader.Read()
   在 Newtonsoft.Json.Serialization.JsonSerializerInternalReader.ReadForType(JsonReader reader, JsonContract contract, Boolean hasConverter)
   在 Newtonsoft.Json.Serialization.JsonSerializerInternalReader.Deserialize(JsonReader reader, Type objectType, Boolean checkAdditionalContent)
   在 Newtonsoft.Json.JsonSerializer.DeserializeInternal(JsonReader reader, Type objectType)
   在 Newtonsoft.Json.JsonConvert.DeserializeObject(String value, Type type, JsonSerializerSettings settings)
   在 Newtonsoft.Json.JsonConvert.DeserializeObject[T](String value, JsonSerializerSettings settings)
   在 WS.EKA.Portal.Helpers.CommonRequest.GetAnnouncementList(String AgentID) 位置 C:\Users\Administrator\Desktop\分销门户微信商城程序多人打开\分销商\WS.EKA.Portal\Helpers\CommonRequest.cs:行号 2515
2017-11-09 21:30:28.9490 WS.EKA.Portal.Helpers.CommonRequest.ApiGetProductListByType Error 接口[api/product2/type/]异常：Newtonsoft.Json.JsonReaderException: Unexpected character encountered while parsing value: 远. Path '', line 0, position 0.
   在 Newtonsoft.Json.JsonTextReader.ParseValue()
   在 Newtonsoft.Json.JsonTextReader.ReadInternal()
   在 Newtonsoft.Json.JsonTextReader.Read()
   在 Newtonsoft.Json.Serialization.JsonSerializerInternalReader.ReadForType(JsonReader reader, JsonContract contract, Boolean hasConverter)
   在 Newtonsoft.Json.Serialization.JsonSerializerInternalReader.Deserialize(JsonReader reader, Type objectType, Boolean checkAdditionalContent)
   在 Newtonsoft.Json.JsonSerializer.DeserializeInternal(JsonReader reader, Type objectType)
   在 Newtonsoft.Json.JsonConvert.DeserializeObject(String value, Type type, JsonSerializerSettings settings)
   在 Newtonsoft.Json.JsonConvert.DeserializeObject[T](String value, JsonSerializerSettings settings)
   在 WS.EKA.Portal.Helpers.CommonRequest.ApiGetProductListByType(Int32 type, Int32 pageIndex, Int32 pageCount, String sorts, Boolean isASC, String agentID, Boolean sbool) 位置 C:\Users\Administrator\Desktop\分销门户微信商城程序多人打开\分销商\WS.EKA.Portal\Helpers\CommonRequest.cs:行号 2674
2017-11-09 21:30:29.5374 WS.EKA.Portal.Helpers.CommonRequest.ApiGetProductListByType Error 接口[api/product2/type/]异常：Newtonsoft.Json.JsonReaderException: Unexpected character encountered while parsing value: 远. Path '', line 0, position 0.
   在 Newtonsoft.Json.JsonTextReader.ParseValue()
   在 Newtonsoft.Json.JsonTextReader.ReadInternal()
   在 Newtonsoft.Json.JsonTextReader.Read()
   在 Newtonsoft.Json.Serialization.JsonSerializerInternalReader.ReadForType(JsonReader reader, JsonContract contract, Boolean hasConverter)
   在 Newtonsoft.Json.Serialization.JsonSerializerInternalReader.Deserialize(JsonReader reader, Type objectType, Boolean checkAdditionalContent)
   在 Newtonsoft.Json.JsonSerializer.DeserializeInternal(JsonReader reader, Type objectType)
   在 Newtonsoft.Json.JsonConvert.DeserializeObject(String value, Type type, JsonSerializerSettings settings)
   在 Newtonsoft.Json.JsonConvert.DeserializeObject[T](String value, JsonSerializerSettings settings)
   在 WS.EKA.Portal.Helpers.CommonRequest.ApiGetProductListByType(Int32 type, Int32 pageIndex, Int32 pageCount, String sorts, Boolean isASC, String agentID, Boolean sbool) 位置 C:\Users\Administrator\Desktop\分销门户微信商城程序多人打开\分销商\WS.EKA.Portal\Helpers\CommonRequest.cs:行号 2674
2017-11-09 21:30:29.5374 WS.EKA.Portal.Helpers.CommonRequest.ApiGetProductListByType Error 接口[api/product2/type/]异常：Newtonsoft.Json.JsonReaderException: Unexpected character encountered while parsing value: 远. Path '', line 0, position 0.
   在 Newtonsoft.Json.JsonTextReader.ParseValue()
   在 Newtonsoft.Json.JsonTextReader.ReadInternal()
   在 Newtonsoft.Json.JsonTextReader.Read()
   在 Newtonsoft.Json.Serialization.JsonSerializerInternalReader.ReadForType(JsonReader reader, JsonContract contract, Boolean hasConverter)
   在 Newtonsoft.Json.Serialization.JsonSerializerInternalReader.Deserialize(JsonReader reader, Type objectType, Boolean checkAdditionalContent)
   在 Newtonsoft.Json.JsonSerializer.DeserializeInternal(JsonReader reader, Type objectType)
   在 Newtonsoft.Json.JsonConvert.DeserializeObject(String value, Type type, JsonSerializerSettings settings)
   在 Newtonsoft.Json.JsonConvert.DeserializeObject[T](String value, JsonSerializerSettings settings)
   在 WS.EKA.Portal.Helpers.CommonRequest.ApiGetProductListByType(Int32 type, Int32 pageIndex, Int32 pageCount, String sorts, Boolean isASC, String agentID, Boolean sbool) 位置 C:\Users\Administrator\Desktop\分销门户微信商城程序多人打开\分销商\WS.EKA.Portal\Helpers\CommonRequest.cs:行号 2674
2017-11-09 21:30:29.5374 WS.EKA.Portal.Helpers.CommonRequest.ApiGetProductListByType Error 接口[api/product2/type/]异常：Newtonsoft.Json.JsonReaderException: Unexpected character encountered while parsing value: 远. Path '', line 0, position 0.
   在 Newtonsoft.Json.JsonTextReader.ParseValue()
   在 Newtonsoft.Json.JsonTextReader.ReadInternal()
   在 Newtonsoft.Json.JsonTextReader.Read()
   在 Newtonsoft.Json.Serialization.JsonSerializerInternalReader.ReadForType(JsonReader reader, JsonContract contract, Boolean hasConverter)
   在 Newtonsoft.Json.Serialization.JsonSerializerInternalReader.Deserialize(JsonReader reader, Type objectType, Boolean checkAdditionalContent)
   在 Newtonsoft.Json.JsonSerializer.DeserializeInternal(JsonReader reader, Type objectType)
   在 Newtonsoft.Json.JsonConvert.DeserializeObject(String value, Type type, JsonSerializerSettings settings)
   在 Newtonsoft.Json.JsonConvert.DeserializeObject[T](String value, JsonSerializerSettings settings)
   在 WS.EKA.Portal.Helpers.CommonRequest.ApiGetProductListByType(Int32 type, Int32 pageIndex, Int32 pageCount, String sorts, Boolean isASC, String agentID, Boolean sbool) 位置 C:\Users\Administrator\Desktop\分销门户微信商城程序多人打开\分销商\WS.EKA.Portal\Helpers\CommonRequest.cs:行号 2674
2017-11-09 21:30:29.6085 WS.EKA.Portal.Helpers.CommonRequest.ApiGetWeixinShopConfigList Error 接口[api/getWeixinShopConfigList/]异常：Newtonsoft.Json.JsonReaderException: Unexpected character encountered while parsing value: 远. Path '', line 0, position 0.
   在 Newtonsoft.Json.JsonTextReader.ParseValue()
   在 Newtonsoft.Json.JsonTextReader.ReadInternal()
   在 Newtonsoft.Json.JsonTextReader.Read()
   在 Newtonsoft.Json.Serialization.JsonSerializerInternalReader.ReadForType(JsonReader reader, JsonContract contract, Boolean hasConverter)
   在 Newtonsoft.Json.Serialization.JsonSerializerInternalReader.Deserialize(JsonReader reader, Type objectType, Boolean checkAdditionalContent)
   在 Newtonsoft.Json.JsonSerializer.DeserializeInternal(JsonReader reader, Type objectType)
   在 Newtonsoft.Json.JsonConvert.DeserializeObject(String value, Type type, JsonSerializerSettings settings)
   在 Newtonsoft.Json.JsonConvert.DeserializeObject[T](String value, JsonSerializerSettings settings)
   在 WS.EKA.Portal.Helpers.CommonRequest.ApiGetWeixinShopConfigList(String shopID) 位置 C:\Users\Administrator\Desktop\分销门户微信商城程序多人打开\分销商\WS.EKA.Portal\Helpers\CommonRequest.cs:行号 520
2017-11-09 21:30:32.1688 WS.EKA.Portal.Helpers.CommonRequest.GetDefaultADList Error 接口[api/GetDefaultAd/]异常：Newtonsoft.Json.JsonReaderException: Unexpected character encountered while parsing value: 操. Path '', line 0, position 0.
   在 Newtonsoft.Json.JsonTextReader.ParseValue()
   在 Newtonsoft.Json.JsonTextReader.Read()
   在 Newtonsoft.Json.Serialization.JsonSerializerInternalReader.ReadForType(JsonReader reader, JsonContract contract, Boolean hasConverter)
   在 Newtonsoft.Json.Serialization.JsonSerializerInternalReader.Deserialize(JsonReader reader, Type objectType, Boolean checkAdditionalContent)
   在 Newtonsoft.Json.JsonSerializer.DeserializeInternal(JsonReader reader, Type objectType)
   在 Newtonsoft.Json.JsonConvert.DeserializeObject(String value, Type type, JsonSerializerSettings settings)
   在 Newtonsoft.Json.JsonConvert.DeserializeObject[T](String value, JsonSerializerSettings settings)
   在 WS.EKA.Portal.Helpers.CommonRequest.GetDefaultADList(Int32 banerPostion, Int32 W_Type, String shopID) 位置 C:\Users\Administrator\Desktop\分销门户微信商城程序多人打开\分销商\WS.EKA.Portal\Helpers\CommonRequest.cs:行号 4267
2017-11-09 21:30:32.1699 WS.EKA.Portal.Helpers.CommonRequest.ApiProductCatagory Error 接口[api/productcatagory/]异常：Newtonsoft.Json.JsonReaderException: Unexpected character encountered while parsing value: 操. Path '', line 0, position 0.
   在 Newtonsoft.Json.JsonTextReader.ParseValue()
   在 Newtonsoft.Json.JsonTextReader.Read()
   在 Newtonsoft.Json.Serialization.JsonSerializerInternalReader.ReadForType(JsonReader reader, JsonContract contract, Boolean hasConverter)
   在 Newtonsoft.Json.Serialization.JsonSerializerInternalReader.Deserialize(JsonReader reader, Type objectType, Boolean checkAdditionalContent)
   在 Newtonsoft.Json.JsonSerializer.DeserializeInternal(JsonReader reader, Type objectType)
   在 Newtonsoft.Json.JsonConvert.DeserializeObject(String value, Type type, JsonSerializerSettings settings)
   在 Newtonsoft.Json.JsonConvert.DeserializeObject[T](String value, JsonSerializerSettings settings)
   在 WS.EKA.Portal.Helpers.CommonRequest.ApiProductCatagory(Int32 id, String agentID, Boolean sbool) 位置 C:\Users\Administrator\Desktop\分销门户微信商城程序多人打开\分销商\WS.EKA.Portal\Helpers\CommonRequest.cs:行号 2565
2017-11-09 21:30:38.0272 WS.EKA.Portal.Helpers.CommonRequest.ApiProductCatagory Error 接口[api/productcatagory/]异常：Newtonsoft.Json.JsonReaderException: Unexpected character encountered while parsing value: 操. Path '', line 0, position 0.
   在 Newtonsoft.Json.JsonTextReader.ParseValue()
   在 Newtonsoft.Json.JsonTextReader.Read()
   在 Newtonsoft.Json.Serialization.JsonSerializerInternalReader.ReadForType(JsonReader reader, JsonContract contract, Boolean hasConverter)
   在 Newtonsoft.Json.Serialization.JsonSerializerInternalReader.Deserialize(JsonReader reader, Type objectType, Boolean checkAdditionalContent)
   在 Newtonsoft.Json.JsonSerializer.DeserializeInternal(JsonReader reader, Type objectType)
   在 Newtonsoft.Json.JsonConvert.DeserializeObject(String value, Type type, JsonSerializerSettings settings)
   在 Newtonsoft.Json.JsonConvert.DeserializeObject[T](String value, JsonSerializerSettings settings)
   在 WS.EKA.Portal.Helpers.CommonRequest.ApiProductCatagory(Int32 id, String agentID, Boolean sbool) 位置 C:\Users\Administrator\Desktop\分销门户微信商城程序多人打开\分销商\WS.EKA.Portal\Helpers\CommonRequest.cs:行号 2565
2017-11-09 21:31:04.5600 WS.EKA.Portal.Helpers.CommonRequest.GetAnnouncementList Error 接口[api/GetAnnouncementList/]异常：Newtonsoft.Json.JsonReaderException: Unexpected character encountered while parsing value: 操. Path '', line 0, position 0.
   在 Newtonsoft.Json.JsonTextReader.ParseValue()
   在 Newtonsoft.Json.JsonTextReader.Read()
   在 Newtonsoft.Json.Serialization.JsonSerializerInternalReader.ReadForType(JsonReader reader, JsonContract contract, Boolean hasConverter)
   在 Newtonsoft.Json.Serialization.JsonSerializerInternalReader.Deserialize(JsonReader reader, Type objectType, Boolean checkAdditionalContent)
   在 Newtonsoft.Json.JsonSerializer.DeserializeInternal(JsonReader reader, Type objectType)
   在 Newtonsoft.Json.JsonConvert.DeserializeObject(String value, Type type, JsonSerializerSettings settings)
   在 Newtonsoft.Json.JsonConvert.DeserializeObject[T](String value, JsonSerializerSettings settings)
   在 WS.EKA.Portal.Helpers.CommonRequest.GetAnnouncementList(String AgentID) 位置 C:\Users\Administrator\Desktop\分销门户微信商城程序多人打开\分销商\WS.EKA.Portal\Helpers\CommonRequest.cs:行号 2515
2017-11-09 21:31:15.5590 WS.EKA.Portal.Helpers.CommonRequest.ApiProductCatagory Error 接口[api/productcatagory/]异常：Newtonsoft.Json.JsonReaderException: Unexpected character encountered while parsing value: 操. Path '', line 0, position 0.
   在 Newtonsoft.Json.JsonTextReader.ParseValue()
   在 Newtonsoft.Json.JsonTextReader.Read()
   在 Newtonsoft.Json.Serialization.JsonSerializerInternalReader.ReadForType(JsonReader reader, JsonContract contract, Boolean hasConverter)
   在 Newtonsoft.Json.Serialization.JsonSerializerInternalReader.Deserialize(JsonReader reader, Type objectType, Boolean checkAdditionalContent)
   在 Newtonsoft.Json.JsonSerializer.DeserializeInternal(JsonReader reader, Type objectType)
   在 Newtonsoft.Json.JsonConvert.DeserializeObject(String value, Type type, JsonSerializerSettings settings)
   在 Newtonsoft.Json.JsonConvert.DeserializeObject[T](String value, JsonSerializerSettings settings)
   在 WS.EKA.Portal.Helpers.CommonRequest.ApiProductCatagory(Int32 id, String agentID, Boolean sbool) 位置 C:\Users\Administrator\Desktop\分销门户微信商城程序多人打开\分销商\WS.EKA.Portal\Helpers\CommonRequest.cs:行号 2565
2017-11-09 21:31:54.0827 WS.EKA.Portal.Helpers.CommonRequest.GetAnnouncementList Error 接口[api/GetAnnouncementList/]异常：Newtonsoft.Json.JsonReaderException: Unexpected character encountered while parsing value: 操. Path '', line 0, position 0.
   在 Newtonsoft.Json.JsonTextReader.ParseValue()
   在 Newtonsoft.Json.JsonTextReader.ReadInternal()
   在 Newtonsoft.Json.JsonTextReader.Read()
   在 Newtonsoft.Json.Serialization.JsonSerializerInternalReader.ReadForType(JsonReader reader, JsonContract contract, Boolean hasConverter)
   在 Newtonsoft.Json.Serialization.JsonSerializerInternalReader.Deserialize(JsonReader reader, Type objectType, Boolean checkAdditionalContent)
   在 Newtonsoft.Json.JsonSerializer.DeserializeInternal(JsonReader reader, Type objectType)
   在 Newtonsoft.Json.JsonConvert.DeserializeObject(String value, Type type, JsonSerializerSettings settings)
   在 Newtonsoft.Json.JsonConvert.DeserializeObject[T](String value, JsonSerializerSettings settings)
   在 WS.EKA.Portal.Helpers.CommonRequest.GetAnnouncementList(String AgentID) 位置 C:\Users\Administrator\Desktop\分销门户微信商城程序多人打开\分销商\WS.EKA.Portal\Helpers\CommonRequest.cs:行号 2510
2017-11-09 21:32:09.2835 WS.EKA.Portal.Helpers.CommonRequest.ApiProductCatagory Error 接口[api/productcatagory/]异常：Newtonsoft.Json.JsonReaderException: Unexpected character encountered while parsing value: 操. Path '', line 0, position 0.
   在 Newtonsoft.Json.JsonTextReader.ParseValue()
   在 Newtonsoft.Json.JsonTextReader.ReadInternal()
   在 Newtonsoft.Json.JsonTextReader.Read()
   在 Newtonsoft.Json.Serialization.JsonSerializerInternalReader.ReadForType(JsonReader reader, JsonContract contract, Boolean hasConverter)
   在 Newtonsoft.Json.Serialization.JsonSerializerInternalReader.Deserialize(JsonReader reader, Type objectType, Boolean checkAdditionalContent)
   在 Newtonsoft.Json.JsonSerializer.DeserializeInternal(JsonReader reader, Type objectType)
   在 Newtonsoft.Json.JsonConvert.DeserializeObject(String value, Type type, JsonSerializerSettings settings)
   在 Newtonsoft.Json.JsonConvert.DeserializeObject[T](String value, JsonSerializerSettings settings)
   在 WS.EKA.Portal.Helpers.CommonRequest.ApiProductCatagory(Int32 id, String agentID, Boolean sbool) 位置 C:\Users\Administrator\Desktop\分销门户微信商城程序多人打开\分销商\WS.EKA.Portal\Helpers\CommonRequest.cs:行号 2560
2017-11-09 21:32:09.5727 WS.EKA.Portal.Helpers.CommonRequest.GetDefaultADList Error 接口[api/GetDefaultAd/]异常：Newtonsoft.Json.JsonReaderException: Unexpected character encountered while parsing value: 操. Path '', line 0, position 0.
   在 Newtonsoft.Json.JsonTextReader.ParseValue()
   在 Newtonsoft.Json.JsonTextReader.ReadInternal()
   在 Newtonsoft.Json.JsonTextReader.Read()
   在 Newtonsoft.Json.Serialization.JsonSerializerInternalReader.ReadForType(JsonReader reader, JsonContract contract, Boolean hasConverter)
   在 Newtonsoft.Json.Serialization.JsonSerializerInternalReader.Deserialize(JsonReader reader, Type objectType, Boolean checkAdditionalContent)
   在 Newtonsoft.Json.JsonSerializer.DeserializeInternal(JsonReader reader, Type objectType)
   在 Newtonsoft.Json.JsonConvert.DeserializeObject(String value, Type type, JsonSerializerSettings settings)
   在 Newtonsoft.Json.JsonConvert.DeserializeObject[T](String value, JsonSerializerSettings settings)
   在 WS.EKA.Portal.Helpers.CommonRequest.GetDefaultADList(Int32 banerPostion, Int32 W_Type, String shopID) 位置 C:\Users\Administrator\Desktop\分销门户微信商城程序多人打开\分销商\WS.EKA.Portal\Helpers\CommonRequest.cs:行号 4262
2017-11-09 21:34:23.5646 WS.EKA.Portal.Helpers.CommonRequest.ApiGetWeixinShopConfigList Info 接口[api/getWeixinShopConfigList/]返回值有误
2017-11-09 21:34:23.5646 WS.EKA.Portal.Helpers.CommonRequest.ApiGetWeixinShopConfigList Info 接口[api/getWeixinShopConfigList/]返回值有误
2017-11-09 22:20:35.7915 WS.EKA.Portal.Helpers.CommonRequest.ApiGetWeixinShopConfigList Info 接口[api/getWeixinShopConfigList/]返回值有误
2017-11-09 22:21:06.7714 WS.EKA.Portal.Helpers.CommonRequest.ApiGetWeixinShopConfigList Info 接口[api/getWeixinShopConfigList/]返回值有误
2017-11-09 22:21:17.7764 WS.EKA.Portal.Helpers.CommonRequest.ApiAccountCheck Error 接口[api/accountuserexist/]异常：Newtonsoft.Json.JsonReaderException: Unexpected character encountered while parsing value: 远. Path '', line 0, position 0.
   在 Newtonsoft.Json.JsonTextReader.ParseValue()
   在 Newtonsoft.Json.JsonTextReader.ReadInternal()
   在 Newtonsoft.Json.JsonTextReader.Read()
   在 Newtonsoft.Json.Serialization.JsonSerializerInternalReader.ReadForType(JsonReader reader, JsonContract contract, Boolean hasConverter)
   在 Newtonsoft.Json.Serialization.JsonSerializerInternalReader.Deserialize(JsonReader reader, Type objectType, Boolean checkAdditionalContent)
   在 Newtonsoft.Json.JsonSerializer.DeserializeInternal(JsonReader reader, Type objectType)
   在 Newtonsoft.Json.JsonConvert.DeserializeObject(String value, Type type, JsonSerializerSettings settings)
   在 Newtonsoft.Json.JsonConvert.DeserializeObject[T](String value, JsonSerializerSettings settings)
   在 WS.EKA.Portal.Helpers.CommonRequest.ApiAccountCheck(String memLoginID) 位置 C:\Users\Administrator\Desktop\分销门户微信商城程序多人打开\分销商\WS.EKA.Portal\Helpers\CommonRequest.cs:行号 3860
2017-11-09 22:21:19.4559 WS.EKA.Portal.Helpers.CommonRequest.ApiAccountCheck Error 接口[api/accountuserexist/]异常：Newtonsoft.Json.JsonReaderException: Unexpected character encountered while parsing value: 远. Path '', line 0, position 0.
   在 Newtonsoft.Json.JsonTextReader.ParseValue()
   在 Newtonsoft.Json.JsonTextReader.ReadInternal()
   在 Newtonsoft.Json.JsonTextReader.Read()
   在 Newtonsoft.Json.Serialization.JsonSerializerInternalReader.ReadForType(JsonReader reader, JsonContract contract, Boolean hasConverter)
   在 Newtonsoft.Json.Serialization.JsonSerializerInternalReader.Deserialize(JsonReader reader, Type objectType, Boolean checkAdditionalContent)
   在 Newtonsoft.Json.JsonSerializer.DeserializeInternal(JsonReader reader, Type objectType)
   在 Newtonsoft.Json.JsonConvert.DeserializeObject(String value, Type type, JsonSerializerSettings settings)
   在 Newtonsoft.Json.JsonConvert.DeserializeObject[T](String value, JsonSerializerSettings settings)
   在 WS.EKA.Portal.Helpers.CommonRequest.ApiAccountCheck(String memLoginID) 位置 C:\Users\Administrator\Desktop\分销门户微信商城程序多人打开\分销商\WS.EKA.Portal\Helpers\CommonRequest.cs:行号 3860
2017-11-09 22:21:20.6249 WS.EKA.Portal.Helpers.CommonRequest.ApiAccountCheck Error 接口[api/accountuserexist/]异常：Newtonsoft.Json.JsonReaderException: Unexpected character encountered while parsing value: 远. Path '', line 0, position 0.
   在 Newtonsoft.Json.JsonTextReader.ParseValue()
   在 Newtonsoft.Json.JsonTextReader.ReadInternal()
   在 Newtonsoft.Json.JsonTextReader.Read()
   在 Newtonsoft.Json.Serialization.JsonSerializerInternalReader.ReadForType(JsonReader reader, JsonContract contract, Boolean hasConverter)
   在 Newtonsoft.Json.Serialization.JsonSerializerInternalReader.Deserialize(JsonReader reader, Type objectType, Boolean checkAdditionalContent)
   在 Newtonsoft.Json.JsonSerializer.DeserializeInternal(JsonReader reader, Type objectType)
   在 Newtonsoft.Json.JsonConvert.DeserializeObject(String value, Type type, JsonSerializerSettings settings)
   在 Newtonsoft.Json.JsonConvert.DeserializeObject[T](String value, JsonSerializerSettings settings)
   在 WS.EKA.Portal.Helpers.CommonRequest.ApiAccountCheck(String memLoginID) 位置 C:\Users\Administrator\Desktop\分销门户微信商城程序多人打开\分销商\WS.EKA.Portal\Helpers\CommonRequest.cs:行号 3860
2017-11-09 22:21:21.9722 WS.EKA.Portal.Helpers.CommonRequest.ApiAccountCheck Error 接口[api/accountuserexist/]异常：Newtonsoft.Json.JsonReaderException: Unexpected character encountered while parsing value: 远. Path '', line 0, position 0.
   在 Newtonsoft.Json.JsonTextReader.ParseValue()
   在 Newtonsoft.Json.JsonTextReader.ReadInternal()
   在 Newtonsoft.Json.JsonTextReader.Read()
   在 Newtonsoft.Json.Serialization.JsonSerializerInternalReader.ReadForType(JsonReader reader, JsonContract contract, Boolean hasConverter)
   在 Newtonsoft.Json.Serialization.JsonSerializerInternalReader.Deserialize(JsonReader reader, Type objectType, Boolean checkAdditionalContent)
   在 Newtonsoft.Json.JsonSerializer.DeserializeInternal(JsonReader reader, Type objectType)
   在 Newtonsoft.Json.JsonConvert.DeserializeObject(String value, Type type, JsonSerializerSettings settings)
   在 Newtonsoft.Json.JsonConvert.DeserializeObject[T](String value, JsonSerializerSettings settings)
   在 WS.EKA.Portal.Helpers.CommonRequest.ApiAccountCheck(String memLoginID) 位置 C:\Users\Administrator\Desktop\分销门户微信商城程序多人打开\分销商\WS.EKA.Portal\Helpers\CommonRequest.cs:行号 3860
2017-11-09 22:21:47.0298 WS.EKA.Portal.Helpers.CommonRequest.ApiGetWeixinShopConfigList Info 接口[api/getWeixinShopConfigList/]返回值有误
2017-11-09 22:21:51.2626 WS.EKA.Portal.Helpers.CommonRequest.ApiGetWeixinShopConfigList Info 接口[api/getWeixinShopConfigList/]返回值有误
