2017-10-31 09:15:26.1410 WS.EKA.Portal.Helpers.CommonRequest.ApiGetWeixinShopConfigList Info 接口[api/getWeixinShopConfigList/]返回值有误
2017-10-31 09:15:26.5160 WS.EKA.Portal.Helpers.CommonRequest.ApiGetWeixinShopConfigList Info 接口[api/getWeixinShopConfigList/]返回值有误
2017-10-31 09:15:37.0009 WS.EKA.Portal.Controllers.AccountController.Login Info 进入微信登录
2017-10-31 09:15:37.0009 WS.EKA.Portal.Controllers.AccountController.Login Info MemLoginID:oyq49xIv4se1pT3xFCOTjMjQTyHQ
2017-10-31 09:15:37.0165 WS.EKA.Portal.Controllers.AccountController.Login Info AgentID:晴隆站
2017-10-31 09:15:37.0165 WS.EKA.Portal.Controllers.AccountController.Login Info Sbool:true
2017-10-31 09:15:37.0477 WS.EKA.Portal.Helpers.CommonRequest.ApiWeiXinLogin Info 店铺：shopnum1_administrators
2017-10-31 09:15:37.2665 WS.EKA.Portal.Helpers.CommonRequest.ApiGetWeixinShopConfigList Info 接口[api/getWeixinShopConfigList/]返回值有误
2017-10-31 09:17:20.0701 WS.EKA.Portal.Controllers.AccountController.Login Info 进入微信登录
2017-10-31 09:17:20.0701 WS.EKA.Portal.Controllers.AccountController.Login Info MemLoginID:oyq49xHBSw9-ymUnuUMfNiBtp_wg
2017-10-31 09:17:20.0701 WS.EKA.Portal.Controllers.AccountController.Login Info AgentID:晴隆站
2017-10-31 09:17:20.0701 WS.EKA.Portal.Controllers.AccountController.Login Info Sbool:true
2017-10-31 09:17:20.0858 WS.EKA.Portal.Helpers.CommonRequest.ApiWeiXinLogin Info 店铺：shopnum1_administrators
2017-10-31 09:17:20.5077 WS.EKA.Portal.Helpers.CommonRequest.ApiGetWeixinShopConfigList Info 接口[api/getWeixinShopConfigList/]返回值有误
2017-10-31 09:17:24.1922 WS.EKA.Portal.Controllers.AccountController.Login Info 进入微信登录
2017-10-31 09:17:24.1922 WS.EKA.Portal.Controllers.AccountController.Login Info MemLoginID:oyq49xIv4se1pT3xFCOTjMjQTyHQ
2017-10-31 09:17:24.1922 WS.EKA.Portal.Controllers.AccountController.Login Info AgentID:晴隆站
2017-10-31 09:17:24.1922 WS.EKA.Portal.Controllers.AccountController.Login Info Sbool:true
2017-10-31 09:17:24.2078 WS.EKA.Portal.Helpers.CommonRequest.ApiWeiXinLogin Info 店铺：shopnum1_administrators
2017-10-31 09:17:24.4265 WS.EKA.Portal.Helpers.CommonRequest.ApiGetWeixinShopConfigList Info 接口[api/getWeixinShopConfigList/]返回值有误
2017-10-31 09:17:50.7435 WS.EKA.Portal.Helpers.CommonRequest.ApiAccountLogin Error 接口[api/accountlogin/]异常：Microsoft.CSharp.RuntimeBinder.RuntimeBinderException: 无法对 null 引用执行运行时绑定
   在 CallSite.Target(Closure , CallSite , Object )
   在 System.Dynamic.UpdateDelegates.UpdateAndExecute1[T0,TRet](CallSite site, T0 arg0)
   在 WS.EKA.Portal.Helpers.CommonRequest.ApiAccountLogin(Account account) 位置 C:\Users\Administrator\Desktop\分销门户微信商城程序多人打开\分销商\WS.EKA.Portal\Helpers\CommonRequest.cs:行号 72
2017-10-31 09:18:01.5720 WS.EKA.Portal.Helpers.CommonRequest.ApiAccountLogin Error 接口[api/accountlogin/]异常：Microsoft.CSharp.RuntimeBinder.RuntimeBinderException: 无法对 null 引用执行运行时绑定
   在 CallSite.Target(Closure , CallSite , Object )
   在 WS.EKA.Portal.Helpers.CommonRequest.ApiAccountLogin(Account account) 位置 C:\Users\Administrator\Desktop\分销门户微信商城程序多人打开\分销商\WS.EKA.Portal\Helpers\CommonRequest.cs:行号 72
2017-10-31 09:18:56.1625 WS.EKA.Portal.Controllers.AccountController.Login Info 进入微信登录
2017-10-31 09:18:56.1625 WS.EKA.Portal.Controllers.AccountController.Login Info MemLoginID:oyq49xHBSw9-ymUnuUMfNiBtp_wg
2017-10-31 09:18:56.1625 WS.EKA.Portal.Controllers.AccountController.Login Info AgentID:晴隆站
2017-10-31 09:18:56.1625 WS.EKA.Portal.Controllers.AccountController.Login Info Sbool:true
2017-10-31 09:18:56.1781 WS.EKA.Portal.Helpers.CommonRequest.ApiWeiXinLogin Info 店铺：shopnum1_administrators
2017-10-31 09:18:56.5844 WS.EKA.Portal.Helpers.CommonRequest.ApiGetWeixinShopConfigList Info 接口[api/getWeixinShopConfigList/]返回值有误
2017-10-31 09:19:34.0877 WS.EKA.Portal.Controllers.AccountController.Login Info 进入微信登录
2017-10-31 09:19:34.0877 WS.EKA.Portal.Controllers.AccountController.Login Info MemLoginID:oyq49xHBSw9-ymUnuUMfNiBtp_wg
2017-10-31 09:19:34.0877 WS.EKA.Portal.Controllers.AccountController.Login Info AgentID:晴隆站
2017-10-31 09:19:34.0877 WS.EKA.Portal.Controllers.AccountController.Login Info Sbool:true
2017-10-31 09:19:34.1032 WS.EKA.Portal.Helpers.CommonRequest.ApiWeiXinLogin Info 店铺：shopnum1_administrators
2017-10-31 09:19:35.1815 WS.EKA.Portal.Helpers.CommonRequest.ApiGetWeixinShopConfigList Info 接口[api/getWeixinShopConfigList/]返回值有误
2017-10-31 09:19:51.5571 WS.EKA.Portal.Helpers.CommonRequest.ApiCheckMemLoginIDIsBind Error 接口异常：Newtonsoft.Json.JsonReaderException: Unexpected character encountered while parsing value: 远. Path '', line 0, position 0.
   在 Newtonsoft.Json.JsonTextReader.ParseValue()
   在 Newtonsoft.Json.JsonTextReader.ReadInternal()
   在 Newtonsoft.Json.JsonTextReader.Read()
   在 Newtonsoft.Json.Serialization.JsonSerializerInternalReader.ReadForType(JsonReader reader, JsonContract contract, Boolean hasConverter)
   在 Newtonsoft.Json.Serialization.JsonSerializerInternalReader.Deserialize(JsonReader reader, Type objectType, Boolean checkAdditionalContent)
   在 Newtonsoft.Json.JsonSerializer.DeserializeInternal(JsonReader reader, Type objectType)
   在 Newtonsoft.Json.JsonConvert.DeserializeObject(String value, Type type, JsonSerializerSettings settings)
   在 Newtonsoft.Json.JsonConvert.DeserializeObject[T](String value, JsonSerializerSettings settings)
   在 Newtonsoft.Json.JsonConvert.DeserializeObject[T](String value)
   在 Newtonsoft.Json.JsonConvert.DeserializeAnonymousType[T](String value, T anonymousTypeObject)
   在 WS.EKA.Portal.Helpers.CommonRequest.ApiCheckMemLoginIDIsBind(String memLoginID) 位置 C:\Users\Administrator\Desktop\分销门户微信商城程序多人打开\分销商\WS.EKA.Portal\Helpers\CommonRequest.cs:行号 156
2017-10-31 09:19:51.6040 <no type>.CallSite.Target Info 微信OpenID:
2017-10-31 09:20:14.3468 WS.EKA.Portal.Helpers.CommonRequest.ApiGetWeixinShopConfigList Info 接口[api/getWeixinShopConfigList/]返回值有误
2017-10-31 09:22:49.2209 WS.EKA.Portal.Helpers.CommonRequest.ApiGetWeixinShopConfigList Info 接口[api/getWeixinShopConfigList/]返回值有误
2017-10-31 09:23:44.1734 WS.EKA.Portal.Helpers.CommonRequest.ApiGetWeixinShopConfigList Info 接口[api/getWeixinShopConfigList/]返回值有误
2017-10-31 09:24:12.4053 WS.EKA.Portal.Helpers.CommonRequest.ApiGetWeixinShopConfigList Info 接口[api/getWeixinShopConfigList/]返回值有误
2017-10-31 16:49:20.9426 WS.EKA.Portal.Helpers.CommonRequest.ApiGetWeixinShopConfigList Info 接口[api/getWeixinShopConfigList/]返回值有误
2017-10-31 16:49:21.5421 WS.EKA.Portal.Helpers.CommonRequest.ApiGetWeixinShopConfigList Info 接口[api/getWeixinShopConfigList/]返回值有误
2017-10-31 16:54:44.3502 WS.EKA.Portal.Helpers.CommonRequest.ApiGetWeixinShopConfigList Info 接口[api/getWeixinShopConfigList/]返回值有误
2017-10-31 16:54:58.9053 WS.EKA.Portal.Helpers.CommonRequest.ApiGetWeixinShopConfigList Info 接口[api/getWeixinShopConfigList/]返回值有误
2017-10-31 16:55:28.1920 WS.EKA.Portal.Helpers.CommonRequest.ApiCheckMemLoginIDIsBind Error 接口异常：Newtonsoft.Json.JsonReaderException: Unexpected character encountered while parsing value: 远. Path '', line 0, position 0.
   在 Newtonsoft.Json.JsonTextReader.ParseValue()
   在 Newtonsoft.Json.JsonTextReader.ReadInternal()
   在 Newtonsoft.Json.JsonTextReader.Read()
   在 Newtonsoft.Json.Serialization.JsonSerializerInternalReader.ReadForType(JsonReader reader, JsonContract contract, Boolean hasConverter)
   在 Newtonsoft.Json.Serialization.JsonSerializerInternalReader.Deserialize(JsonReader reader, Type objectType, Boolean checkAdditionalContent)
   在 Newtonsoft.Json.JsonSerializer.DeserializeInternal(JsonReader reader, Type objectType)
   在 Newtonsoft.Json.JsonConvert.DeserializeObject(String value, Type type, JsonSerializerSettings settings)
   在 Newtonsoft.Json.JsonConvert.DeserializeObject[T](String value, JsonSerializerSettings settings)
   在 Newtonsoft.Json.JsonConvert.DeserializeObject[T](String value)
   在 Newtonsoft.Json.JsonConvert.DeserializeAnonymousType[T](String value, T anonymousTypeObject)
   在 WS.EKA.Portal.Helpers.CommonRequest.ApiCheckMemLoginIDIsBind(String memLoginID) 位置 C:\Users\Administrator\Desktop\分销门户微信商城程序多人打开\分销商\WS.EKA.Portal\Helpers\CommonRequest.cs:行号 156
2017-10-31 16:55:28.2389 <no type>.CallSite.Target Info 微信OpenID:
2017-10-31 17:11:40.6253 WS.EKA.Portal.Helpers.CommonRequest.ApiGetWeixinShopConfigList Info 接口[api/getWeixinShopConfigList/]返回值有误
2017-10-31 17:19:27.4836 WS.EKA.Portal.Helpers.CommonRequest.ApiGetWeixinShopConfigList Info 接口[api/getWeixinShopConfigList/]返回值有误
2017-10-31 17:21:41.3630 WS.EKA.Portal.Helpers.CommonRequest.ApiGetWeixinShopConfigList Info 接口[api/getWeixinShopConfigList/]返回值有误
2017-10-31 17:29:18.3321 WS.EKA.Portal.Controllers.AccountController.Login Info 进入微信登录
2017-10-31 17:29:18.3321 WS.EKA.Portal.Controllers.AccountController.Login Info MemLoginID:oyq49xIv4se1pT3xFCOTjMjQTyHQ
2017-10-31 17:29:18.3477 WS.EKA.Portal.Controllers.AccountController.Login Info AgentID:晴隆站
2017-10-31 17:29:18.3477 WS.EKA.Portal.Controllers.AccountController.Login Info Sbool:true
2017-10-31 17:29:18.3477 WS.EKA.Portal.Helpers.CommonRequest.ApiWeiXinLogin Info 店铺：shopnum1_administrators
2017-10-31 17:29:18.5977 WS.EKA.Portal.Helpers.CommonRequest.ApiGetWeixinShopConfigList Info 接口[api/getWeixinShopConfigList/]返回值有误
2017-10-31 19:11:51.7192 WS.EKA.Portal.Helpers.CommonRequest.ApiGetWeixinShopConfigList Info 接口[api/getWeixinShopConfigList/]返回值有误
2017-10-31 19:19:48.5543 WS.EKA.Portal.Controllers.AccountController.Login Info 进入微信登录
2017-10-31 19:19:48.5543 WS.EKA.Portal.Controllers.AccountController.Login Info MemLoginID:oyq49xIv4se1pT3xFCOTjMjQTyHQ
2017-10-31 19:19:48.5543 WS.EKA.Portal.Controllers.AccountController.Login Info AgentID:晴隆站
2017-10-31 19:19:48.5543 WS.EKA.Portal.Controllers.AccountController.Login Info Sbool:true
2017-10-31 19:19:48.6011 WS.EKA.Portal.Helpers.CommonRequest.ApiWeiXinLogin Info 店铺：shopnum1_administrators
2017-10-31 19:19:48.9917 WS.EKA.Portal.Helpers.CommonRequest.ApiGetWeixinShopConfigList Info 接口[api/getWeixinShopConfigList/]返回值有误
2017-10-31 19:19:56.4296 WS.EKA.Portal.Helpers.CommonRequest.ApiGetWeixinShopConfigList Info 接口[api/getWeixinShopConfigList/]返回值有误
2017-10-31 19:20:01.1016 WS.EKA.Portal.Helpers.CommonRequest.ApiGetWeixinShopConfigList Info 接口[api/getWeixinShopConfigList/]返回值有误
2017-10-31 19:20:03.9633 WS.EKA.Portal.Helpers.CommonRequest.ApiGetWeixinShopConfigList Info 接口[api/getWeixinShopConfigList/]返回值有误
2017-10-31 19:20:07.8072 WS.EKA.Portal.Helpers.CommonRequest.ApiGetWeixinShopConfigList Info 接口[api/getWeixinShopConfigList/]返回值有误
2017-10-31 19:20:13.0418 WS.EKA.Portal.Helpers.CommonRequest.ApiGetWeixinShopConfigList Info 接口[api/getWeixinShopConfigList/]返回值有误
2017-10-31 19:20:56.7769 WS.EKA.Portal.Helpers.CommonRequest.ApiAccountLogin Error 接口[api/accountlogin/]异常：Microsoft.CSharp.RuntimeBinder.RuntimeBinderException: 无法对 null 引用执行运行时绑定
   在 CallSite.Target(Closure , CallSite , Object )
   在 System.Dynamic.UpdateDelegates.UpdateAndExecute1[T0,TRet](CallSite site, T0 arg0)
   在 WS.EKA.Portal.Helpers.CommonRequest.ApiAccountLogin(Account account) 位置 C:\Users\Administrator\Desktop\分销门户微信商城程序多人打开\分销商\WS.EKA.Portal\Helpers\CommonRequest.cs:行号 72
2017-10-31 19:21:00.3466 WS.EKA.Portal.Helpers.CommonRequest.ApiAccountLogin Error 接口[api/accountlogin/]异常：Microsoft.CSharp.RuntimeBinder.RuntimeBinderException: 无法对 null 引用执行运行时绑定
   在 CallSite.Target(Closure , CallSite , Object )
   在 WS.EKA.Portal.Helpers.CommonRequest.ApiAccountLogin(Account account) 位置 C:\Users\Administrator\Desktop\分销门户微信商城程序多人打开\分销商\WS.EKA.Portal\Helpers\CommonRequest.cs:行号 72
2017-10-31 19:21:05.3691 WS.EKA.Portal.Helpers.CommonRequest.ApiCheckMemLoginIDIsBind Error 接口异常：Newtonsoft.Json.JsonReaderException: Unexpected character encountered while parsing value: 远. Path '', line 0, position 0.
   在 Newtonsoft.Json.JsonTextReader.ParseValue()
   在 Newtonsoft.Json.JsonTextReader.ReadInternal()
   在 Newtonsoft.Json.JsonTextReader.Read()
   在 Newtonsoft.Json.Serialization.JsonSerializerInternalReader.ReadForType(JsonReader reader, JsonContract contract, Boolean hasConverter)
   在 Newtonsoft.Json.Serialization.JsonSerializerInternalReader.Deserialize(JsonReader reader, Type objectType, Boolean checkAdditionalContent)
   在 Newtonsoft.Json.JsonSerializer.DeserializeInternal(JsonReader reader, Type objectType)
   在 Newtonsoft.Json.JsonConvert.DeserializeObject(String value, Type type, JsonSerializerSettings settings)
   在 Newtonsoft.Json.JsonConvert.DeserializeObject[T](String value, JsonSerializerSettings settings)
   在 Newtonsoft.Json.JsonConvert.DeserializeObject[T](String value)
   在 Newtonsoft.Json.JsonConvert.DeserializeAnonymousType[T](String value, T anonymousTypeObject)
   在 WS.EKA.Portal.Helpers.CommonRequest.ApiCheckMemLoginIDIsBind(String memLoginID) 位置 C:\Users\Administrator\Desktop\分销门户微信商城程序多人打开\分销商\WS.EKA.Portal\Helpers\CommonRequest.cs:行号 156
2017-10-31 19:21:05.4159 <no type>.CallSite.Target Info 微信OpenID:
2017-10-31 19:21:08.5254 WS.EKA.Portal.Helpers.CommonRequest.ApiGetWeixinShopConfigList Info 接口[api/getWeixinShopConfigList/]返回值有误
