2017-11-03 11:01:40.5442 WS.EKA.Portal.Controllers.AccountController.Login Info 进入微信登录
2017-11-03 11:01:40.5922 WS.EKA.Portal.Controllers.AccountController.Login Info MemLoginID:oyq49xIv4se1pT3xFCOTjMjQTyHQ
2017-11-03 11:01:40.5922 WS.EKA.Portal.Controllers.AccountController.Login Info AgentID:晴隆站
2017-11-03 11:01:40.5922 WS.EKA.Portal.Controllers.AccountController.Login Info Sbool:true
2017-11-03 11:01:48.0589 WS.EKA.Portal.Helpers.CommonRequest.ApiWeiXinLogin Info 店铺：shopnum1_administrators
2017-11-03 11:01:54.0954 WS.EKA.Portal.Helpers.CommonRequest.ApiGetWeixinShopConfigList Info 接口[api/getWeixinShopConfigList/]返回值有误
2017-11-03 11:01:54.4727 WS.EKA.Portal.Controllers.AccountController.Login Info 进入微信登录
2017-11-03 11:01:54.4727 WS.EKA.Portal.Controllers.AccountController.Login Info MemLoginID:oyq49xIv4se1pT3xFCOTjMjQTyHQ
2017-11-03 11:01:54.4727 WS.EKA.Portal.Controllers.AccountController.Login Info AgentID:晴隆站
2017-11-03 11:01:54.4727 WS.EKA.Portal.Controllers.AccountController.Login Info Sbool:true
2017-11-03 11:01:54.4827 WS.EKA.Portal.Helpers.CommonRequest.ApiWeiXinLogin Info 店铺：shopnum1_administrators
2017-11-03 11:01:54.5888 WS.EKA.Portal.Helpers.CommonRequest.ApiGetWeixinShopConfigList Info 接口[api/getWeixinShopConfigList/]返回值有误
2017-11-03 11:01:54.6589 WS.EKA.Portal.Controllers.AccountController.Login Info 进入微信登录
2017-11-03 11:01:54.6589 WS.EKA.Portal.Controllers.AccountController.Login Info MemLoginID:oyq49xIv4se1pT3xFCOTjMjQTyHQ
2017-11-03 11:01:54.6589 WS.EKA.Portal.Controllers.AccountController.Login Info AgentID:晴隆站
2017-11-03 11:01:54.6589 WS.EKA.Portal.Controllers.AccountController.Login Info Sbool:true
2017-11-03 11:01:54.6589 WS.EKA.Portal.Helpers.CommonRequest.ApiWeiXinLogin Info 店铺：shopnum1_administrators
2017-11-03 11:01:54.7780 WS.EKA.Portal.Helpers.CommonRequest.ApiGetWeixinShopConfigList Info 接口[api/getWeixinShopConfigList/]返回值有误
2017-11-03 11:01:54.8450 WS.EKA.Portal.Controllers.AccountController.Login Info 进入微信登录
2017-11-03 11:01:54.8450 WS.EKA.Portal.Controllers.AccountController.Login Info MemLoginID:oyq49xIv4se1pT3xFCOTjMjQTyHQ
2017-11-03 11:01:54.8450 WS.EKA.Portal.Controllers.AccountController.Login Info AgentID:晴隆站
2017-11-03 11:01:54.8450 WS.EKA.Portal.Controllers.AccountController.Login Info Sbool:true
2017-11-03 11:01:54.8571 WS.EKA.Portal.Helpers.CommonRequest.ApiWeiXinLogin Info 店铺：shopnum1_administrators
2017-11-03 11:01:55.0222 WS.EKA.Portal.Helpers.CommonRequest.ApiGetWeixinShopConfigList Info 接口[api/getWeixinShopConfigList/]返回值有误
2017-11-03 11:01:55.0222 WS.EKA.Portal.Controllers.AccountController.Login Info 进入微信登录
2017-11-03 11:01:55.0292 WS.EKA.Portal.Controllers.AccountController.Login Info MemLoginID:oyq49xIv4se1pT3xFCOTjMjQTyHQ
2017-11-03 11:01:55.0292 WS.EKA.Portal.Controllers.AccountController.Login Info AgentID:晴隆站
2017-11-03 11:01:55.0292 WS.EKA.Portal.Controllers.AccountController.Login Info Sbool:true
2017-11-03 11:01:55.0292 WS.EKA.Portal.Helpers.CommonRequest.ApiWeiXinLogin Info 店铺：shopnum1_administrators
2017-11-03 11:01:55.1143 WS.EKA.Portal.Helpers.CommonRequest.ApiGetWeixinShopConfigList Info 接口[api/getWeixinShopConfigList/]返回值有误
2017-11-03 11:01:55.1833 WS.EKA.Portal.Controllers.AccountController.Login Info 进入微信登录
2017-11-03 11:01:55.1833 WS.EKA.Portal.Controllers.AccountController.Login Info MemLoginID:oyq49xIv4se1pT3xFCOTjMjQTyHQ
2017-11-03 11:01:55.1853 WS.EKA.Portal.Controllers.AccountController.Login Info AgentID:晴隆站
2017-11-03 11:01:55.1853 WS.EKA.Portal.Controllers.AccountController.Login Info Sbool:true
2017-11-03 11:01:55.1853 WS.EKA.Portal.Helpers.CommonRequest.ApiWeiXinLogin Info 店铺：shopnum1_administrators
2017-11-03 11:01:55.2954 WS.EKA.Portal.Helpers.CommonRequest.ApiGetWeixinShopConfigList Info 接口[api/getWeixinShopConfigList/]返回值有误
2017-11-03 11:01:55.3605 WS.EKA.Portal.Controllers.AccountController.Login Info 进入微信登录
2017-11-03 11:01:55.3605 WS.EKA.Portal.Controllers.AccountController.Login Info MemLoginID:oyq49xIv4se1pT3xFCOTjMjQTyHQ
2017-11-03 11:01:55.3605 WS.EKA.Portal.Controllers.AccountController.Login Info AgentID:晴隆站
2017-11-03 11:01:55.3605 WS.EKA.Portal.Controllers.AccountController.Login Info Sbool:true
2017-11-03 11:01:55.3605 WS.EKA.Portal.Helpers.CommonRequest.ApiWeiXinLogin Info 店铺：shopnum1_administrators
2017-11-03 11:01:55.4516 WS.EKA.Portal.Helpers.CommonRequest.ApiGetWeixinShopConfigList Info 接口[api/getWeixinShopConfigList/]返回值有误
2017-11-03 11:01:55.5156 WS.EKA.Portal.Controllers.AccountController.Login Info 进入微信登录
2017-11-03 11:01:55.5156 WS.EKA.Portal.Controllers.AccountController.Login Info MemLoginID:oyq49xIv4se1pT3xFCOTjMjQTyHQ
2017-11-03 11:01:55.5156 WS.EKA.Portal.Controllers.AccountController.Login Info AgentID:晴隆站
2017-11-03 11:01:55.5156 WS.EKA.Portal.Controllers.AccountController.Login Info Sbool:true
2017-11-03 11:01:55.5156 WS.EKA.Portal.Helpers.CommonRequest.ApiWeiXinLogin Info 店铺：shopnum1_administrators
2017-11-03 11:01:55.6158 WS.EKA.Portal.Helpers.CommonRequest.ApiGetWeixinShopConfigList Info 接口[api/getWeixinShopConfigList/]返回值有误
2017-11-03 11:01:55.6828 WS.EKA.Portal.Controllers.AccountController.Login Info 进入微信登录
2017-11-03 11:01:55.6828 WS.EKA.Portal.Controllers.AccountController.Login Info MemLoginID:oyq49xIv4se1pT3xFCOTjMjQTyHQ
2017-11-03 11:01:55.6828 WS.EKA.Portal.Controllers.AccountController.Login Info AgentID:晴隆站
2017-11-03 11:01:55.6828 WS.EKA.Portal.Controllers.AccountController.Login Info Sbool:true
2017-11-03 11:01:55.6858 WS.EKA.Portal.Helpers.CommonRequest.ApiWeiXinLogin Info 店铺：shopnum1_administrators
2017-11-03 11:01:55.7829 WS.EKA.Portal.Helpers.CommonRequest.ApiGetWeixinShopConfigList Info 接口[api/getWeixinShopConfigList/]返回值有误
2017-11-03 11:01:55.8499 WS.EKA.Portal.Controllers.AccountController.Login Info 进入微信登录
2017-11-03 11:01:55.8499 WS.EKA.Portal.Controllers.AccountController.Login Info MemLoginID:oyq49xIv4se1pT3xFCOTjMjQTyHQ
2017-11-03 11:01:55.8499 WS.EKA.Portal.Controllers.AccountController.Login Info AgentID:晴隆站
2017-11-03 11:01:55.8580 WS.EKA.Portal.Controllers.AccountController.Login Info Sbool:true
2017-11-03 11:01:55.8580 WS.EKA.Portal.Helpers.CommonRequest.ApiWeiXinLogin Info 店铺：shopnum1_administrators
2017-11-03 11:01:55.9550 WS.EKA.Portal.Helpers.CommonRequest.ApiGetWeixinShopConfigList Info 接口[api/getWeixinShopConfigList/]返回值有误
2017-11-03 11:01:56.0261 WS.EKA.Portal.Controllers.AccountController.Login Info 进入微信登录
2017-11-03 11:01:56.0261 WS.EKA.Portal.Controllers.AccountController.Login Info MemLoginID:oyq49xIv4se1pT3xFCOTjMjQTyHQ
2017-11-03 11:01:56.0261 WS.EKA.Portal.Controllers.AccountController.Login Info AgentID:晴隆站
2017-11-03 11:01:56.0291 WS.EKA.Portal.Controllers.AccountController.Login Info Sbool:true
2017-11-03 11:01:56.0291 WS.EKA.Portal.Helpers.CommonRequest.ApiWeiXinLogin Info 店铺：shopnum1_administrators
2017-11-03 11:01:56.1532 WS.EKA.Portal.Helpers.CommonRequest.ApiGetWeixinShopConfigList Info 接口[api/getWeixinShopConfigList/]返回值有误
2017-11-03 11:01:56.2163 WS.EKA.Portal.Controllers.AccountController.Login Info 进入微信登录
2017-11-03 11:01:56.2173 WS.EKA.Portal.Controllers.AccountController.Login Info MemLoginID:oyq49xIv4se1pT3xFCOTjMjQTyHQ
2017-11-03 11:01:56.2173 WS.EKA.Portal.Controllers.AccountController.Login Info AgentID:晴隆站
2017-11-03 11:01:56.2173 WS.EKA.Portal.Controllers.AccountController.Login Info Sbool:true
2017-11-03 11:01:56.2173 WS.EKA.Portal.Helpers.CommonRequest.ApiWeiXinLogin Info 店铺：shopnum1_administrators
2017-11-03 11:01:56.3194 WS.EKA.Portal.Helpers.CommonRequest.ApiGetWeixinShopConfigList Info 接口[api/getWeixinShopConfigList/]返回值有误
2017-11-03 11:01:56.3814 WS.EKA.Portal.Controllers.AccountController.Login Info 进入微信登录
2017-11-03 11:01:56.3814 WS.EKA.Portal.Controllers.AccountController.Login Info MemLoginID:oyq49xIv4se1pT3xFCOTjMjQTyHQ
2017-11-03 11:01:56.3885 WS.EKA.Portal.Controllers.AccountController.Login Info AgentID:晴隆站
2017-11-03 11:01:56.3885 WS.EKA.Portal.Controllers.AccountController.Login Info Sbool:true
2017-11-03 11:01:56.3885 WS.EKA.Portal.Helpers.CommonRequest.ApiWeiXinLogin Info 店铺：shopnum1_administrators
2017-11-03 11:01:56.4925 WS.EKA.Portal.Helpers.CommonRequest.ApiGetWeixinShopConfigList Info 接口[api/getWeixinShopConfigList/]返回值有误
2017-11-03 11:01:56.5587 WS.EKA.Portal.Controllers.AccountController.Login Info 进入微信登录
2017-11-03 11:01:56.5587 WS.EKA.Portal.Controllers.AccountController.Login Info MemLoginID:oyq49xIv4se1pT3xFCOTjMjQTyHQ
2017-11-03 11:01:56.5606 WS.EKA.Portal.Controllers.AccountController.Login Info AgentID:晴隆站
2017-11-03 11:01:56.5606 WS.EKA.Portal.Controllers.AccountController.Login Info Sbool:true
2017-11-03 11:01:56.5606 WS.EKA.Portal.Helpers.CommonRequest.ApiWeiXinLogin Info 店铺：shopnum1_administrators
2017-11-03 11:01:56.6637 WS.EKA.Portal.Helpers.CommonRequest.ApiGetWeixinShopConfigList Info 接口[api/getWeixinShopConfigList/]返回值有误
2017-11-03 11:01:56.7278 WS.EKA.Portal.Controllers.AccountController.Login Info 进入微信登录
2017-11-03 11:01:56.7278 WS.EKA.Portal.Controllers.AccountController.Login Info MemLoginID:oyq49xIv4se1pT3xFCOTjMjQTyHQ
2017-11-03 11:01:56.7278 WS.EKA.Portal.Controllers.AccountController.Login Info AgentID:晴隆站
2017-11-03 11:01:56.7278 WS.EKA.Portal.Controllers.AccountController.Login Info Sbool:true
2017-11-03 11:01:56.7357 WS.EKA.Portal.Helpers.CommonRequest.ApiWeiXinLogin Info 店铺：shopnum1_administrators
2017-11-03 11:01:56.8298 WS.EKA.Portal.Helpers.CommonRequest.ApiGetWeixinShopConfigList Info 接口[api/getWeixinShopConfigList/]返回值有误
2017-11-03 11:01:56.8989 WS.EKA.Portal.Controllers.AccountController.Login Info 进入微信登录
2017-11-03 11:01:56.8989 WS.EKA.Portal.Controllers.AccountController.Login Info MemLoginID:oyq49xIv4se1pT3xFCOTjMjQTyHQ
2017-11-03 11:01:56.8989 WS.EKA.Portal.Controllers.AccountController.Login Info AgentID:晴隆站
2017-11-03 11:01:56.8989 WS.EKA.Portal.Controllers.AccountController.Login Info Sbool:true
2017-11-03 11:01:56.9069 WS.EKA.Portal.Helpers.CommonRequest.ApiWeiXinLogin Info 店铺：shopnum1_administrators
2017-11-03 11:01:57.0260 WS.EKA.Portal.Helpers.CommonRequest.ApiGetWeixinShopConfigList Info 接口[api/getWeixinShopConfigList/]返回值有误
2017-11-03 11:01:57.0881 WS.EKA.Portal.Controllers.AccountController.Login Info 进入微信登录
2017-11-03 11:01:57.0881 WS.EKA.Portal.Controllers.AccountController.Login Info MemLoginID:oyq49xIv4se1pT3xFCOTjMjQTyHQ
2017-11-03 11:01:57.0881 WS.EKA.Portal.Controllers.AccountController.Login Info AgentID:晴隆站
2017-11-03 11:01:57.0881 WS.EKA.Portal.Controllers.AccountController.Login Info Sbool:true
2017-11-03 11:01:57.0921 WS.EKA.Portal.Helpers.CommonRequest.ApiWeiXinLogin Info 店铺：shopnum1_administrators
2017-11-03 11:01:57.1842 WS.EKA.Portal.Helpers.CommonRequest.ApiGetWeixinShopConfigList Info 接口[api/getWeixinShopConfigList/]返回值有误
2017-11-03 11:01:57.2522 WS.EKA.Portal.Controllers.AccountController.Login Info 进入微信登录
2017-11-03 11:01:57.2522 WS.EKA.Portal.Controllers.AccountController.Login Info MemLoginID:oyq49xIv4se1pT3xFCOTjMjQTyHQ
2017-11-03 11:01:57.2522 WS.EKA.Portal.Controllers.AccountController.Login Info AgentID:晴隆站
2017-11-03 11:01:57.2522 WS.EKA.Portal.Controllers.AccountController.Login Info Sbool:true
2017-11-03 11:01:57.2522 WS.EKA.Portal.Helpers.CommonRequest.ApiWeiXinLogin Info 店铺：shopnum1_administrators
2017-11-03 11:01:57.3603 WS.EKA.Portal.Helpers.CommonRequest.ApiGetWeixinShopConfigList Info 接口[api/getWeixinShopConfigList/]返回值有误
2017-11-03 11:01:57.4294 WS.EKA.Portal.Controllers.AccountController.Login Info 进入微信登录
2017-11-03 11:01:57.4294 WS.EKA.Portal.Controllers.AccountController.Login Info MemLoginID:oyq49xIv4se1pT3xFCOTjMjQTyHQ
2017-11-03 11:01:57.4294 WS.EKA.Portal.Controllers.AccountController.Login Info AgentID:晴隆站
2017-11-03 11:01:57.4294 WS.EKA.Portal.Controllers.AccountController.Login Info Sbool:true
2017-11-03 11:01:57.4374 WS.EKA.Portal.Helpers.CommonRequest.ApiWeiXinLogin Info 店铺：shopnum1_administrators
2017-11-03 11:01:57.5495 WS.EKA.Portal.Helpers.CommonRequest.ApiGetWeixinShopConfigList Info 接口[api/getWeixinShopConfigList/]返回值有误
2017-11-03 11:01:57.6206 WS.EKA.Portal.Controllers.AccountController.Login Info 进入微信登录
2017-11-03 11:01:57.6206 WS.EKA.Portal.Controllers.AccountController.Login Info MemLoginID:oyq49xIv4se1pT3xFCOTjMjQTyHQ
2017-11-03 11:01:57.6206 WS.EKA.Portal.Controllers.AccountController.Login Info AgentID:晴隆站
2017-11-03 11:01:57.6236 WS.EKA.Portal.Controllers.AccountController.Login Info Sbool:true
2017-11-03 11:01:57.6236 WS.EKA.Portal.Helpers.CommonRequest.ApiWeiXinLogin Info 店铺：shopnum1_administrators
2017-11-03 11:01:57.7276 WS.EKA.Portal.Helpers.CommonRequest.ApiGetWeixinShopConfigList Info 接口[api/getWeixinShopConfigList/]返回值有误
2017-11-03 11:01:57.7918 WS.EKA.Portal.Controllers.AccountController.Login Info 进入微信登录
2017-11-03 11:01:57.7918 WS.EKA.Portal.Controllers.AccountController.Login Info MemLoginID:oyq49xIv4se1pT3xFCOTjMjQTyHQ
2017-11-03 11:01:57.7948 WS.EKA.Portal.Controllers.AccountController.Login Info AgentID:晴隆站
2017-11-03 11:01:57.7948 WS.EKA.Portal.Controllers.AccountController.Login Info Sbool:true
2017-11-03 11:01:57.7948 WS.EKA.Portal.Helpers.CommonRequest.ApiWeiXinLogin Info 店铺：shopnum1_administrators
2017-11-03 11:01:57.9178 WS.EKA.Portal.Helpers.CommonRequest.ApiGetWeixinShopConfigList Info 接口[api/getWeixinShopConfigList/]返回值有误
2017-11-03 11:01:57.9819 WS.EKA.Portal.Controllers.AccountController.Login Info 进入微信登录
2017-11-03 11:01:57.9829 WS.EKA.Portal.Controllers.AccountController.Login Info MemLoginID:oyq49xIv4se1pT3xFCOTjMjQTyHQ
2017-11-03 11:01:57.9829 WS.EKA.Portal.Controllers.AccountController.Login Info AgentID:晴隆站
2017-11-03 11:01:57.9829 WS.EKA.Portal.Controllers.AccountController.Login Info Sbool:true
2017-11-03 11:01:57.9829 WS.EKA.Portal.Helpers.CommonRequest.ApiWeiXinLogin Info 店铺：shopnum1_administrators
2017-11-03 11:01:58.0870 WS.EKA.Portal.Helpers.CommonRequest.ApiGetWeixinShopConfigList Info 接口[api/getWeixinShopConfigList/]返回值有误
2017-11-03 11:01:58.1520 WS.EKA.Portal.Controllers.AccountController.Login Info 进入微信登录
2017-11-03 11:01:58.1540 WS.EKA.Portal.Controllers.AccountController.Login Info MemLoginID:oyq49xIv4se1pT3xFCOTjMjQTyHQ
2017-11-03 11:01:58.1540 WS.EKA.Portal.Controllers.AccountController.Login Info AgentID:晴隆站
2017-11-03 11:01:58.1540 WS.EKA.Portal.Controllers.AccountController.Login Info Sbool:true
2017-11-03 11:01:58.1540 WS.EKA.Portal.Helpers.CommonRequest.ApiWeiXinLogin Info 店铺：shopnum1_administrators
2017-11-03 11:01:58.2671 WS.EKA.Portal.Helpers.CommonRequest.ApiGetWeixinShopConfigList Info 接口[api/getWeixinShopConfigList/]返回值有误
2017-11-03 11:01:58.3262 WS.EKA.Portal.Controllers.AccountController.Login Info 进入微信登录
2017-11-03 11:01:58.3262 WS.EKA.Portal.Controllers.AccountController.Login Info MemLoginID:oyq49xIv4se1pT3xFCOTjMjQTyHQ
2017-11-03 11:01:58.3262 WS.EKA.Portal.Controllers.AccountController.Login Info AgentID:晴隆站
2017-11-03 11:01:58.3262 WS.EKA.Portal.Controllers.AccountController.Login Info Sbool:true
2017-11-03 11:01:58.3262 WS.EKA.Portal.Helpers.CommonRequest.ApiWeiXinLogin Info 店铺：shopnum1_administrators
2017-11-03 11:01:58.4273 WS.EKA.Portal.Helpers.CommonRequest.ApiGetWeixinShopConfigList Info 接口[api/getWeixinShopConfigList/]返回值有误
2017-11-03 11:01:58.4953 WS.EKA.Portal.Controllers.AccountController.Login Info 进入微信登录
2017-11-03 11:01:58.4953 WS.EKA.Portal.Controllers.AccountController.Login Info MemLoginID:oyq49xIv4se1pT3xFCOTjMjQTyHQ
2017-11-03 11:01:58.4983 WS.EKA.Portal.Controllers.AccountController.Login Info AgentID:晴隆站
2017-11-03 11:01:58.4983 WS.EKA.Portal.Controllers.AccountController.Login Info Sbool:true
2017-11-03 11:01:58.4983 WS.EKA.Portal.Helpers.CommonRequest.ApiWeiXinLogin Info 店铺：shopnum1_administrators
2017-11-03 11:01:58.6034 WS.EKA.Portal.Helpers.CommonRequest.ApiGetWeixinShopConfigList Info 接口[api/getWeixinShopConfigList/]返回值有误
2017-11-03 11:01:58.6705 WS.EKA.Portal.Controllers.AccountController.Login Info 进入微信登录
2017-11-03 11:01:58.6705 WS.EKA.Portal.Controllers.AccountController.Login Info MemLoginID:oyq49xIv4se1pT3xFCOTjMjQTyHQ
2017-11-03 11:01:58.6705 WS.EKA.Portal.Controllers.AccountController.Login Info AgentID:晴隆站
2017-11-03 11:01:58.6705 WS.EKA.Portal.Controllers.AccountController.Login Info Sbool:true
2017-11-03 11:01:58.6856 WS.EKA.Portal.Helpers.CommonRequest.ApiWeiXinLogin Info 店铺：shopnum1_administrators
2017-11-03 11:01:58.7736 WS.EKA.Portal.Helpers.CommonRequest.ApiGetWeixinShopConfigList Info 接口[api/getWeixinShopConfigList/]返回值有误
2017-11-03 11:01:58.8396 WS.EKA.Portal.Controllers.AccountController.Login Info 进入微信登录
2017-11-03 11:01:58.8396 WS.EKA.Portal.Controllers.AccountController.Login Info MemLoginID:oyq49xIv4se1pT3xFCOTjMjQTyHQ
2017-11-03 11:01:58.8416 WS.EKA.Portal.Controllers.AccountController.Login Info AgentID:晴隆站
2017-11-03 11:01:58.8416 WS.EKA.Portal.Controllers.AccountController.Login Info Sbool:true
2017-11-03 11:01:58.8416 WS.EKA.Portal.Helpers.CommonRequest.ApiWeiXinLogin Info 店铺：shopnum1_administrators
2017-11-03 11:01:58.9538 WS.EKA.Portal.Helpers.CommonRequest.ApiGetWeixinShopConfigList Info 接口[api/getWeixinShopConfigList/]返回值有误
2017-11-03 11:01:59.0178 WS.EKA.Portal.Controllers.AccountController.Login Info 进入微信登录
2017-11-03 11:01:59.0178 WS.EKA.Portal.Controllers.AccountController.Login Info MemLoginID:oyq49xIv4se1pT3xFCOTjMjQTyHQ
2017-11-03 11:01:59.0178 WS.EKA.Portal.Controllers.AccountController.Login Info AgentID:晴隆站
2017-11-03 11:01:59.0178 WS.EKA.Portal.Controllers.AccountController.Login Info Sbool:true
2017-11-03 11:01:59.0178 WS.EKA.Portal.Helpers.CommonRequest.ApiWeiXinLogin Info 店铺：shopnum1_administrators
2017-11-03 11:01:59.1229 WS.EKA.Portal.Helpers.CommonRequest.ApiGetWeixinShopConfigList Info 接口[api/getWeixinShopConfigList/]返回值有误
2017-11-03 11:01:59.1890 WS.EKA.Portal.Controllers.AccountController.Login Info 进入微信登录
2017-11-03 11:01:59.1890 WS.EKA.Portal.Controllers.AccountController.Login Info MemLoginID:oyq49xIv4se1pT3xFCOTjMjQTyHQ
2017-11-03 11:01:59.1890 WS.EKA.Portal.Controllers.AccountController.Login Info AgentID:晴隆站
2017-11-03 11:01:59.1890 WS.EKA.Portal.Controllers.AccountController.Login Info Sbool:true
2017-11-03 11:01:59.1890 WS.EKA.Portal.Helpers.CommonRequest.ApiWeiXinLogin Info 店铺：shopnum1_administrators
2017-11-03 11:01:59.2861 WS.EKA.Portal.Helpers.CommonRequest.ApiGetWeixinShopConfigList Info 接口[api/getWeixinShopConfigList/]返回值有误
2017-11-03 11:01:59.3531 WS.EKA.Portal.Controllers.AccountController.Login Info 进入微信登录
2017-11-03 11:01:59.3531 WS.EKA.Portal.Controllers.AccountController.Login Info MemLoginID:oyq49xIv4se1pT3xFCOTjMjQTyHQ
2017-11-03 11:01:59.3531 WS.EKA.Portal.Controllers.AccountController.Login Info AgentID:晴隆站
2017-11-03 11:01:59.3531 WS.EKA.Portal.Controllers.AccountController.Login Info Sbool:true
2017-11-03 11:01:59.3571 WS.EKA.Portal.Helpers.CommonRequest.ApiWeiXinLogin Info 店铺：shopnum1_administrators
2017-11-03 11:01:59.4582 WS.EKA.Portal.Helpers.CommonRequest.ApiGetWeixinShopConfigList Info 接口[api/getWeixinShopConfigList/]返回值有误
2017-11-03 11:01:59.5273 WS.EKA.Portal.Controllers.AccountController.Login Info 进入微信登录
2017-11-03 11:01:59.5293 WS.EKA.Portal.Controllers.AccountController.Login Info MemLoginID:oyq49xIv4se1pT3xFCOTjMjQTyHQ
2017-11-03 11:01:59.5293 WS.EKA.Portal.Controllers.AccountController.Login Info AgentID:晴隆站
2017-11-03 11:01:59.5293 WS.EKA.Portal.Controllers.AccountController.Login Info Sbool:true
2017-11-03 11:01:59.5293 WS.EKA.Portal.Helpers.CommonRequest.ApiWeiXinLogin Info 店铺：shopnum1_administrators
2017-11-03 11:01:59.6264 WS.EKA.Portal.Helpers.CommonRequest.ApiGetWeixinShopConfigList Info 接口[api/getWeixinShopConfigList/]返回值有误
2017-11-03 11:01:59.6944 WS.EKA.Portal.Controllers.AccountController.Login Info 进入微信登录
2017-11-03 11:01:59.6944 WS.EKA.Portal.Controllers.AccountController.Login Info MemLoginID:oyq49xIv4se1pT3xFCOTjMjQTyHQ
2017-11-03 11:01:59.6944 WS.EKA.Portal.Controllers.AccountController.Login Info AgentID:晴隆站
2017-11-03 11:01:59.6944 WS.EKA.Portal.Controllers.AccountController.Login Info Sbool:true
2017-11-03 11:01:59.7034 WS.EKA.Portal.Helpers.CommonRequest.ApiWeiXinLogin Info 店铺：shopnum1_administrators
2017-11-03 11:01:59.7955 WS.EKA.Portal.Helpers.CommonRequest.ApiGetWeixinShopConfigList Info 接口[api/getWeixinShopConfigList/]返回值有误
2017-11-03 11:01:59.8656 WS.EKA.Portal.Controllers.AccountController.Login Info 进入微信登录
2017-11-03 11:01:59.8656 WS.EKA.Portal.Controllers.AccountController.Login Info MemLoginID:oyq49xIv4se1pT3xFCOTjMjQTyHQ
2017-11-03 11:01:59.8656 WS.EKA.Portal.Controllers.AccountController.Login Info AgentID:晴隆站
2017-11-03 11:01:59.8656 WS.EKA.Portal.Controllers.AccountController.Login Info Sbool:true
2017-11-03 11:01:59.8736 WS.EKA.Portal.Helpers.CommonRequest.ApiWeiXinLogin Info 店铺：shopnum1_administrators
2017-11-03 11:01:59.9597 WS.EKA.Portal.Helpers.CommonRequest.ApiGetWeixinShopConfigList Info 接口[api/getWeixinShopConfigList/]返回值有误
2017-11-03 11:02:00.0267 WS.EKA.Portal.Controllers.AccountController.Login Info 进入微信登录
2017-11-03 11:02:00.0267 WS.EKA.Portal.Controllers.AccountController.Login Info MemLoginID:oyq49xIv4se1pT3xFCOTjMjQTyHQ
2017-11-03 11:02:00.0297 WS.EKA.Portal.Controllers.AccountController.Login Info AgentID:晴隆站
2017-11-03 11:02:00.0297 WS.EKA.Portal.Controllers.AccountController.Login Info Sbool:true
2017-11-03 11:02:00.0297 WS.EKA.Portal.Helpers.CommonRequest.ApiWeiXinLogin Info 店铺：shopnum1_administrators
2017-11-03 11:02:00.1318 WS.EKA.Portal.Helpers.CommonRequest.ApiGetWeixinShopConfigList Info 接口[api/getWeixinShopConfigList/]返回值有误
2017-11-03 11:02:00.2019 WS.EKA.Portal.Controllers.AccountController.Login Info 进入微信登录
2017-11-03 11:02:00.2019 WS.EKA.Portal.Controllers.AccountController.Login Info MemLoginID:oyq49xIv4se1pT3xFCOTjMjQTyHQ
2017-11-03 11:02:00.2019 WS.EKA.Portal.Controllers.AccountController.Login Info AgentID:晴隆站
2017-11-03 11:02:00.2019 WS.EKA.Portal.Controllers.AccountController.Login Info Sbool:true
2017-11-03 11:02:00.2019 WS.EKA.Portal.Helpers.CommonRequest.ApiWeiXinLogin Info 店铺：shopnum1_administrators
2017-11-03 11:02:00.4031 WS.EKA.Portal.Helpers.CommonRequest.ApiGetWeixinShopConfigList Info 接口[api/getWeixinShopConfigList/]返回值有误
2017-11-03 11:02:00.4641 WS.EKA.Portal.Controllers.AccountController.Login Info 进入微信登录
2017-11-03 11:02:00.4641 WS.EKA.Portal.Controllers.AccountController.Login Info MemLoginID:oyq49xIv4se1pT3xFCOTjMjQTyHQ
2017-11-03 11:02:00.4641 WS.EKA.Portal.Controllers.AccountController.Login Info AgentID:晴隆站
2017-11-03 11:02:00.4671 WS.EKA.Portal.Controllers.AccountController.Login Info Sbool:true
2017-11-03 11:02:00.4671 WS.EKA.Portal.Helpers.CommonRequest.ApiWeiXinLogin Info 店铺：shopnum1_administrators
2017-11-03 11:02:00.5662 WS.EKA.Portal.Helpers.CommonRequest.ApiGetWeixinShopConfigList Info 接口[api/getWeixinShopConfigList/]返回值有误
2017-11-03 11:02:00.6253 WS.EKA.Portal.Controllers.AccountController.Login Info 进入微信登录
2017-11-03 11:02:00.6253 WS.EKA.Portal.Controllers.AccountController.Login Info MemLoginID:oyq49xIv4se1pT3xFCOTjMjQTyHQ
2017-11-03 11:02:00.6253 WS.EKA.Portal.Controllers.AccountController.Login Info AgentID:晴隆站
2017-11-03 11:02:00.6253 WS.EKA.Portal.Controllers.AccountController.Login Info Sbool:true
2017-11-03 11:02:00.6253 WS.EKA.Portal.Helpers.CommonRequest.ApiWeiXinLogin Info 店铺：shopnum1_administrators
2017-11-03 11:02:00.7354 WS.EKA.Portal.Helpers.CommonRequest.ApiGetWeixinShopConfigList Info 接口[api/getWeixinShopConfigList/]返回值有误
2017-11-03 11:02:00.8184 WS.EKA.Portal.Controllers.AccountController.Login Info 进入微信登录
2017-11-03 11:02:00.8184 WS.EKA.Portal.Controllers.AccountController.Login Info MemLoginID:oyq49xIv4se1pT3xFCOTjMjQTyHQ
2017-11-03 11:02:00.8184 WS.EKA.Portal.Controllers.AccountController.Login Info AgentID:晴隆站
2017-11-03 11:02:00.8184 WS.EKA.Portal.Controllers.AccountController.Login Info Sbool:true
2017-11-03 11:02:00.8265 WS.EKA.Portal.Helpers.CommonRequest.ApiWeiXinLogin Info 店铺：shopnum1_administrators
2017-11-03 11:02:00.9305 WS.EKA.Portal.Helpers.CommonRequest.ApiGetWeixinShopConfigList Info 接口[api/getWeixinShopConfigList/]返回值有误
2017-11-03 11:02:01.0077 WS.EKA.Portal.Controllers.AccountController.Login Info 进入微信登录
2017-11-03 11:02:01.0077 WS.EKA.Portal.Controllers.AccountController.Login Info MemLoginID:oyq49xIv4se1pT3xFCOTjMjQTyHQ
2017-11-03 11:02:01.0077 WS.EKA.Portal.Controllers.AccountController.Login Info AgentID:晴隆站
2017-11-03 11:02:01.0077 WS.EKA.Portal.Controllers.AccountController.Login Info Sbool:true
2017-11-03 11:02:01.0166 WS.EKA.Portal.Helpers.CommonRequest.ApiWeiXinLogin Info 店铺：shopnum1_administrators
2017-11-03 11:02:01.1087 WS.EKA.Portal.Helpers.CommonRequest.ApiGetWeixinShopConfigList Info 接口[api/getWeixinShopConfigList/]返回值有误
2017-11-03 11:02:01.1768 WS.EKA.Portal.Controllers.AccountController.Login Info 进入微信登录
2017-11-03 11:02:01.1768 WS.EKA.Portal.Controllers.AccountController.Login Info MemLoginID:oyq49xIv4se1pT3xFCOTjMjQTyHQ
2017-11-03 11:02:01.1768 WS.EKA.Portal.Controllers.AccountController.Login Info AgentID:晴隆站
2017-11-03 11:02:01.1768 WS.EKA.Portal.Controllers.AccountController.Login Info Sbool:true
2017-11-03 11:02:01.1768 WS.EKA.Portal.Helpers.CommonRequest.ApiWeiXinLogin Info 店铺：shopnum1_administrators
2017-11-03 11:02:01.2829 WS.EKA.Portal.Helpers.CommonRequest.ApiGetWeixinShopConfigList Info 接口[api/getWeixinShopConfigList/]返回值有误
2017-11-03 11:02:01.3579 WS.EKA.Portal.Controllers.AccountController.Login Info 进入微信登录
2017-11-03 11:02:01.3579 WS.EKA.Portal.Controllers.AccountController.Login Info MemLoginID:oyq49xIv4se1pT3xFCOTjMjQTyHQ
2017-11-03 11:02:01.3579 WS.EKA.Portal.Controllers.AccountController.Login Info AgentID:晴隆站
2017-11-03 11:02:01.3579 WS.EKA.Portal.Controllers.AccountController.Login Info Sbool:true
2017-11-03 11:02:01.3579 WS.EKA.Portal.Helpers.CommonRequest.ApiWeiXinLogin Info 店铺：shopnum1_administrators
2017-11-03 11:02:01.4400 WS.EKA.Portal.Helpers.CommonRequest.ApiGetWeixinShopConfigList Info 接口[api/getWeixinShopConfigList/]返回值有误
2017-11-03 11:02:01.5231 WS.EKA.Portal.Controllers.AccountController.Login Info 进入微信登录
2017-11-03 11:02:01.5231 WS.EKA.Portal.Controllers.AccountController.Login Info MemLoginID:oyq49xIv4se1pT3xFCOTjMjQTyHQ
2017-11-03 11:02:01.5231 WS.EKA.Portal.Controllers.AccountController.Login Info AgentID:晴隆站
2017-11-03 11:02:01.5231 WS.EKA.Portal.Controllers.AccountController.Login Info Sbool:true
2017-11-03 11:02:01.5321 WS.EKA.Portal.Helpers.CommonRequest.ApiWeiXinLogin Info 店铺：shopnum1_administrators
2017-11-03 11:02:01.6111 WS.EKA.Portal.Helpers.CommonRequest.ApiGetWeixinShopConfigList Info 接口[api/getWeixinShopConfigList/]返回值有误
2017-11-03 11:02:01.6883 WS.EKA.Portal.Controllers.AccountController.Login Info 进入微信登录
2017-11-03 11:02:01.6883 WS.EKA.Portal.Controllers.AccountController.Login Info MemLoginID:oyq49xIv4se1pT3xFCOTjMjQTyHQ
2017-11-03 11:02:01.6883 WS.EKA.Portal.Controllers.AccountController.Login Info AgentID:晴隆站
2017-11-03 11:02:01.6883 WS.EKA.Portal.Controllers.AccountController.Login Info Sbool:true
2017-11-03 11:02:01.6883 WS.EKA.Portal.Helpers.CommonRequest.ApiWeiXinLogin Info 店铺：shopnum1_administrators
2017-11-03 11:02:01.7893 WS.EKA.Portal.Helpers.CommonRequest.ApiGetWeixinShopConfigList Info 接口[api/getWeixinShopConfigList/]返回值有误
2017-11-03 11:02:01.8534 WS.EKA.Portal.Controllers.AccountController.Login Info 进入微信登录
2017-11-03 11:02:01.8694 WS.EKA.Portal.Controllers.AccountController.Login Info MemLoginID:oyq49xIv4se1pT3xFCOTjMjQTyHQ
2017-11-03 11:02:01.8694 WS.EKA.Portal.Controllers.AccountController.Login Info AgentID:晴隆站
2017-11-03 11:02:01.8694 WS.EKA.Portal.Controllers.AccountController.Login Info Sbool:true
2017-11-03 11:02:01.8764 WS.EKA.Portal.Helpers.CommonRequest.ApiWeiXinLogin Info 店铺：shopnum1_administrators
2017-11-03 11:02:01.9615 WS.EKA.Portal.Helpers.CommonRequest.ApiGetWeixinShopConfigList Info 接口[api/getWeixinShopConfigList/]返回值有误
2017-11-03 11:02:02.0265 WS.EKA.Portal.Controllers.AccountController.Login Info 进入微信登录
2017-11-03 11:02:02.0265 WS.EKA.Portal.Controllers.AccountController.Login Info MemLoginID:oyq49xIv4se1pT3xFCOTjMjQTyHQ
2017-11-03 11:02:02.0296 WS.EKA.Portal.Controllers.AccountController.Login Info AgentID:晴隆站
2017-11-03 11:02:02.0296 WS.EKA.Portal.Controllers.AccountController.Login Info Sbool:true
2017-11-03 11:02:02.0296 WS.EKA.Portal.Helpers.CommonRequest.ApiWeiXinLogin Info 店铺：shopnum1_administrators
2017-11-03 11:02:02.1256 WS.EKA.Portal.Helpers.CommonRequest.ApiGetWeixinShopConfigList Info 接口[api/getWeixinShopConfigList/]返回值有误
2017-11-03 11:02:02.1877 WS.EKA.Portal.Controllers.AccountController.Login Info 进入微信登录
2017-11-03 11:02:02.1877 WS.EKA.Portal.Controllers.AccountController.Login Info MemLoginID:oyq49xIv4se1pT3xFCOTjMjQTyHQ
2017-11-03 11:02:02.1877 WS.EKA.Portal.Controllers.AccountController.Login Info AgentID:晴隆站
2017-11-03 11:02:02.1877 WS.EKA.Portal.Controllers.AccountController.Login Info Sbool:true
2017-11-03 11:02:02.1877 WS.EKA.Portal.Helpers.CommonRequest.ApiWeiXinLogin Info 店铺：shopnum1_administrators
2017-11-03 11:02:02.2948 WS.EKA.Portal.Helpers.CommonRequest.ApiGetWeixinShopConfigList Info 接口[api/getWeixinShopConfigList/]返回值有误
2017-11-03 11:02:02.3628 WS.EKA.Portal.Controllers.AccountController.Login Info 进入微信登录
2017-11-03 11:02:02.3628 WS.EKA.Portal.Controllers.AccountController.Login Info MemLoginID:oyq49xIv4se1pT3xFCOTjMjQTyHQ
2017-11-03 11:02:02.3628 WS.EKA.Portal.Controllers.AccountController.Login Info AgentID:晴隆站
2017-11-03 11:02:02.3628 WS.EKA.Portal.Controllers.AccountController.Login Info Sbool:true
2017-11-03 11:02:02.3628 WS.EKA.Portal.Helpers.CommonRequest.ApiWeiXinLogin Info 店铺：shopnum1_administrators
2017-11-03 11:02:02.4759 WS.EKA.Portal.Helpers.CommonRequest.ApiGetWeixinShopConfigList Info 接口[api/getWeixinShopConfigList/]返回值有误
2017-11-03 11:02:02.5410 WS.EKA.Portal.Controllers.AccountController.Login Info 进入微信登录
2017-11-03 11:02:02.5410 WS.EKA.Portal.Controllers.AccountController.Login Info MemLoginID:oyq49xIv4se1pT3xFCOTjMjQTyHQ
2017-11-03 11:02:02.5410 WS.EKA.Portal.Controllers.AccountController.Login Info AgentID:晴隆站
2017-11-03 11:02:02.5410 WS.EKA.Portal.Controllers.AccountController.Login Info Sbool:true
2017-11-03 11:02:02.5450 WS.EKA.Portal.Helpers.CommonRequest.ApiWeiXinLogin Info 店铺：shopnum1_administrators
2017-11-03 11:02:02.6431 WS.EKA.Portal.Helpers.CommonRequest.ApiGetWeixinShopConfigList Info 接口[api/getWeixinShopConfigList/]返回值有误
2017-11-03 11:02:02.7061 WS.EKA.Portal.Controllers.AccountController.Login Info 进入微信登录
2017-11-03 11:02:02.7061 WS.EKA.Portal.Controllers.AccountController.Login Info MemLoginID:oyq49xIv4se1pT3xFCOTjMjQTyHQ
2017-11-03 11:02:02.7061 WS.EKA.Portal.Controllers.AccountController.Login Info AgentID:晴隆站
2017-11-03 11:02:02.7061 WS.EKA.Portal.Controllers.AccountController.Login Info Sbool:true
2017-11-03 11:02:02.7061 WS.EKA.Portal.Helpers.CommonRequest.ApiWeiXinLogin Info 店铺：shopnum1_administrators
2017-11-03 11:02:02.8022 WS.EKA.Portal.Helpers.CommonRequest.ApiGetWeixinShopConfigList Info 接口[api/getWeixinShopConfigList/]返回值有误
2017-11-03 11:02:02.8683 WS.EKA.Portal.Controllers.AccountController.Login Info 进入微信登录
2017-11-03 11:02:02.8683 WS.EKA.Portal.Controllers.AccountController.Login Info MemLoginID:oyq49xIv4se1pT3xFCOTjMjQTyHQ
2017-11-03 11:02:02.8683 WS.EKA.Portal.Controllers.AccountController.Login Info AgentID:晴隆站
2017-11-03 11:02:02.8683 WS.EKA.Portal.Controllers.AccountController.Login Info Sbool:true
2017-11-03 11:02:02.8763 WS.EKA.Portal.Helpers.CommonRequest.ApiWeiXinLogin Info 店铺：shopnum1_administrators
2017-11-03 11:02:02.9724 WS.EKA.Portal.Helpers.CommonRequest.ApiGetWeixinShopConfigList Info 接口[api/getWeixinShopConfigList/]返回值有误
2017-11-03 11:02:03.0374 WS.EKA.Portal.Controllers.AccountController.Login Info 进入微信登录
2017-11-03 11:02:03.0374 WS.EKA.Portal.Controllers.AccountController.Login Info MemLoginID:oyq49xIv4se1pT3xFCOTjMjQTyHQ
2017-11-03 11:02:03.0374 WS.EKA.Portal.Controllers.AccountController.Login Info AgentID:晴隆站
2017-11-03 11:02:03.0374 WS.EKA.Portal.Controllers.AccountController.Login Info Sbool:true
2017-11-03 11:02:03.0465 WS.EKA.Portal.Helpers.CommonRequest.ApiWeiXinLogin Info 店铺：shopnum1_administrators
2017-11-03 11:02:03.1355 WS.EKA.Portal.Helpers.CommonRequest.ApiGetWeixinShopConfigList Info 接口[api/getWeixinShopConfigList/]返回值有误
2017-11-03 11:02:03.2016 WS.EKA.Portal.Controllers.AccountController.Login Info 进入微信登录
2017-11-03 11:02:03.2016 WS.EKA.Portal.Controllers.AccountController.Login Info MemLoginID:oyq49xIv4se1pT3xFCOTjMjQTyHQ
2017-11-03 11:02:03.2016 WS.EKA.Portal.Controllers.AccountController.Login Info AgentID:晴隆站
2017-11-03 11:02:03.2016 WS.EKA.Portal.Controllers.AccountController.Login Info Sbool:true
2017-11-03 11:02:03.2016 WS.EKA.Portal.Helpers.CommonRequest.ApiWeiXinLogin Info 店铺：shopnum1_administrators
2017-11-03 11:02:03.3237 WS.EKA.Portal.Helpers.CommonRequest.ApiGetWeixinShopConfigList Info 接口[api/getWeixinShopConfigList/]返回值有误
2017-11-03 11:02:03.3898 WS.EKA.Portal.Controllers.AccountController.Login Info 进入微信登录
2017-11-03 11:02:03.3898 WS.EKA.Portal.Controllers.AccountController.Login Info MemLoginID:oyq49xIv4se1pT3xFCOTjMjQTyHQ
2017-11-03 11:02:03.3898 WS.EKA.Portal.Controllers.AccountController.Login Info AgentID:晴隆站
2017-11-03 11:02:03.3898 WS.EKA.Portal.Controllers.AccountController.Login Info Sbool:true
2017-11-03 11:02:03.3898 WS.EKA.Portal.Helpers.CommonRequest.ApiWeiXinLogin Info 店铺：shopnum1_administrators
2017-11-03 11:02:03.4868 WS.EKA.Portal.Helpers.CommonRequest.ApiGetWeixinShopConfigList Info 接口[api/getWeixinShopConfigList/]返回值有误
2017-11-03 11:02:03.5540 WS.EKA.Portal.Controllers.AccountController.Login Info 进入微信登录
2017-11-03 11:02:03.5540 WS.EKA.Portal.Controllers.AccountController.Login Info MemLoginID:oyq49xIv4se1pT3xFCOTjMjQTyHQ
2017-11-03 11:02:03.5540 WS.EKA.Portal.Controllers.AccountController.Login Info AgentID:晴隆站
2017-11-03 11:02:03.5540 WS.EKA.Portal.Controllers.AccountController.Login Info Sbool:true
2017-11-03 11:02:03.5619 WS.EKA.Portal.Helpers.CommonRequest.ApiWeiXinLogin Info 店铺：shopnum1_administrators
2017-11-03 11:02:03.6520 WS.EKA.Portal.Helpers.CommonRequest.ApiGetWeixinShopConfigList Info 接口[api/getWeixinShopConfigList/]返回值有误
2017-11-03 11:02:03.7150 WS.EKA.Portal.Controllers.AccountController.Login Info 进入微信登录
2017-11-03 11:02:03.7170 WS.EKA.Portal.Controllers.AccountController.Login Info MemLoginID:oyq49xIv4se1pT3xFCOTjMjQTyHQ
2017-11-03 11:02:03.7170 WS.EKA.Portal.Controllers.AccountController.Login Info AgentID:晴隆站
2017-11-03 11:02:03.7170 WS.EKA.Portal.Controllers.AccountController.Login Info Sbool:true
2017-11-03 11:02:03.7170 WS.EKA.Portal.Helpers.CommonRequest.ApiWeiXinLogin Info 店铺：shopnum1_administrators
2017-11-03 11:02:03.8221 WS.EKA.Portal.Helpers.CommonRequest.ApiGetWeixinShopConfigList Info 接口[api/getWeixinShopConfigList/]返回值有误
2017-11-03 11:02:03.8923 WS.EKA.Portal.Controllers.AccountController.Login Info 进入微信登录
2017-11-03 11:02:03.8923 WS.EKA.Portal.Controllers.AccountController.Login Info MemLoginID:oyq49xIv4se1pT3xFCOTjMjQTyHQ
2017-11-03 11:02:03.8923 WS.EKA.Portal.Controllers.AccountController.Login Info AgentID:晴隆站
2017-11-03 11:02:03.8923 WS.EKA.Portal.Controllers.AccountController.Login Info Sbool:true
2017-11-03 11:02:03.8923 WS.EKA.Portal.Helpers.CommonRequest.ApiWeiXinLogin Info 店铺：shopnum1_administrators
2017-11-03 11:02:03.9883 WS.EKA.Portal.Helpers.CommonRequest.ApiGetWeixinShopConfigList Info 接口[api/getWeixinShopConfigList/]返回值有误
2017-11-03 11:02:04.0614 WS.EKA.Portal.Controllers.AccountController.Login Info 进入微信登录
2017-11-03 11:02:04.0614 WS.EKA.Portal.Controllers.AccountController.Login Info MemLoginID:oyq49xIv4se1pT3xFCOTjMjQTyHQ
2017-11-03 11:02:04.0614 WS.EKA.Portal.Controllers.AccountController.Login Info AgentID:晴隆站
2017-11-03 11:02:04.0614 WS.EKA.Portal.Controllers.AccountController.Login Info Sbool:true
2017-11-03 11:02:04.0614 WS.EKA.Portal.Helpers.CommonRequest.ApiWeiXinLogin Info 店铺：shopnum1_administrators
2017-11-03 11:02:04.1665 WS.EKA.Portal.Helpers.CommonRequest.ApiGetWeixinShopConfigList Info 接口[api/getWeixinShopConfigList/]返回值有误
2017-11-03 11:02:04.2375 WS.EKA.Portal.Controllers.AccountController.Login Info 进入微信登录
2017-11-03 11:02:04.2375 WS.EKA.Portal.Controllers.AccountController.Login Info MemLoginID:oyq49xIv4se1pT3xFCOTjMjQTyHQ
2017-11-03 11:02:04.2375 WS.EKA.Portal.Controllers.AccountController.Login Info AgentID:晴隆站
2017-11-03 11:02:04.2375 WS.EKA.Portal.Controllers.AccountController.Login Info Sbool:true
2017-11-03 11:02:04.2375 WS.EKA.Portal.Helpers.CommonRequest.ApiWeiXinLogin Info 店铺：shopnum1_administrators
2017-11-03 11:02:04.3336 WS.EKA.Portal.Helpers.CommonRequest.ApiGetWeixinShopConfigList Info 接口[api/getWeixinShopConfigList/]返回值有误
2017-11-03 11:02:04.4027 WS.EKA.Portal.Controllers.AccountController.Login Info 进入微信登录
2017-11-03 11:02:04.4027 WS.EKA.Portal.Controllers.AccountController.Login Info MemLoginID:oyq49xIv4se1pT3xFCOTjMjQTyHQ
2017-11-03 11:02:04.4047 WS.EKA.Portal.Controllers.AccountController.Login Info AgentID:晴隆站
2017-11-03 11:02:04.4047 WS.EKA.Portal.Controllers.AccountController.Login Info Sbool:true
2017-11-03 11:02:04.4047 WS.EKA.Portal.Helpers.CommonRequest.ApiWeiXinLogin Info 店铺：shopnum1_administrators
2017-11-03 11:02:04.4998 WS.EKA.Portal.Helpers.CommonRequest.ApiGetWeixinShopConfigList Info 接口[api/getWeixinShopConfigList/]返回值有误
2017-11-03 11:02:04.5688 WS.EKA.Portal.Controllers.AccountController.Login Info 进入微信登录
2017-11-03 11:02:04.5688 WS.EKA.Portal.Controllers.AccountController.Login Info MemLoginID:oyq49xIv4se1pT3xFCOTjMjQTyHQ
2017-11-03 11:02:04.5688 WS.EKA.Portal.Controllers.AccountController.Login Info AgentID:晴隆站
2017-11-03 11:02:04.5688 WS.EKA.Portal.Controllers.AccountController.Login Info Sbool:true
2017-11-03 11:02:04.5778 WS.EKA.Portal.Helpers.CommonRequest.ApiWeiXinLogin Info 店铺：shopnum1_administrators
2017-11-03 11:02:04.6779 WS.EKA.Portal.Helpers.CommonRequest.ApiGetWeixinShopConfigList Info 接口[api/getWeixinShopConfigList/]返回值有误
2017-11-03 11:02:04.7480 WS.EKA.Portal.Controllers.AccountController.Login Info 进入微信登录
2017-11-03 11:02:04.7480 WS.EKA.Portal.Controllers.AccountController.Login Info MemLoginID:oyq49xIv4se1pT3xFCOTjMjQTyHQ
2017-11-03 11:02:04.7480 WS.EKA.Portal.Controllers.AccountController.Login Info AgentID:晴隆站
2017-11-03 11:02:04.7480 WS.EKA.Portal.Controllers.AccountController.Login Info Sbool:true
2017-11-03 11:02:04.7480 WS.EKA.Portal.Helpers.CommonRequest.ApiWeiXinLogin Info 店铺：shopnum1_administrators
2017-11-03 11:02:04.8511 WS.EKA.Portal.Helpers.CommonRequest.ApiGetWeixinShopConfigList Info 接口[api/getWeixinShopConfigList/]返回值有误
2017-11-03 11:02:04.9151 WS.EKA.Portal.Controllers.AccountController.Login Info 进入微信登录
2017-11-03 11:02:04.9151 WS.EKA.Portal.Controllers.AccountController.Login Info MemLoginID:oyq49xIv4se1pT3xFCOTjMjQTyHQ
2017-11-03 11:02:04.9151 WS.EKA.Portal.Controllers.AccountController.Login Info AgentID:晴隆站
2017-11-03 11:02:04.9151 WS.EKA.Portal.Controllers.AccountController.Login Info Sbool:true
2017-11-03 11:02:04.9231 WS.EKA.Portal.Helpers.CommonRequest.ApiWeiXinLogin Info 店铺：shopnum1_administrators
2017-11-03 11:02:05.0062 WS.EKA.Portal.Helpers.CommonRequest.ApiGetWeixinShopConfigList Info 接口[api/getWeixinShopConfigList/]返回值有误
2017-11-03 11:02:05.0853 WS.EKA.Portal.Controllers.AccountController.Login Info 进入微信登录
2017-11-03 11:02:05.0853 WS.EKA.Portal.Controllers.AccountController.Login Info MemLoginID:oyq49xIv4se1pT3xFCOTjMjQTyHQ
2017-11-03 11:02:05.0853 WS.EKA.Portal.Controllers.AccountController.Login Info AgentID:晴隆站
2017-11-03 11:02:05.0853 WS.EKA.Portal.Controllers.AccountController.Login Info Sbool:true
2017-11-03 11:02:05.0933 WS.EKA.Portal.Helpers.CommonRequest.ApiWeiXinLogin Info 店铺：shopnum1_administrators
2017-11-03 11:02:05.1874 WS.EKA.Portal.Helpers.CommonRequest.ApiGetWeixinShopConfigList Info 接口[api/getWeixinShopConfigList/]返回值有误
2017-11-03 11:02:05.2674 WS.EKA.Portal.Controllers.AccountController.Login Info 进入微信登录
2017-11-03 11:02:05.2674 WS.EKA.Portal.Controllers.AccountController.Login Info MemLoginID:oyq49xIv4se1pT3xFCOTjMjQTyHQ
2017-11-03 11:02:05.2674 WS.EKA.Portal.Controllers.AccountController.Login Info AgentID:晴隆站
2017-11-03 11:02:05.2674 WS.EKA.Portal.Controllers.AccountController.Login Info Sbool:true
2017-11-03 11:02:05.2674 WS.EKA.Portal.Helpers.CommonRequest.ApiWeiXinLogin Info 店铺：shopnum1_administrators
2017-11-03 11:02:05.3565 WS.EKA.Portal.Helpers.CommonRequest.ApiGetWeixinShopConfigList Info 接口[api/getWeixinShopConfigList/]返回值有误
2017-11-03 11:02:05.4376 WS.EKA.Portal.Controllers.AccountController.Login Info 进入微信登录
2017-11-03 11:02:05.4376 WS.EKA.Portal.Controllers.AccountController.Login Info MemLoginID:oyq49xIv4se1pT3xFCOTjMjQTyHQ
2017-11-03 11:02:05.4376 WS.EKA.Portal.Controllers.AccountController.Login Info AgentID:晴隆站
2017-11-03 11:02:05.4376 WS.EKA.Portal.Controllers.AccountController.Login Info Sbool:true
2017-11-03 11:02:05.4376 WS.EKA.Portal.Helpers.CommonRequest.ApiWeiXinLogin Info 店铺：shopnum1_administrators
2017-11-03 11:02:05.5247 WS.EKA.Portal.Helpers.CommonRequest.ApiGetWeixinShopConfigList Info 接口[api/getWeixinShopConfigList/]返回值有误
2017-11-03 11:02:05.6048 WS.EKA.Portal.Controllers.AccountController.Login Info 进入微信登录
2017-11-03 11:02:05.6048 WS.EKA.Portal.Controllers.AccountController.Login Info MemLoginID:oyq49xIv4se1pT3xFCOTjMjQTyHQ
2017-11-03 11:02:05.6048 WS.EKA.Portal.Controllers.AccountController.Login Info AgentID:晴隆站
2017-11-03 11:02:05.6078 WS.EKA.Portal.Controllers.AccountController.Login Info Sbool:true
2017-11-03 11:02:05.6078 WS.EKA.Portal.Helpers.CommonRequest.ApiWeiXinLogin Info 店铺：shopnum1_administrators
2017-11-03 11:02:05.7039 WS.EKA.Portal.Helpers.CommonRequest.ApiGetWeixinShopConfigList Info 接口[api/getWeixinShopConfigList/]返回值有误
2017-11-03 11:02:05.7769 WS.EKA.Portal.Controllers.AccountController.Login Info 进入微信登录
2017-11-03 11:02:05.7769 WS.EKA.Portal.Controllers.AccountController.Login Info MemLoginID:oyq49xIv4se1pT3xFCOTjMjQTyHQ
2017-11-03 11:02:05.7789 WS.EKA.Portal.Controllers.AccountController.Login Info AgentID:晴隆站
2017-11-03 11:02:05.7789 WS.EKA.Portal.Controllers.AccountController.Login Info Sbool:true
2017-11-03 11:02:05.7789 WS.EKA.Portal.Helpers.CommonRequest.ApiWeiXinLogin Info 店铺：shopnum1_administrators
2017-11-03 11:02:05.8670 WS.EKA.Portal.Helpers.CommonRequest.ApiGetWeixinShopConfigList Info 接口[api/getWeixinShopConfigList/]返回值有误
2017-11-03 11:02:05.9350 WS.EKA.Portal.Controllers.AccountController.Login Info 进入微信登录
2017-11-03 11:02:05.9370 WS.EKA.Portal.Controllers.AccountController.Login Info MemLoginID:oyq49xIv4se1pT3xFCOTjMjQTyHQ
2017-11-03 11:02:05.9370 WS.EKA.Portal.Controllers.AccountController.Login Info AgentID:晴隆站
2017-11-03 11:02:05.9370 WS.EKA.Portal.Controllers.AccountController.Login Info Sbool:true
2017-11-03 11:02:05.9551 WS.EKA.Portal.Helpers.CommonRequest.ApiWeiXinLogin Info 店铺：shopnum1_administrators
2017-11-03 11:02:06.0431 WS.EKA.Portal.Helpers.CommonRequest.ApiGetWeixinShopConfigList Info 接口[api/getWeixinShopConfigList/]返回值有误
2017-11-03 11:02:06.1092 WS.EKA.Portal.Controllers.AccountController.Login Info 进入微信登录
2017-11-03 11:02:06.1092 WS.EKA.Portal.Controllers.AccountController.Login Info MemLoginID:oyq49xIv4se1pT3xFCOTjMjQTyHQ
2017-11-03 11:02:06.1092 WS.EKA.Portal.Controllers.AccountController.Login Info AgentID:晴隆站
2017-11-03 11:02:06.1092 WS.EKA.Portal.Controllers.AccountController.Login Info Sbool:true
2017-11-03 11:02:06.1092 WS.EKA.Portal.Helpers.CommonRequest.ApiWeiXinLogin Info 店铺：shopnum1_administrators
2017-11-03 11:02:06.2103 WS.EKA.Portal.Helpers.CommonRequest.ApiGetWeixinShopConfigList Info 接口[api/getWeixinShopConfigList/]返回值有误
2017-11-03 11:02:06.2774 WS.EKA.Portal.Controllers.AccountController.Login Info 进入微信登录
2017-11-03 11:02:06.2794 WS.EKA.Portal.Controllers.AccountController.Login Info MemLoginID:oyq49xIv4se1pT3xFCOTjMjQTyHQ
2017-11-03 11:02:06.2794 WS.EKA.Portal.Controllers.AccountController.Login Info AgentID:晴隆站
2017-11-03 11:02:06.2794 WS.EKA.Portal.Controllers.AccountController.Login Info Sbool:true
2017-11-03 11:02:06.2794 WS.EKA.Portal.Helpers.CommonRequest.ApiWeiXinLogin Info 店铺：shopnum1_administrators
2017-11-03 11:02:06.3795 WS.EKA.Portal.Helpers.CommonRequest.ApiGetWeixinShopConfigList Info 接口[api/getWeixinShopConfigList/]返回值有误
2017-11-03 11:02:06.4446 WS.EKA.Portal.Controllers.AccountController.Login Info 进入微信登录
2017-11-03 11:02:06.4446 WS.EKA.Portal.Controllers.AccountController.Login Info MemLoginID:oyq49xIv4se1pT3xFCOTjMjQTyHQ
2017-11-03 11:02:06.4446 WS.EKA.Portal.Controllers.AccountController.Login Info AgentID:晴隆站
2017-11-03 11:02:06.4446 WS.EKA.Portal.Controllers.AccountController.Login Info Sbool:true
2017-11-03 11:02:06.4526 WS.EKA.Portal.Helpers.CommonRequest.ApiWeiXinLogin Info 店铺：shopnum1_administrators
2017-11-03 11:02:06.5516 WS.EKA.Portal.Helpers.CommonRequest.ApiGetWeixinShopConfigList Info 接口[api/getWeixinShopConfigList/]返回值有误
2017-11-03 11:02:06.6167 WS.EKA.Portal.Controllers.AccountController.Login Info 进入微信登录
2017-11-03 11:02:06.6167 WS.EKA.Portal.Controllers.AccountController.Login Info MemLoginID:oyq49xIv4se1pT3xFCOTjMjQTyHQ
2017-11-03 11:02:06.6167 WS.EKA.Portal.Controllers.AccountController.Login Info AgentID:晴隆站
2017-11-03 11:02:06.6167 WS.EKA.Portal.Controllers.AccountController.Login Info Sbool:true
2017-11-03 11:02:06.6227 WS.EKA.Portal.Helpers.CommonRequest.ApiWeiXinLogin Info 店铺：shopnum1_administrators
2017-11-03 11:02:06.7248 WS.EKA.Portal.Helpers.CommonRequest.ApiGetWeixinShopConfigList Info 接口[api/getWeixinShopConfigList/]返回值有误
2017-11-03 11:02:06.7898 WS.EKA.Portal.Controllers.AccountController.Login Info 进入微信登录
2017-11-03 11:02:06.7898 WS.EKA.Portal.Controllers.AccountController.Login Info MemLoginID:oyq49xIv4se1pT3xFCOTjMjQTyHQ
2017-11-03 11:02:06.7898 WS.EKA.Portal.Controllers.AccountController.Login Info AgentID:晴隆站
2017-11-03 11:02:06.7898 WS.EKA.Portal.Controllers.AccountController.Login Info Sbool:true
2017-11-03 11:02:06.7969 WS.EKA.Portal.Helpers.CommonRequest.ApiWeiXinLogin Info 店铺：shopnum1_administrators
2017-11-03 11:02:06.8829 WS.EKA.Portal.Helpers.CommonRequest.ApiGetWeixinShopConfigList Info 接口[api/getWeixinShopConfigList/]返回值有误
2017-11-03 11:02:06.9520 WS.EKA.Portal.Controllers.AccountController.Login Info 进入微信登录
2017-11-03 11:02:06.9520 WS.EKA.Portal.Controllers.AccountController.Login Info MemLoginID:oyq49xIv4se1pT3xFCOTjMjQTyHQ
2017-11-03 11:02:06.9520 WS.EKA.Portal.Controllers.AccountController.Login Info AgentID:晴隆站
2017-11-03 11:02:06.9520 WS.EKA.Portal.Controllers.AccountController.Login Info Sbool:true
2017-11-03 11:02:06.9520 WS.EKA.Portal.Helpers.CommonRequest.ApiWeiXinLogin Info 店铺：shopnum1_administrators
2017-11-03 11:02:07.0491 WS.EKA.Portal.Helpers.CommonRequest.ApiGetWeixinShopConfigList Info 接口[api/getWeixinShopConfigList/]返回值有误
2017-11-03 11:02:07.1131 WS.EKA.Portal.Controllers.AccountController.Login Info 进入微信登录
2017-11-03 11:02:07.1131 WS.EKA.Portal.Controllers.AccountController.Login Info MemLoginID:oyq49xIv4se1pT3xFCOTjMjQTyHQ
2017-11-03 11:02:07.1131 WS.EKA.Portal.Controllers.AccountController.Login Info AgentID:晴隆站
2017-11-03 11:02:07.1131 WS.EKA.Portal.Controllers.AccountController.Login Info Sbool:true
2017-11-03 11:02:07.1131 WS.EKA.Portal.Helpers.CommonRequest.ApiWeiXinLogin Info 店铺：shopnum1_administrators
2017-11-03 11:02:07.2112 WS.EKA.Portal.Helpers.CommonRequest.ApiGetWeixinShopConfigList Info 接口[api/getWeixinShopConfigList/]返回值有误
2017-11-03 11:02:07.2823 WS.EKA.Portal.Controllers.AccountController.Login Info 进入微信登录
2017-11-03 11:02:07.2823 WS.EKA.Portal.Controllers.AccountController.Login Info MemLoginID:oyq49xIv4se1pT3xFCOTjMjQTyHQ
2017-11-03 11:02:07.2823 WS.EKA.Portal.Controllers.AccountController.Login Info AgentID:晴隆站
2017-11-03 11:02:07.2823 WS.EKA.Portal.Controllers.AccountController.Login Info Sbool:true
2017-11-03 11:02:07.2823 WS.EKA.Portal.Helpers.CommonRequest.ApiWeiXinLogin Info 店铺：shopnum1_administrators
2017-11-03 11:02:07.3884 WS.EKA.Portal.Helpers.CommonRequest.ApiGetWeixinShopConfigList Info 接口[api/getWeixinShopConfigList/]返回值有误
2017-11-03 11:02:07.4575 WS.EKA.Portal.Controllers.AccountController.Login Info 进入微信登录
2017-11-03 11:02:07.4575 WS.EKA.Portal.Controllers.AccountController.Login Info MemLoginID:oyq49xIv4se1pT3xFCOTjMjQTyHQ
2017-11-03 11:02:07.4575 WS.EKA.Portal.Controllers.AccountController.Login Info AgentID:晴隆站
2017-11-03 11:02:07.4575 WS.EKA.Portal.Controllers.AccountController.Login Info Sbool:true
2017-11-03 11:02:07.4575 WS.EKA.Portal.Helpers.CommonRequest.ApiWeiXinLogin Info 店铺：shopnum1_administrators
2017-11-03 11:02:07.5685 WS.EKA.Portal.Helpers.CommonRequest.ApiGetWeixinShopConfigList Info 接口[api/getWeixinShopConfigList/]返回值有误
2017-11-03 11:02:07.6336 WS.EKA.Portal.Controllers.AccountController.Login Info 进入微信登录
2017-11-03 11:02:07.6336 WS.EKA.Portal.Controllers.AccountController.Login Info MemLoginID:oyq49xIv4se1pT3xFCOTjMjQTyHQ
2017-11-03 11:02:07.6336 WS.EKA.Portal.Controllers.AccountController.Login Info AgentID:晴隆站
2017-11-03 11:02:07.6336 WS.EKA.Portal.Controllers.AccountController.Login Info Sbool:true
2017-11-03 11:02:07.6416 WS.EKA.Portal.Helpers.CommonRequest.ApiWeiXinLogin Info 店铺：shopnum1_administrators
2017-11-03 11:02:07.7457 WS.EKA.Portal.Helpers.CommonRequest.ApiGetWeixinShopConfigList Info 接口[api/getWeixinShopConfigList/]返回值有误
2017-11-03 11:02:07.8138 WS.EKA.Portal.Controllers.AccountController.Login Info 进入微信登录
2017-11-03 11:02:07.8138 WS.EKA.Portal.Controllers.AccountController.Login Info MemLoginID:oyq49xIv4se1pT3xFCOTjMjQTyHQ
2017-11-03 11:02:07.8138 WS.EKA.Portal.Controllers.AccountController.Login Info AgentID:晴隆站
2017-11-03 11:02:07.8138 WS.EKA.Portal.Controllers.AccountController.Login Info Sbool:true
2017-11-03 11:02:07.8138 WS.EKA.Portal.Helpers.CommonRequest.ApiWeiXinLogin Info 店铺：shopnum1_administrators
2017-11-03 11:02:07.9158 WS.EKA.Portal.Helpers.CommonRequest.ApiGetWeixinShopConfigList Info 接口[api/getWeixinShopConfigList/]返回值有误
2017-11-03 11:02:07.9859 WS.EKA.Portal.Controllers.AccountController.Login Info 进入微信登录
2017-11-03 11:02:07.9859 WS.EKA.Portal.Controllers.AccountController.Login Info MemLoginID:oyq49xIv4se1pT3xFCOTjMjQTyHQ
2017-11-03 11:02:07.9859 WS.EKA.Portal.Controllers.AccountController.Login Info AgentID:晴隆站
2017-11-03 11:02:07.9859 WS.EKA.Portal.Controllers.AccountController.Login Info Sbool:true
2017-11-03 11:02:07.9859 WS.EKA.Portal.Helpers.CommonRequest.ApiWeiXinLogin Info 店铺：shopnum1_administrators
2017-11-03 11:02:08.0900 WS.EKA.Portal.Helpers.CommonRequest.ApiGetWeixinShopConfigList Info 接口[api/getWeixinShopConfigList/]返回值有误
2017-11-03 11:02:08.1570 WS.EKA.Portal.Controllers.AccountController.Login Info 进入微信登录
2017-11-03 11:02:08.1570 WS.EKA.Portal.Controllers.AccountController.Login Info MemLoginID:oyq49xIv4se1pT3xFCOTjMjQTyHQ
2017-11-03 11:02:08.1570 WS.EKA.Portal.Controllers.AccountController.Login Info AgentID:晴隆站
2017-11-03 11:02:08.1570 WS.EKA.Portal.Controllers.AccountController.Login Info Sbool:true
2017-11-03 11:02:08.1570 WS.EKA.Portal.Helpers.CommonRequest.ApiWeiXinLogin Info 店铺：shopnum1_administrators
2017-11-03 11:02:08.2521 WS.EKA.Portal.Helpers.CommonRequest.ApiGetWeixinShopConfigList Info 接口[api/getWeixinShopConfigList/]返回值有误
2017-11-03 11:02:08.3232 WS.EKA.Portal.Controllers.AccountController.Login Info 进入微信登录
2017-11-03 11:02:08.3232 WS.EKA.Portal.Controllers.AccountController.Login Info MemLoginID:oyq49xIv4se1pT3xFCOTjMjQTyHQ
2017-11-03 11:02:08.3232 WS.EKA.Portal.Controllers.AccountController.Login Info AgentID:晴隆站
2017-11-03 11:02:08.3262 WS.EKA.Portal.Controllers.AccountController.Login Info Sbool:true
2017-11-03 11:02:08.3262 WS.EKA.Portal.Helpers.CommonRequest.ApiWeiXinLogin Info 店铺：shopnum1_administrators
2017-11-03 11:02:08.4183 WS.EKA.Portal.Helpers.CommonRequest.ApiGetWeixinShopConfigList Info 接口[api/getWeixinShopConfigList/]返回值有误
2017-11-03 11:02:08.4873 WS.EKA.Portal.Controllers.AccountController.Login Info 进入微信登录
2017-11-03 11:02:08.4873 WS.EKA.Portal.Controllers.AccountController.Login Info MemLoginID:oyq49xIv4se1pT3xFCOTjMjQTyHQ
2017-11-03 11:02:08.4873 WS.EKA.Portal.Controllers.AccountController.Login Info AgentID:晴隆站
2017-11-03 11:02:08.4873 WS.EKA.Portal.Controllers.AccountController.Login Info Sbool:true
2017-11-03 11:02:08.4873 WS.EKA.Portal.Helpers.CommonRequest.ApiWeiXinLogin Info 店铺：shopnum1_administrators
2017-11-03 11:02:08.5824 WS.EKA.Portal.Helpers.CommonRequest.ApiGetWeixinShopConfigList Info 接口[api/getWeixinShopConfigList/]返回值有误
2017-11-03 11:02:08.6495 WS.EKA.Portal.Controllers.AccountController.Login Info 进入微信登录
2017-11-03 11:02:08.6495 WS.EKA.Portal.Controllers.AccountController.Login Info MemLoginID:oyq49xIv4se1pT3xFCOTjMjQTyHQ
2017-11-03 11:02:08.6495 WS.EKA.Portal.Controllers.AccountController.Login Info AgentID:晴隆站
2017-11-03 11:02:08.6495 WS.EKA.Portal.Controllers.AccountController.Login Info Sbool:true
2017-11-03 11:02:08.6545 WS.EKA.Portal.Helpers.CommonRequest.ApiWeiXinLogin Info 店铺：shopnum1_administrators
2017-11-03 11:02:08.7536 WS.EKA.Portal.Helpers.CommonRequest.ApiGetWeixinShopConfigList Info 接口[api/getWeixinShopConfigList/]返回值有误
2017-11-03 11:02:08.8177 WS.EKA.Portal.Controllers.AccountController.Login Info 进入微信登录
2017-11-03 11:02:08.8177 WS.EKA.Portal.Controllers.AccountController.Login Info MemLoginID:oyq49xIv4se1pT3xFCOTjMjQTyHQ
2017-11-03 11:02:08.8177 WS.EKA.Portal.Controllers.AccountController.Login Info AgentID:晴隆站
2017-11-03 11:02:08.8177 WS.EKA.Portal.Controllers.AccountController.Login Info Sbool:true
2017-11-03 11:02:08.8177 WS.EKA.Portal.Helpers.CommonRequest.ApiWeiXinLogin Info 店铺：shopnum1_administrators
2017-11-03 11:02:08.9208 WS.EKA.Portal.Helpers.CommonRequest.ApiGetWeixinShopConfigList Info 接口[api/getWeixinShopConfigList/]返回值有误
2017-11-03 11:02:08.9858 WS.EKA.Portal.Controllers.AccountController.Login Info 进入微信登录
2017-11-03 11:02:08.9858 WS.EKA.Portal.Controllers.AccountController.Login Info MemLoginID:oyq49xIv4se1pT3xFCOTjMjQTyHQ
2017-11-03 11:02:08.9858 WS.EKA.Portal.Controllers.AccountController.Login Info AgentID:晴隆站
2017-11-03 11:02:08.9858 WS.EKA.Portal.Controllers.AccountController.Login Info Sbool:true
2017-11-03 11:02:08.9858 WS.EKA.Portal.Helpers.CommonRequest.ApiWeiXinLogin Info 店铺：shopnum1_administrators
2017-11-03 11:02:09.0709 WS.EKA.Portal.Helpers.CommonRequest.ApiGetWeixinShopConfigList Info 接口[api/getWeixinShopConfigList/]返回值有误
2017-11-03 11:02:09.1510 WS.EKA.Portal.Controllers.AccountController.Login Info 进入微信登录
2017-11-03 11:02:09.1510 WS.EKA.Portal.Controllers.AccountController.Login Info MemLoginID:oyq49xIv4se1pT3xFCOTjMjQTyHQ
2017-11-03 11:02:09.1510 WS.EKA.Portal.Controllers.AccountController.Login Info AgentID:晴隆站
2017-11-03 11:02:09.1540 WS.EKA.Portal.Controllers.AccountController.Login Info Sbool:true
2017-11-03 11:02:09.1540 WS.EKA.Portal.Helpers.CommonRequest.ApiWeiXinLogin Info 店铺：shopnum1_administrators
2017-11-03 11:02:09.2520 WS.EKA.Portal.Helpers.CommonRequest.ApiGetWeixinShopConfigList Info 接口[api/getWeixinShopConfigList/]返回值有误
2017-11-03 11:02:09.3152 WS.EKA.Portal.Controllers.AccountController.Login Info 进入微信登录
2017-11-03 11:02:09.3152 WS.EKA.Portal.Controllers.AccountController.Login Info MemLoginID:oyq49xIv4se1pT3xFCOTjMjQTyHQ
2017-11-03 11:02:09.3152 WS.EKA.Portal.Controllers.AccountController.Login Info AgentID:晴隆站
2017-11-03 11:02:09.3152 WS.EKA.Portal.Controllers.AccountController.Login Info Sbool:true
2017-11-03 11:02:09.3152 WS.EKA.Portal.Helpers.CommonRequest.ApiWeiXinLogin Info 店铺：shopnum1_administrators
2017-11-03 11:02:09.4152 WS.EKA.Portal.Helpers.CommonRequest.ApiGetWeixinShopConfigList Info 接口[api/getWeixinShopConfigList/]返回值有误
2017-11-03 11:02:09.4792 WS.EKA.Portal.Controllers.AccountController.Login Info 进入微信登录
2017-11-03 11:02:09.4792 WS.EKA.Portal.Controllers.AccountController.Login Info MemLoginID:oyq49xIv4se1pT3xFCOTjMjQTyHQ
2017-11-03 11:02:09.4792 WS.EKA.Portal.Controllers.AccountController.Login Info AgentID:晴隆站
2017-11-03 11:02:09.4822 WS.EKA.Portal.Controllers.AccountController.Login Info Sbool:true
2017-11-03 11:02:09.4822 WS.EKA.Portal.Helpers.CommonRequest.ApiWeiXinLogin Info 店铺：shopnum1_administrators
2017-11-03 11:02:09.5754 WS.EKA.Portal.Helpers.CommonRequest.ApiGetWeixinShopConfigList Info 接口[api/getWeixinShopConfigList/]返回值有误
2017-11-03 11:02:09.6414 WS.EKA.Portal.Controllers.AccountController.Login Info 进入微信登录
2017-11-03 11:02:09.6414 WS.EKA.Portal.Controllers.AccountController.Login Info MemLoginID:oyq49xIv4se1pT3xFCOTjMjQTyHQ
2017-11-03 11:02:09.6414 WS.EKA.Portal.Controllers.AccountController.Login Info AgentID:晴隆站
2017-11-03 11:02:09.6414 WS.EKA.Portal.Controllers.AccountController.Login Info Sbool:true
2017-11-03 11:02:09.6414 WS.EKA.Portal.Helpers.CommonRequest.ApiWeiXinLogin Info 店铺：shopnum1_administrators
2017-11-03 11:02:09.7425 WS.EKA.Portal.Helpers.CommonRequest.ApiGetWeixinShopConfigList Info 接口[api/getWeixinShopConfigList/]返回值有误
2017-11-03 11:02:09.8056 WS.EKA.Portal.Controllers.AccountController.Login Info 进入微信登录
2017-11-03 11:02:09.8056 WS.EKA.Portal.Controllers.AccountController.Login Info MemLoginID:oyq49xIv4se1pT3xFCOTjMjQTyHQ
2017-11-03 11:02:09.8056 WS.EKA.Portal.Controllers.AccountController.Login Info AgentID:晴隆站
2017-11-03 11:02:09.8056 WS.EKA.Portal.Controllers.AccountController.Login Info Sbool:true
2017-11-03 11:02:09.8136 WS.EKA.Portal.Helpers.CommonRequest.ApiWeiXinLogin Info 店铺：shopnum1_administrators
2017-11-03 11:02:09.9016 WS.EKA.Portal.Helpers.CommonRequest.ApiGetWeixinShopConfigList Info 接口[api/getWeixinShopConfigList/]返回值有误
2017-11-03 11:02:09.9678 WS.EKA.Portal.Controllers.AccountController.Login Info 进入微信登录
2017-11-03 11:02:09.9678 WS.EKA.Portal.Controllers.AccountController.Login Info MemLoginID:oyq49xIv4se1pT3xFCOTjMjQTyHQ
2017-11-03 11:02:09.9678 WS.EKA.Portal.Controllers.AccountController.Login Info AgentID:晴隆站
2017-11-03 11:02:09.9678 WS.EKA.Portal.Controllers.AccountController.Login Info Sbool:true
2017-11-03 11:02:09.9678 WS.EKA.Portal.Helpers.CommonRequest.ApiWeiXinLogin Info 店铺：shopnum1_administrators
2017-11-03 11:02:10.0658 WS.EKA.Portal.Helpers.CommonRequest.ApiGetWeixinShopConfigList Info 接口[api/getWeixinShopConfigList/]返回值有误
2017-11-03 11:02:10.1328 WS.EKA.Portal.Controllers.AccountController.Login Info 进入微信登录
2017-11-03 11:02:10.1328 WS.EKA.Portal.Controllers.AccountController.Login Info MemLoginID:oyq49xIv4se1pT3xFCOTjMjQTyHQ
2017-11-03 11:02:10.1328 WS.EKA.Portal.Controllers.AccountController.Login Info AgentID:晴隆站
2017-11-03 11:02:10.1328 WS.EKA.Portal.Controllers.AccountController.Login Info Sbool:true
2017-11-03 11:02:10.1418 WS.EKA.Portal.Helpers.CommonRequest.ApiWeiXinLogin Info 店铺：shopnum1_administrators
2017-11-03 11:02:10.2420 WS.EKA.Portal.Helpers.CommonRequest.ApiGetWeixinShopConfigList Info 接口[api/getWeixinShopConfigList/]返回值有误
2017-11-03 11:02:10.3090 WS.EKA.Portal.Controllers.AccountController.Login Info 进入微信登录
2017-11-03 11:02:10.3090 WS.EKA.Portal.Controllers.AccountController.Login Info MemLoginID:oyq49xIv4se1pT3xFCOTjMjQTyHQ
2017-11-03 11:02:10.3110 WS.EKA.Portal.Controllers.AccountController.Login Info AgentID:晴隆站
2017-11-03 11:02:10.3110 WS.EKA.Portal.Controllers.AccountController.Login Info Sbool:true
2017-11-03 11:02:10.3110 WS.EKA.Portal.Helpers.CommonRequest.ApiWeiXinLogin Info 店铺：shopnum1_administrators
2017-11-03 11:02:10.4091 WS.EKA.Portal.Helpers.CommonRequest.ApiGetWeixinShopConfigList Info 接口[api/getWeixinShopConfigList/]返回值有误
2017-11-03 11:02:10.4722 WS.EKA.Portal.Controllers.AccountController.Login Info 进入微信登录
2017-11-03 11:02:10.4722 WS.EKA.Portal.Controllers.AccountController.Login Info MemLoginID:oyq49xIv4se1pT3xFCOTjMjQTyHQ
2017-11-03 11:02:10.4722 WS.EKA.Portal.Controllers.AccountController.Login Info AgentID:晴隆站
2017-11-03 11:02:10.4722 WS.EKA.Portal.Controllers.AccountController.Login Info Sbool:true
2017-11-03 11:02:10.4722 WS.EKA.Portal.Helpers.CommonRequest.ApiWeiXinLogin Info 店铺：shopnum1_administrators
2017-11-03 11:02:10.5722 WS.EKA.Portal.Helpers.CommonRequest.ApiGetWeixinShopConfigList Info 接口[api/getWeixinShopConfigList/]返回值有误
2017-11-03 11:02:10.6353 WS.EKA.Portal.Controllers.AccountController.Login Info 进入微信登录
2017-11-03 11:02:10.6353 WS.EKA.Portal.Controllers.AccountController.Login Info MemLoginID:oyq49xIv4se1pT3xFCOTjMjQTyHQ
2017-11-03 11:02:10.6353 WS.EKA.Portal.Controllers.AccountController.Login Info AgentID:晴隆站
2017-11-03 11:02:10.6383 WS.EKA.Portal.Controllers.AccountController.Login Info Sbool:true
2017-11-03 11:02:10.6383 WS.EKA.Portal.Helpers.CommonRequest.ApiWeiXinLogin Info 店铺：shopnum1_administrators
2017-11-03 11:02:10.7354 WS.EKA.Portal.Helpers.CommonRequest.ApiGetWeixinShopConfigList Info 接口[api/getWeixinShopConfigList/]返回值有误
2017-11-03 11:02:10.8005 WS.EKA.Portal.Controllers.AccountController.Login Info 进入微信登录
2017-11-03 11:02:10.8005 WS.EKA.Portal.Controllers.AccountController.Login Info MemLoginID:oyq49xIv4se1pT3xFCOTjMjQTyHQ
2017-11-03 11:02:10.8005 WS.EKA.Portal.Controllers.AccountController.Login Info AgentID:晴隆站
2017-11-03 11:02:10.8005 WS.EKA.Portal.Controllers.AccountController.Login Info Sbool:true
2017-11-03 11:02:10.8005 WS.EKA.Portal.Helpers.CommonRequest.ApiWeiXinLogin Info 店铺：shopnum1_administrators
2017-11-03 11:02:10.8955 WS.EKA.Portal.Helpers.CommonRequest.ApiGetWeixinShopConfigList Info 接口[api/getWeixinShopConfigList/]返回值有误
2017-11-03 11:02:10.9656 WS.EKA.Portal.Controllers.AccountController.Login Info 进入微信登录
2017-11-03 11:02:10.9666 WS.EKA.Portal.Controllers.AccountController.Login Info MemLoginID:oyq49xIv4se1pT3xFCOTjMjQTyHQ
2017-11-03 11:02:10.9666 WS.EKA.Portal.Controllers.AccountController.Login Info AgentID:晴隆站
2017-11-03 11:02:10.9666 WS.EKA.Portal.Controllers.AccountController.Login Info Sbool:true
2017-11-03 11:02:10.9666 WS.EKA.Portal.Helpers.CommonRequest.ApiWeiXinLogin Info 店铺：shopnum1_administrators
2017-11-03 11:02:11.0737 WS.EKA.Portal.Helpers.CommonRequest.ApiGetWeixinShopConfigList Info 接口[api/getWeixinShopConfigList/]返回值有误
2017-11-03 11:02:11.1367 WS.EKA.Portal.Controllers.AccountController.Login Info 进入微信登录
2017-11-03 11:02:11.1367 WS.EKA.Portal.Controllers.AccountController.Login Info MemLoginID:oyq49xIv4se1pT3xFCOTjMjQTyHQ
2017-11-03 11:02:11.1387 WS.EKA.Portal.Controllers.AccountController.Login Info AgentID:晴隆站
2017-11-03 11:02:11.1387 WS.EKA.Portal.Controllers.AccountController.Login Info Sbool:true
2017-11-03 11:02:11.1387 WS.EKA.Portal.Helpers.CommonRequest.ApiWeiXinLogin Info 店铺：shopnum1_administrators
2017-11-03 11:02:11.2488 WS.EKA.Portal.Helpers.CommonRequest.ApiGetWeixinShopConfigList Info 接口[api/getWeixinShopConfigList/]返回值有误
2017-11-03 11:02:11.3139 WS.EKA.Portal.Controllers.AccountController.Login Info 进入微信登录
2017-11-03 11:02:11.3139 WS.EKA.Portal.Controllers.AccountController.Login Info MemLoginID:oyq49xIv4se1pT3xFCOTjMjQTyHQ
2017-11-03 11:02:11.3139 WS.EKA.Portal.Controllers.AccountController.Login Info AgentID:晴隆站
2017-11-03 11:02:11.3139 WS.EKA.Portal.Controllers.AccountController.Login Info Sbool:true
2017-11-03 11:02:11.3139 WS.EKA.Portal.Helpers.CommonRequest.ApiWeiXinLogin Info 店铺：shopnum1_administrators
2017-11-03 11:02:11.4180 WS.EKA.Portal.Helpers.CommonRequest.ApiGetWeixinShopConfigList Info 接口[api/getWeixinShopConfigList/]返回值有误
2017-11-03 13:58:45.1880 WS.EKA.Portal.Helpers.CommonRequest.ApiGetWeixinShopConfigList Info 接口[api/getWeixinShopConfigList/]返回值有误
2017-11-03 13:58:45.1880 WS.EKA.Portal.Helpers.CommonRequest.ApiGetWeixinShopConfigList Info 接口[api/getWeixinShopConfigList/]返回值有误
2017-11-03 22:00:12.8106 WS.EKA.Portal.Controllers.AccountController.Login Info 进入微信登录
2017-11-03 22:00:12.8437 WS.EKA.Portal.Controllers.AccountController.Login Info MemLoginID:oyq49xHVIShXZXnFQ7ixrnehLzBo
2017-11-03 22:00:12.8437 WS.EKA.Portal.Controllers.AccountController.Login Info AgentID:晴隆站
2017-11-03 22:00:12.8577 WS.EKA.Portal.Controllers.AccountController.Login Info Sbool:true
2017-11-03 22:00:18.2765 WS.EKA.Portal.Helpers.CommonRequest.ApiWeiXinLogin Info 店铺：shopnum1_administrators
2017-11-03 22:00:23.4132 WS.EKA.Portal.Helpers.CommonRequest.ApiGetWeixinShopConfigList Info 接口[api/getWeixinShopConfigList/]返回值有误
2017-11-03 22:04:35.8720 WS.EKA.Portal.Controllers.AccountController.Login Info 进入微信登录
2017-11-03 22:04:35.8730 WS.EKA.Portal.Controllers.AccountController.Login Info MemLoginID:oyq49xIv4se1pT3xFCOTjMjQTyHQ
2017-11-03 22:04:35.8730 WS.EKA.Portal.Controllers.AccountController.Login Info AgentID:晴隆站
2017-11-03 22:04:35.8730 WS.EKA.Portal.Controllers.AccountController.Login Info Sbool:true
2017-11-03 22:04:35.8890 WS.EKA.Portal.Helpers.CommonRequest.ApiWeiXinLogin Info 店铺：shopnum1_administrators
2017-11-03 22:04:36.1502 WS.EKA.Portal.Helpers.CommonRequest.ApiGetWeixinShopConfigList Info 接口[api/getWeixinShopConfigList/]返回值有误
2017-11-03 22:05:55.3656 WS.EKA.Portal.Controllers.AccountController.Login Info 进入微信登录
2017-11-03 22:05:55.3656 WS.EKA.Portal.Controllers.AccountController.Login Info MemLoginID:oyq49xHVIShXZXnFQ7ixrnehLzBo
2017-11-03 22:05:55.3656 WS.EKA.Portal.Controllers.AccountController.Login Info AgentID:晴隆站
2017-11-03 22:05:55.3656 WS.EKA.Portal.Controllers.AccountController.Login Info Sbool:true
2017-11-03 22:05:55.3767 WS.EKA.Portal.Helpers.CommonRequest.ApiWeiXinLogin Info 店铺：shopnum1_administrators
2017-11-03 22:05:55.6189 WS.EKA.Portal.Helpers.CommonRequest.ApiGetWeixinShopConfigList Info 接口[api/getWeixinShopConfigList/]返回值有误
2017-11-03 22:08:36.1047 WS.EKA.Portal.Controllers.AccountController.Login Info 进入微信登录
2017-11-03 22:08:36.1047 WS.EKA.Portal.Controllers.AccountController.Login Info MemLoginID:oyq49xI1EqvGwiSHI8wd_W9RY_Xo
2017-11-03 22:08:36.1077 WS.EKA.Portal.Controllers.AccountController.Login Info AgentID:晴隆站
2017-11-03 22:08:36.1077 WS.EKA.Portal.Controllers.AccountController.Login Info Sbool:true
2017-11-03 22:08:36.1077 WS.EKA.Portal.Helpers.CommonRequest.ApiWeiXinLogin Info 店铺：shopnum1_administrators
2017-11-03 22:08:36.4871 WS.EKA.Portal.Helpers.CommonRequest.ApiGetWeixinShopConfigList Info 接口[api/getWeixinShopConfigList/]返回值有误
2017-11-03 22:13:42.5711 WS.EKA.Portal.Controllers.AccountController.Login Info 进入微信登录
2017-11-03 22:13:42.5711 WS.EKA.Portal.Controllers.AccountController.Login Info MemLoginID:oyq49xHVIShXZXnFQ7ixrnehLzBo
2017-11-03 22:13:42.5711 WS.EKA.Portal.Controllers.AccountController.Login Info AgentID:晴隆站
2017-11-03 22:13:42.5711 WS.EKA.Portal.Controllers.AccountController.Login Info Sbool:true
2017-11-03 22:13:42.6102 WS.EKA.Portal.Helpers.CommonRequest.ApiWeiXinLogin Info 店铺：shopnum1_administrators
2017-11-03 22:13:42.8794 WS.EKA.Portal.Helpers.CommonRequest.ApiGetWeixinShopConfigList Info 接口[api/getWeixinShopConfigList/]返回值有误
2017-11-03 22:14:26.0063 WS.EKA.Portal.Controllers.AccountController.Login Info 进入微信登录
2017-11-03 22:14:26.0063 WS.EKA.Portal.Controllers.AccountController.Login Info MemLoginID:oyq49xN51PKYEASU0-gkFc6o9AoM
2017-11-03 22:14:26.0063 WS.EKA.Portal.Controllers.AccountController.Login Info AgentID:晴隆站
2017-11-03 22:14:26.0063 WS.EKA.Portal.Controllers.AccountController.Login Info Sbool:true
2017-11-03 22:14:26.0173 WS.EKA.Portal.Helpers.CommonRequest.ApiWeiXinLogin Info 店铺：shopnum1_administrators
2017-11-03 22:14:26.2725 WS.EKA.Portal.Helpers.CommonRequest.ApiGetWeixinShopConfigList Info 接口[api/getWeixinShopConfigList/]返回值有误
2017-11-03 22:16:00.0912 WS.EKA.Portal.Controllers.AccountController.Login Info 进入微信登录
2017-11-03 22:16:00.0932 WS.EKA.Portal.Controllers.AccountController.Login Info MemLoginID:oyq49xIv4se1pT3xFCOTjMjQTyHQ
2017-11-03 22:16:00.0932 WS.EKA.Portal.Controllers.AccountController.Login Info AgentID:晴隆站
2017-11-03 22:16:00.0932 WS.EKA.Portal.Controllers.AccountController.Login Info Sbool:true
2017-11-03 22:16:00.1202 WS.EKA.Portal.Helpers.CommonRequest.ApiWeiXinLogin Info 店铺：shopnum1_administrators
2017-11-03 22:16:00.3624 WS.EKA.Portal.Helpers.CommonRequest.ApiGetWeixinShopConfigList Info 接口[api/getWeixinShopConfigList/]返回值有误
2017-11-03 22:18:04.8568 WS.EKA.Portal.Helpers.CommonRequest.ApiGetWeixinShopConfigList Info 接口[api/getWeixinShopConfigList/]返回值有误
2017-11-03 22:21:15.0254 WS.EKA.Portal.Controllers.AccountController.Login Info 进入微信登录
2017-11-03 22:21:15.0254 WS.EKA.Portal.Controllers.AccountController.Login Info MemLoginID:oyq49xN51PKYEASU0-gkFc6o9AoM
2017-11-03 22:21:15.0254 WS.EKA.Portal.Controllers.AccountController.Login Info AgentID:晴隆站
2017-11-03 22:21:15.0294 WS.EKA.Portal.Controllers.AccountController.Login Info Sbool:true
2017-11-03 22:21:15.0294 WS.EKA.Portal.Helpers.CommonRequest.ApiWeiXinLogin Info 店铺：shopnum1_administrators
2017-11-03 22:21:15.3606 WS.EKA.Portal.Helpers.CommonRequest.ApiGetWeixinShopConfigList Info 接口[api/getWeixinShopConfigList/]返回值有误
2017-11-03 22:21:28.5696 WS.EKA.Portal.Controllers.AccountController.Login Info 进入微信登录
2017-11-03 22:21:28.5696 WS.EKA.Portal.Controllers.AccountController.Login Info MemLoginID:oyq49xN51PKYEASU0-gkFc6o9AoM
2017-11-03 22:21:28.5696 WS.EKA.Portal.Controllers.AccountController.Login Info AgentID:晴隆站
2017-11-03 22:21:28.5696 WS.EKA.Portal.Controllers.AccountController.Login Info Sbool:true
2017-11-03 22:21:28.5796 WS.EKA.Portal.Helpers.CommonRequest.ApiWeiXinLogin Info 店铺：shopnum1_administrators
2017-11-03 22:21:28.7987 WS.EKA.Portal.Helpers.CommonRequest.ApiGetWeixinShopConfigList Info 接口[api/getWeixinShopConfigList/]返回值有误
2017-11-03 22:21:33.4430 WS.EKA.Portal.Controllers.AccountController.Login Info 进入微信登录
2017-11-03 22:21:33.4430 WS.EKA.Portal.Controllers.AccountController.Login Info MemLoginID:oyq49xN51PKYEASU0-gkFc6o9AoM
2017-11-03 22:21:33.4430 WS.EKA.Portal.Controllers.AccountController.Login Info AgentID:晴隆站
2017-11-03 22:21:33.4430 WS.EKA.Portal.Controllers.AccountController.Login Info Sbool:true
2017-11-03 22:21:33.4519 WS.EKA.Portal.Helpers.CommonRequest.ApiWeiXinLogin Info 店铺：shopnum1_administrators
2017-11-03 22:21:33.6421 WS.EKA.Portal.Helpers.CommonRequest.ApiGetWeixinShopConfigList Info 接口[api/getWeixinShopConfigList/]返回值有误
2017-11-03 22:21:38.5725 WS.EKA.Portal.Controllers.AccountController.Login Info 进入微信登录
2017-11-03 22:21:38.5725 WS.EKA.Portal.Controllers.AccountController.Login Info MemLoginID:oyq49xN51PKYEASU0-gkFc6o9AoM
2017-11-03 22:21:38.5725 WS.EKA.Portal.Controllers.AccountController.Login Info AgentID:晴隆站
2017-11-03 22:21:38.5766 WS.EKA.Portal.Controllers.AccountController.Login Info Sbool:true
2017-11-03 22:21:38.5766 WS.EKA.Portal.Helpers.CommonRequest.ApiWeiXinLogin Info 店铺：shopnum1_administrators
2017-11-03 22:21:38.7337 WS.EKA.Portal.Helpers.CommonRequest.ApiGetWeixinShopConfigList Info 接口[api/getWeixinShopConfigList/]返回值有误
2017-11-03 22:27:33.5108 WS.EKA.Portal.Controllers.AccountController.Login Info 进入微信登录
2017-11-03 22:27:33.5108 WS.EKA.Portal.Controllers.AccountController.Login Info MemLoginID:oyq49xN51PKYEASU0-gkFc6o9AoM
2017-11-03 22:27:33.5137 WS.EKA.Portal.Controllers.AccountController.Login Info AgentID:晴隆站
2017-11-03 22:27:33.5137 WS.EKA.Portal.Controllers.AccountController.Login Info Sbool:true
2017-11-03 22:27:33.5137 WS.EKA.Portal.Helpers.CommonRequest.ApiWeiXinLogin Info 店铺：shopnum1_administrators
2017-11-03 22:27:33.8411 WS.EKA.Portal.Helpers.CommonRequest.ApiGetWeixinShopConfigList Info 接口[api/getWeixinShopConfigList/]返回值有误
2017-11-03 22:27:54.2875 WS.EKA.Portal.Helpers.CommonRequest.ApiCheckMemLoginIDIsBind Error 接口异常：Newtonsoft.Json.JsonReaderException: Unexpected character encountered while parsing value: 远. Path '', line 0, position 0.
   在 Newtonsoft.Json.JsonTextReader.ParseValue()
   在 Newtonsoft.Json.JsonTextReader.ReadInternal()
   在 Newtonsoft.Json.JsonTextReader.Read()
   在 Newtonsoft.Json.Serialization.JsonSerializerInternalReader.ReadForType(JsonReader reader, JsonContract contract, Boolean hasConverter)
   在 Newtonsoft.Json.Serialization.JsonSerializerInternalReader.Deserialize(JsonReader reader, Type objectType, Boolean checkAdditionalContent)
   在 Newtonsoft.Json.JsonSerializer.DeserializeInternal(JsonReader reader, Type objectType)
   在 Newtonsoft.Json.JsonConvert.DeserializeObject(String value, Type type, JsonSerializerSettings settings)
   在 Newtonsoft.Json.JsonConvert.DeserializeObject[T](String value, JsonSerializerSettings settings)
   在 WS.EKA.Portal.Helpers.CommonRequest.ApiCheckMemLoginIDIsBind(String memLoginID) 位置 C:\Users\Administrator\Desktop\分销门户微信商城程序多人打开\分销商\WS.EKA.Portal\Helpers\CommonRequest.cs:行号 156
2017-11-03 22:27:54.3345 <no type>.CallSite.Target Info 微信OpenID:
2017-11-03 22:30:55.2648 WS.EKA.Portal.Controllers.AccountController.Login Info 进入微信登录
2017-11-03 22:30:55.2648 WS.EKA.Portal.Controllers.AccountController.Login Info MemLoginID:oyq49xN51PKYEASU0-gkFc6o9AoM
2017-11-03 22:30:55.2648 WS.EKA.Portal.Controllers.AccountController.Login Info AgentID:晴隆站
2017-11-03 22:30:55.2648 WS.EKA.Portal.Controllers.AccountController.Login Info Sbool:true
2017-11-03 22:30:55.2648 WS.EKA.Portal.Helpers.CommonRequest.ApiWeiXinLogin Info 店铺：shopnum1_administrators
2017-11-03 22:30:55.6591 WS.EKA.Portal.Helpers.CommonRequest.ApiGetWeixinShopConfigList Info 接口[api/getWeixinShopConfigList/]返回值有误
2017-11-03 22:30:59.9510 WS.EKA.Portal.Helpers.CommonRequest.ApiGetWeixinShopConfigList Info 接口[api/getWeixinShopConfigList/]返回值有误
2017-11-03 22:31:05.3398 WS.EKA.Portal.Helpers.CommonRequest.ApiGetWeixinShopConfigList Info 接口[api/getWeixinShopConfigList/]返回值有误
2017-11-03 22:31:08.0163 WS.EKA.Portal.Helpers.CommonRequest.ApiGetWeixinShopConfigList Info 接口[api/getWeixinShopConfigList/]返回值有误
2017-11-03 22:31:38.8841 WS.EKA.Portal.Helpers.CommonRequest.ApiGetWeixinShopConfigList Info 接口[api/getWeixinShopConfigList/]返回值有误
2017-11-03 22:37:03.1338 WS.EKA.Portal.Controllers.AccountController.Login Info 进入微信登录
2017-11-03 22:37:03.1338 WS.EKA.Portal.Controllers.AccountController.Login Info MemLoginID:oyq49xN51PKYEASU0-gkFc6o9AoM
2017-11-03 22:37:03.1338 WS.EKA.Portal.Controllers.AccountController.Login Info AgentID:晴隆站
2017-11-03 22:37:03.1338 WS.EKA.Portal.Controllers.AccountController.Login Info Sbool:true
2017-11-03 22:37:03.1493 WS.EKA.Portal.Helpers.CommonRequest.ApiWeiXinLogin Info 店铺：shopnum1_administrators
2017-11-03 22:37:03.4931 WS.EKA.Portal.Helpers.CommonRequest.ApiGetWeixinShopConfigList Info 接口[api/getWeixinShopConfigList/]返回值有误
2017-11-03 22:37:52.2160 WS.EKA.Portal.Controllers.AccountController.Login Info 进入微信登录
2017-11-03 22:37:52.2160 WS.EKA.Portal.Controllers.AccountController.Login Info MemLoginID:oyq49xN51PKYEASU0-gkFc6o9AoM
2017-11-03 22:37:52.2160 WS.EKA.Portal.Controllers.AccountController.Login Info AgentID:晴隆站
2017-11-03 22:37:52.2160 WS.EKA.Portal.Controllers.AccountController.Login Info Sbool:true
2017-11-03 22:37:52.2160 WS.EKA.Portal.Helpers.CommonRequest.ApiWeiXinLogin Info 店铺：shopnum1_administrators
2017-11-03 22:37:52.4349 WS.EKA.Portal.Helpers.CommonRequest.ApiGetWeixinShopConfigList Info 接口[api/getWeixinShopConfigList/]返回值有误
2017-11-03 22:37:58.3131 WS.EKA.Portal.Helpers.CommonRequest.ApiGetWeixinShopConfigList Info 接口[api/getWeixinShopConfigList/]返回值有误
2017-11-03 22:38:51.6459 WS.EKA.Portal.Helpers.CommonRequest.ApiGetWeixinShopConfigList Info 接口[api/getWeixinShopConfigList/]返回值有误
2017-11-03 22:42:21.1668 WS.EKA.Portal.Helpers.CommonRequest.ApiGetWeixinShopConfigList Info 接口[api/getWeixinShopConfigList/]返回值有误
2017-11-03 22:47:12.4955 WS.EKA.Portal.Controllers.AccountController.Login Info 进入微信登录
2017-11-03 22:47:12.4955 WS.EKA.Portal.Controllers.AccountController.Login Info MemLoginID:oyq49xN51PKYEASU0-gkFc6o9AoM
2017-11-03 22:47:12.4955 WS.EKA.Portal.Controllers.AccountController.Login Info AgentID:晴隆站
2017-11-03 22:47:12.4955 WS.EKA.Portal.Controllers.AccountController.Login Info Sbool:true
2017-11-03 22:47:12.5267 WS.EKA.Portal.Helpers.CommonRequest.ApiWeiXinLogin Info 店铺：shopnum1_administrators
2017-11-03 22:47:12.9330 WS.EKA.Portal.Helpers.CommonRequest.ApiGetWeixinShopConfigList Info 接口[api/getWeixinShopConfigList/]返回值有误
2017-11-03 22:47:23.1994 WS.EKA.Portal.Controllers.AccountController.Login Info 进入微信登录
2017-11-03 22:47:23.1994 WS.EKA.Portal.Controllers.AccountController.Login Info MemLoginID:oyq49xN51PKYEASU0-gkFc6o9AoM
2017-11-03 22:47:23.1994 WS.EKA.Portal.Controllers.AccountController.Login Info AgentID:晴隆站
2017-11-03 22:47:23.1994 WS.EKA.Portal.Controllers.AccountController.Login Info Sbool:true
2017-11-03 22:47:23.1994 WS.EKA.Portal.Helpers.CommonRequest.ApiWeiXinLogin Info 店铺：shopnum1_administrators
2017-11-03 22:47:23.6213 WS.EKA.Portal.Helpers.CommonRequest.ApiGetWeixinShopConfigList Info 接口[api/getWeixinShopConfigList/]返回值有误
2017-11-03 22:48:07.8632 WS.EKA.Portal.Helpers.CommonRequest.ApiGetWeixinShopConfigList Info 接口[api/getWeixinShopConfigList/]返回值有误
2017-11-03 22:48:11.1447 WS.EKA.Portal.Controllers.AccountController.Login Info 进入微信登录
2017-11-03 22:48:11.1447 WS.EKA.Portal.Controllers.AccountController.Login Info MemLoginID:oyq49xN51PKYEASU0-gkFc6o9AoM
2017-11-03 22:48:11.1447 WS.EKA.Portal.Controllers.AccountController.Login Info AgentID:晴隆站
2017-11-03 22:48:11.1447 WS.EKA.Portal.Controllers.AccountController.Login Info Sbool:true
2017-11-03 22:48:11.1447 WS.EKA.Portal.Helpers.CommonRequest.ApiWeiXinLogin Info 店铺：shopnum1_administrators
2017-11-03 22:48:11.5248 WS.EKA.Portal.Helpers.CommonRequest.ApiGetWeixinShopConfigList Info 接口[api/getWeixinShopConfigList/]返回值有误
