2017-12-10 01:08:36.8771 WS.EKA.Portal.Helpers.CommonRequest.ApiGetWeixinShopConfigList Info 接口[api/getWeixinShopConfigList/]返回值有误
2017-12-10 10:41:35.5140 WS.EKA.Portal.Helpers.CommonRequest.ApiGetWeixinShopConfigList Info 接口[api/getWeixinShopConfigList/]返回值有误
2017-12-10 10:42:17.7701 WS.EKA.Portal.Helpers.CommonRequest.ApiCheckMemLoginIDIsBind Error 接口异常：Newtonsoft.Json.JsonReaderException: Unexpected character encountered while parsing value: 远. Path '', line 0, position 0.
   在 Newtonsoft.Json.JsonTextReader.ParseValue()
   在 Newtonsoft.Json.JsonTextReader.ReadInternal()
   在 Newtonsoft.Json.JsonTextReader.Read()
   在 Newtonsoft.Json.Serialization.JsonSerializerInternalReader.ReadForType(JsonReader reader, JsonContract contract, Boolean hasConverter)
   在 Newtonsoft.Json.Serialization.JsonSerializerInternalReader.Deserialize(JsonReader reader, Type objectType, Boolean checkAdditionalContent)
   在 Newtonsoft.Json.JsonSerializer.DeserializeInternal(JsonReader reader, Type objectType)
   在 Newtonsoft.Json.JsonConvert.DeserializeObject(String value, Type type, JsonSerializerSettings settings)
   在 Newtonsoft.Json.JsonConvert.DeserializeObject[T](String value, JsonSerializerSettings settings)
   在 Newtonsoft.Json.JsonConvert.DeserializeObject[T](String value)
   在 Newtonsoft.Json.JsonConvert.DeserializeAnonymousType[T](String value, T anonymousTypeObject)
   在 WS.EKA.Portal.Helpers.CommonRequest.ApiCheckMemLoginIDIsBind(String memLoginID) 位置 E:\web\门户微信商城811\分销商\WS.EKA.Portal\Helpers\CommonRequest.cs:行号 156
2017-12-10 10:42:17.8151 <no type>.CallSite.Target Info 微信OpenID:
2017-12-10 10:51:24.1075 WS.EKA.Portal.Helpers.CommonRequest.ApiGetWeixinShopConfigList Info 接口[api/getWeixinShopConfigList/]返回值有误
2017-12-10 10:53:58.1323 WS.EKA.Portal.Helpers.CommonRequest.ApiGetWeixinShopConfigList Info 接口[api/getWeixinShopConfigList/]返回值有误
2017-12-10 10:55:43.2120 WS.EKA.Portal.Helpers.CommonRequest.ApiGetWeixinShopConfigList Info 接口[api/getWeixinShopConfigList/]返回值有误
2017-12-10 10:57:03.7536 WS.EKA.Portal.Helpers.CommonRequest.ApiGetWeixinShopConfigList Info 接口[api/getWeixinShopConfigList/]返回值有误
2017-12-10 11:03:04.8781 WS.EKA.Portal.Helpers.CommonRequest.ApiGetWeixinShopConfigList Info 接口[api/getWeixinShopConfigList/]返回值有误
2017-12-10 11:03:52.8813 WS.EKA.Portal.Controllers.AccountController.Login Info 进入微信登录
2017-12-10 11:03:52.9033 WS.EKA.Portal.Controllers.AccountController.Login Info MemLoginID:oyq49xElZBQCipA8XMZEaOYXHuWM
2017-12-10 11:03:52.9033 WS.EKA.Portal.Controllers.AccountController.Login Info AgentID:晴隆站
2017-12-10 11:03:52.9033 WS.EKA.Portal.Controllers.AccountController.Login Info Sbool:true
2017-12-10 11:03:53.0455 WS.EKA.Portal.Helpers.CommonRequest.ApiWeiXinLogin Info 店铺：shopnum1_administrators
2017-12-10 11:03:53.2016 WS.EKA.Portal.Helpers.CommonRequest.ApiGetWeixinShopConfigList Info 接口[api/getWeixinShopConfigList/]返回值有误
2017-12-10 11:13:28.7123 WS.EKA.Portal.Helpers.CommonRequest.ApiGetWeixinShopConfigList Info 接口[api/getWeixinShopConfigList/]返回值有误
2017-12-10 11:17:51.7484 WS.EKA.Portal.Helpers.CommonRequest.ApiGetWeixinShopConfigList Info 接口[api/getWeixinShopConfigList/]返回值有误
2017-12-10 11:22:49.8040 WS.EKA.Portal.Helpers.CommonRequest.ApiGetWeixinShopConfigList Info 接口[api/getWeixinShopConfigList/]返回值有误
2017-12-10 11:23:05.0347 WS.EKA.Portal.Helpers.CommonRequest.ApiGetWeixinShopConfigList Info 接口[api/getWeixinShopConfigList/]返回值有误
2017-12-10 11:46:35.9674 WS.EKA.Portal.Helpers.CommonRequest.ApiGetWeixinShopConfigList Info 接口[api/getWeixinShopConfigList/]返回值有误
2017-12-10 12:35:33.4709 WS.EKA.Portal.Helpers.CommonRequest.ApiGetWeixinShopConfigList Info 接口[api/getWeixinShopConfigList/]返回值有误
2017-12-10 12:35:33.4709 WS.EKA.Portal.Helpers.CommonRequest.ApiGetWeixinShopConfigList Info 接口[api/getWeixinShopConfigList/]返回值有误
2017-12-10 12:35:42.7693 WS.EKA.Portal.Helpers.CommonRequest.ApiGetWeixinShopConfigList Info 接口[api/getWeixinShopConfigList/]返回值有误
2017-12-10 12:35:54.2446 WS.EKA.Portal.Helpers.CommonRequest.ApiGetWeixinShopConfigList Info 接口[api/getWeixinShopConfigList/]返回值有误
2017-12-10 12:36:07.1543 WS.EKA.Portal.Helpers.CommonRequest.ApiGetWeixinShopConfigList Info 接口[api/getWeixinShopConfigList/]返回值有误
2017-12-10 12:39:22.4433 WS.EKA.Portal.Helpers.CommonRequest.ApiGetWeixinShopConfigList Info 接口[api/getWeixinShopConfigList/]返回值有误
2017-12-10 12:39:28.7329 WS.EKA.Portal.Helpers.CommonRequest.ApiGetWeixinShopConfigList Info 接口[api/getWeixinShopConfigList/]返回值有误
2017-12-10 12:39:43.0629 WS.EKA.Portal.Helpers.CommonRequest.ApiGetWeixinShopConfigList Info 接口[api/getWeixinShopConfigList/]返回值有误
2017-12-10 12:39:45.0517 WS.EKA.Portal.Helpers.CommonRequest.ApiGetWeixinShopConfigList Info 接口[api/getWeixinShopConfigList/]返回值有误
2017-12-10 12:39:48.8441 WS.EKA.Portal.Helpers.CommonRequest.ApiGetWeixinShopConfigList Info 接口[api/getWeixinShopConfigList/]返回值有误
2017-12-10 12:39:55.0306 WS.EKA.Portal.Helpers.CommonRequest.ApiGetWeixinShopConfigList Info 接口[api/getWeixinShopConfigList/]返回值有误
2017-12-10 19:00:35.5774 WS.EKA.Portal.Controllers.AccountController.Login Info 进入微信登录
2017-12-10 19:00:35.6155 WS.EKA.Portal.Controllers.AccountController.Login Info MemLoginID:oyq49xCp4B2EEKwIOelkHEKTVq6Q
2017-12-10 19:00:35.6155 WS.EKA.Portal.Controllers.AccountController.Login Info AgentID:晴隆站
2017-12-10 19:00:35.6155 WS.EKA.Portal.Controllers.AccountController.Login Info Sbool:true
2017-12-10 19:00:40.8191 WS.EKA.Portal.Helpers.CommonRequest.ApiWeiXinLogin Info 店铺：shopnum1_administrators
2017-12-10 19:00:43.0842 WS.EKA.Portal.Helpers.CommonRequest.ApiGetWeixinShopConfigList Info 接口[api/getWeixinShopConfigList/]返回值有误
2017-12-10 19:00:43.2814 WS.EKA.Portal.Helpers.CommonRequest.ApiGetWeixinShopConfigList Info 接口[api/getWeixinShopConfigList/]返回值有误
2017-12-10 19:00:43.4345 WS.EKA.Portal.Helpers.CommonRequest.ApiGetWeixinShopConfigList Info 接口[api/getWeixinShopConfigList/]返回值有误
2017-12-10 19:01:02.7589 WS.EKA.Portal.Helpers.CommonRequest.ApiGetWeixinShopConfigList Info 接口[api/getWeixinShopConfigList/]返回值有误
2017-12-10 19:01:27.5673 WS.EKA.Portal.Helpers.CommonRequest.ApiGetWeixinShopConfigList Info 接口[api/getWeixinShopConfigList/]返回值有误
2017-12-10 19:21:04.5861 WS.EKA.Portal.Helpers.CommonRequest.ApiGetWeixinShopConfigList Info 接口[api/getWeixinShopConfigList/]返回值有误
2017-12-10 20:44:17.3770 WS.EKA.Portal.Helpers.CommonRequest.ApiGetWeixinShopConfigList Info 接口[api/getWeixinShopConfigList/]返回值有误
2017-12-10 20:44:17.3770 WS.EKA.Portal.Helpers.CommonRequest.ApiGetWeixinShopConfigList Info 接口[api/getWeixinShopConfigList/]返回值有误
2017-12-10 20:44:19.5850 WS.EKA.Portal.Helpers.CommonRequest.ApiGetWeixinShopConfigList Info 接口[api/getWeixinShopConfigList/]返回值有误
2017-12-10 20:44:27.9946 WS.EKA.Portal.Helpers.CommonRequest.ApiGetWeixinShopConfigList Info 接口[api/getWeixinShopConfigList/]返回值有误
