2018-04-23 06:06:20.3053 WS.EKA.Portal.Helpers.CommonRequest.ApiGetWeixinShopConfigList Info 接口[api/getWeixinShopConfigList/]返回值有误
2018-04-23 06:07:33.6960 WS.EKA.Portal.Helpers.CommonRequest.ApiGetWeixinShopConfigList Info 接口[api/getWeixinShopConfigList/]返回值有误
2018-04-23 09:37:53.3932 WS.EKA.Portal.Helpers.CommonRequest.ApiGetProductListByType Info 接口[api/product2/type/]返回值有误
2018-04-23 09:37:53.3932 WS.EKA.Portal.Helpers.CommonRequest.ApiGetProductListByType Info 接口[api/product2/type/]返回值有误
2018-04-23 09:37:53.3932 WS.EKA.Portal.Helpers.CommonRequest.ApiGetProductListByType Info 接口[api/product2/type/]返回值有误
2018-04-23 09:37:53.3932 WS.EKA.Portal.Helpers.CommonRequest.ApiGetProductListByType Info 接口[api/product2/type/]返回值有误
2018-04-23 09:38:26.0707 WS.EKA.Portal.Helpers.CommonRequest.ApiGetWeixinShopConfigList Info 接口[api/getWeixinShopConfigList/]返回值有误
2018-04-23 09:39:12.4236 WS.EKA.Portal.Helpers.CommonRequest.ApiMyScoreDetail Debug 接口[api/getscoremodifylog/]返回值有误
2018-04-23 09:39:17.7553 WS.EKA.Portal.Helpers.CommonRequest.ApiProductCatagory Error 接口[api/productcatagory/]异常：Newtonsoft.Json.JsonReaderException: Unexpected character encountered while parsing value: 操. Path '', line 0, position 0.
   在 Newtonsoft.Json.JsonTextReader.ParseValue()
   在 Newtonsoft.Json.JsonTextReader.ReadInternal()
   在 Newtonsoft.Json.JsonTextReader.Read()
   在 Newtonsoft.Json.Serialization.JsonSerializerInternalReader.ReadForType(JsonReader reader, JsonContract contract, Boolean hasConverter)
   在 Newtonsoft.Json.Serialization.JsonSerializerInternalReader.Deserialize(JsonReader reader, Type objectType, Boolean checkAdditionalContent)
   在 Newtonsoft.Json.JsonSerializer.DeserializeInternal(JsonReader reader, Type objectType)
   在 Newtonsoft.Json.JsonConvert.DeserializeObject(String value, Type type, JsonSerializerSettings settings)
   在 Newtonsoft.Json.JsonConvert.DeserializeObject[T](String value, JsonSerializerSettings settings)
   在 Newtonsoft.Json.JsonConvert.DeserializeObject[T](String value)
   在 WS.EKA.Portal.Helpers.CommonRequest.ApiProductCatagory(Int32 id, String agentID, Boolean sbool) 位置 E:\microweb\WS.EKA.Portal\Helpers\CommonRequest.cs:行号 2657
2018-04-23 09:39:33.9790 WS.EKA.Portal.Helpers.CommonRequest.GetAnnouncementList Error 接口[api/GetAnnouncementList/]异常：Newtonsoft.Json.JsonReaderException: Unexpected character encountered while parsing value: 操. Path '', line 0, position 0.
   在 Newtonsoft.Json.JsonTextReader.ParseValue()
   在 Newtonsoft.Json.JsonTextReader.ReadInternal()
   在 Newtonsoft.Json.JsonTextReader.Read()
   在 Newtonsoft.Json.Serialization.JsonSerializerInternalReader.ReadForType(JsonReader reader, JsonContract contract, Boolean hasConverter)
   在 Newtonsoft.Json.Serialization.JsonSerializerInternalReader.Deserialize(JsonReader reader, Type objectType, Boolean checkAdditionalContent)
   在 Newtonsoft.Json.JsonSerializer.DeserializeInternal(JsonReader reader, Type objectType)
   在 Newtonsoft.Json.JsonConvert.DeserializeObject(String value, Type type, JsonSerializerSettings settings)
   在 Newtonsoft.Json.JsonConvert.DeserializeObject[T](String value, JsonSerializerSettings settings)
   在 Newtonsoft.Json.JsonConvert.DeserializeObject[T](String value)
   在 WS.EKA.Portal.Helpers.CommonRequest.GetAnnouncementList(String AgentID) 位置 E:\microweb\WS.EKA.Portal\Helpers\CommonRequest.cs:行号 2607
2018-04-23 09:39:33.9790 WS.EKA.Portal.Helpers.CommonRequest.ApiAccountGet Error 接口[api/accountget/]异常：Newtonsoft.Json.JsonReaderException: Unexpected character encountered while parsing value: 操. Path '', line 0, position 0.
   在 Newtonsoft.Json.JsonTextReader.ParseValue()
   在 Newtonsoft.Json.JsonTextReader.ReadInternal()
   在 Newtonsoft.Json.JsonTextReader.Read()
   在 Newtonsoft.Json.Serialization.JsonSerializerInternalReader.ReadForType(JsonReader reader, JsonContract contract, Boolean hasConverter)
   在 Newtonsoft.Json.Serialization.JsonSerializerInternalReader.Deserialize(JsonReader reader, Type objectType, Boolean checkAdditionalContent)
   在 Newtonsoft.Json.JsonSerializer.DeserializeInternal(JsonReader reader, Type objectType)
   在 Newtonsoft.Json.JsonConvert.DeserializeObject(String value, Type type, JsonSerializerSettings settings)
   在 Newtonsoft.Json.JsonConvert.DeserializeObject[T](String value, JsonSerializerSettings settings)
   在 Newtonsoft.Json.JsonConvert.DeserializeObject[T](String value)
   在 Newtonsoft.Json.JsonConvert.DeserializeAnonymousType[T](String value, T anonymousTypeObject)
   在 WS.EKA.Portal.Helpers.CommonRequest.ApiAccountGet(String memLoginID) 位置 E:\microweb\WS.EKA.Portal\Helpers\CommonRequest.cs:行号 36
2018-04-23 09:39:33.9790 WS.EKA.Portal.Helpers.CommonRequest.GetDefaultADList Error 接口[api/GetDefaultAd/]异常：Newtonsoft.Json.JsonReaderException: Unexpected character encountered while parsing value: 操. Path '', line 0, position 0.
   在 Newtonsoft.Json.JsonTextReader.ParseValue()
   在 Newtonsoft.Json.JsonTextReader.ReadInternal()
   在 Newtonsoft.Json.JsonTextReader.Read()
   在 Newtonsoft.Json.Serialization.JsonSerializerInternalReader.ReadForType(JsonReader reader, JsonContract contract, Boolean hasConverter)
   在 Newtonsoft.Json.Serialization.JsonSerializerInternalReader.Deserialize(JsonReader reader, Type objectType, Boolean checkAdditionalContent)
   在 Newtonsoft.Json.JsonSerializer.DeserializeInternal(JsonReader reader, Type objectType)
   在 Newtonsoft.Json.JsonConvert.DeserializeObject(String value, Type type, JsonSerializerSettings settings)
   在 Newtonsoft.Json.JsonConvert.DeserializeObject[T](String value, JsonSerializerSettings settings)
   在 Newtonsoft.Json.JsonConvert.DeserializeObject[T](String value)
   在 WS.EKA.Portal.Helpers.CommonRequest.GetDefaultADList(Int32 banerPostion, Int32 W_Type, String shopID) 位置 E:\microweb\WS.EKA.Portal\Helpers\CommonRequest.cs:行号 4392
2018-04-23 09:39:33.9790 WS.EKA.Portal.Helpers.CommonRequest.ApiFaHuoAndShouHuoCount Error 接口[api/GetOrderCount/]异常：Newtonsoft.Json.JsonReaderException: Unexpected character encountered while parsing value: 操. Path '', line 0, position 0.
   在 Newtonsoft.Json.JsonTextReader.ParseValue()
   在 Newtonsoft.Json.JsonTextReader.ReadInternal()
   在 Newtonsoft.Json.JsonTextReader.Read()
   在 Newtonsoft.Json.Serialization.JsonSerializerInternalReader.ReadForType(JsonReader reader, JsonContract contract, Boolean hasConverter)
   在 Newtonsoft.Json.Serialization.JsonSerializerInternalReader.Deserialize(JsonReader reader, Type objectType, Boolean checkAdditionalContent)
   在 Newtonsoft.Json.JsonSerializer.DeserializeInternal(JsonReader reader, Type objectType)
   在 Newtonsoft.Json.JsonConvert.DeserializeObject(String value, Type type, JsonSerializerSettings settings)
   在 Newtonsoft.Json.JsonConvert.DeserializeObject[T](String value, JsonSerializerSettings settings)
   在 Newtonsoft.Json.JsonConvert.DeserializeObject[T](String value)
   在 Newtonsoft.Json.JsonConvert.DeserializeAnonymousType[T](String value, T anonymousTypeObject)
   在 WS.EKA.Portal.Helpers.CommonRequest.ApiFaHuoAndShouHuoCount(String memLoginID, String agentID) 位置 E:\microweb\WS.EKA.Portal\Helpers\CommonRequest.cs:行号 2127
