2018-01-03 12:44:35.6954 WS.EKA.Portal.Helpers.CommonRequest.ApiGetWeixinShopConfigList Info 接口[api/getWeixinShopConfigList/]返回值有误
2018-01-03 12:44:57.2334 WS.EKA.Portal.Helpers.CommonRequest.ApiCheckMemLoginIDIsBind Error 接口异常：Newtonsoft.Json.JsonReaderException: Unexpected character encountered while parsing value: 远. Path '', line 0, position 0.
   在 Newtonsoft.Json.JsonTextReader.ParseValue()
   在 Newtonsoft.Json.JsonTextReader.ReadInternal()
   在 Newtonsoft.Json.JsonTextReader.Read()
   在 Newtonsoft.Json.Serialization.JsonSerializerInternalReader.ReadForType(JsonReader reader, JsonContract contract, Boolean hasConverter)
   在 Newtonsoft.Json.Serialization.JsonSerializerInternalReader.Deserialize(JsonReader reader, Type objectType, Boolean checkAdditionalContent)
   在 Newtonsoft.Json.JsonSerializer.DeserializeInternal(JsonReader reader, Type objectType)
   在 Newtonsoft.Json.JsonConvert.DeserializeObject(String value, Type type, JsonSerializerSettings settings)
   在 Newtonsoft.Json.JsonConvert.DeserializeObject[T](String value, JsonSerializerSettings settings)
   在 Newtonsoft.Json.JsonConvert.DeserializeObject[T](String value)
   在 Newtonsoft.Json.JsonConvert.DeserializeAnonymousType[T](String value, T anonymousTypeObject)
   在 WS.EKA.Portal.Helpers.CommonRequest.ApiCheckMemLoginIDIsBind(String memLoginID) 位置 F:\学习资料\分销商\分销商\WS.EKA.Portal\Helpers\CommonRequest.cs:行号 156
2018-01-03 12:44:57.2864 <no type>.CallSite.Target Info 微信OpenID:
2018-01-03 12:59:02.9064 WS.EKA.Portal.Helpers.CommonRequest.ApiGetWeixinShopConfigList Info 接口[api/getWeixinShopConfigList/]返回值有误
2018-01-03 18:39:56.8274 WS.EKA.Portal.Helpers.CommonRequest.ApiGetWeixinShopConfigList Info 接口[api/getWeixinShopConfigList/]返回值有误
2018-01-03 18:42:00.8824 WS.EKA.Portal.Helpers.CommonRequest.ApiGetWeixinShopConfigList Info 接口[api/getWeixinShopConfigList/]返回值有误
2018-01-03 18:42:04.8124 WS.EKA.Portal.Helpers.CommonRequest.ApiGetWeixinShopConfigList Info 接口[api/getWeixinShopConfigList/]返回值有误
2018-01-03 18:42:07.3254 WS.EKA.Portal.Helpers.CommonRequest.ApiGetWeixinShopConfigList Info 接口[api/getWeixinShopConfigList/]返回值有误
2018-01-03 18:42:08.7724 WS.EKA.Portal.Helpers.CommonRequest.ApiGetWeixinShopConfigList Info 接口[api/getWeixinShopConfigList/]返回值有误
2018-01-03 19:53:50.8934 WS.EKA.Portal.Helpers.CommonRequest.ApiGetWeixinShopConfigList Info 接口[api/getWeixinShopConfigList/]返回值有误
2018-01-03 19:55:32.4234 WS.EKA.Portal.Helpers.CommonRequest.ApiGetWeixinShopConfigList Info 接口[api/getWeixinShopConfigList/]返回值有误
2018-01-03 19:55:38.0084 WS.EKA.Portal.Helpers.CommonRequest.ApiGetWeixinShopConfigList Info 接口[api/getWeixinShopConfigList/]返回值有误
2018-01-03 20:03:46.3644 WS.EKA.Portal.Helpers.CommonRequest.ApiGetWeixinShopConfigList Info 接口[api/getWeixinShopConfigList/]返回值有误
